#
# There is insufficient memory for the Java Runtime Environment to continue.
# Native memory allocation (mmap) failed to map 65536 bytes for Failed to commit metaspace.
# Possible reasons:
#   The system is out of physical RAM or swap space
#   The process is running with CompressedOops enabled, and the Java Heap may be blocking the growth of the native heap
# Possible solutions:
#   Reduce memory load on the system
#   Increase physical memory or swap space
#   Check if swap backing store is full
#   Decrease Java heap size (-Xmx/-Xms)
#   Decrease number of Java threads
#   Decrease Java thread stack sizes (-Xss)
#   Set larger code cache with -XX:ReservedCodeCacheSize=
#   JVM is running with Unscaled Compressed Oops mode in which the Java heap is
#     placed in the first 4GB address space. The Java Heap base address is the
#     maximum limit for the native heap growth. Please use -XX:HeapBaseMinAddress
#     to set the Java Heap base and to place the Java Heap above 4GB virtual address.
# This output file may be truncated or incomplete.
#
#  Out of Memory Error (virtualSpaceNode.cpp:110), pid=6324, tid=28428
#
# JRE version: OpenJDK Runtime Environment Temurin-17.0.9+9 (17.0.9+9) (build 17.0.9+9)
# Java VM: OpenJDK 64-Bit Server VM Temurin-17.0.9+9 (17.0.9+9, mixed mode, tiered, compressed oops, compressed class ptrs, g1 gc, windows-amd64)
# No core dump will be written. Minidumps are not enabled by default on client versions of Windows
#

---------------  S U M M A R Y ------------

Command Line: -Dfile.encoding=UTF-8 -Dstdout.encoding=UTF-8 -Dstderr.encoding=UTF-8 -XX:+ShowCodeDetailsInExceptionMessages atm_system.FastCash

Host: AMD Ryzen 5 3550H with Radeon Vega Mobile Gfx  , 8 cores, 5G,  Windows 10 , 64 bit Build 19041 (10.0.19041.3636)
Time: Fri Jan 12 02:12:55 2024 India Standard Time elapsed time: 0.456847 seconds (0d 0h 0m 0s)

---------------  T H R E A D  ---------------

Current thread (0x00000228f3221410):  JavaThread "Image Fetcher 0" daemon [_thread_in_vm, id=28428, stack(0x0000008daf400000,0x0000008daf500000)]

Stack: [0x0000008daf400000,0x0000008daf500000]
Native frames: (J=compiled Java code, j=interpreted, Vv=VM code, C=native code)
V  [jvm.dll+0x67cf49]
V  [jvm.dll+0x83478a]
V  [jvm.dll+0x83624e]
V  [jvm.dll+0x8368b3]
V  [jvm.dll+0x247f1f]
V  [jvm.dll+0x83044b]
V  [jvm.dll+0x621776]
V  [jvm.dll+0x1c1fee]
V  [jvm.dll+0x6240d1]
V  [jvm.dll+0x622116]
V  [jvm.dll+0x36f2e2]
V  [jvm.dll+0x1e3c8b]
V  [jvm.dll+0x543087]
V  [jvm.dll+0x7ae8fd]
V  [jvm.dll+0x7ae85a]
V  [jvm.dll+0x4117fe]
V  [jvm.dll+0x424f6c]
C  [java.dll+0x1657]

Java frames: (J=compiled Java code, j=interpreted, Vv=VM code)
j  java.lang.ClassLoader.defineClass0(Ljava/lang/ClassLoader;Ljava/lang/Class;Ljava/lang/String;[BIILjava/security/ProtectionDomain;ZILjava/lang/Object;)Ljava/lang/Class;+0 java.base@17.0.9
j  java.lang.System$2.defineClass(Ljava/lang/ClassLoader;Ljava/lang/Class;Ljava/lang/String;[BLjava/security/ProtectionDomain;ZILjava/lang/Object;)Ljava/lang/Class;+17 java.base@17.0.9
j  java.lang.invoke.MethodHandles$Lookup$ClassDefiner.defineClass(ZLjava/lang/Object;)Ljava/lang/Class;+54 java.base@17.0.9
j  java.lang.invoke.InvokerBytecodeGenerator.loadMethod([B)Ljava/lang/invoke/MemberName;+16 java.base@17.0.9
j  java.lang.invoke.InvokerBytecodeGenerator.generateCustomizedCode(Ljava/lang/invoke/LambdaForm;Ljava/lang/invoke/MethodType;)Ljava/lang/invoke/MemberName;+30 java.base@17.0.9
j  java.lang.invoke.LambdaForm.compileToBytecode()V+69 java.base@17.0.9
j  java.lang.invoke.LambdaForm.customize(Ljava/lang/invoke/MethodHandle;)Ljava/lang/invoke/LambdaForm;+53 java.base@17.0.9
j  java.lang.invoke.MethodHandle$1.apply(Ljava/lang/invoke/LambdaForm;)Ljava/lang/invoke/LambdaForm;+5 java.base@17.0.9
j  java.lang.invoke.MethodHandle$1.apply(Ljava/lang/Object;)Ljava/lang/Object;+5 java.base@17.0.9
j  java.lang.invoke.MethodHandle.updateForm(Ljava/util/function/Function;)V+22 java.base@17.0.9
j  java.lang.invoke.MethodHandle.customize()V+9 java.base@17.0.9
j  java.lang.invoke.MethodHandle.maybeCustomize()V+23 java.base@17.0.9
j  java.lang.invoke.Invokers.maybeCustomize(Ljava/lang/invoke/MethodHandle;)V+1 java.base@17.0.9
j  java.lang.invoke.Invokers.checkCustomized(Ljava/lang/invoke/MethodHandle;)V+19 java.base@17.0.9
j  java.lang.invoke.Invokers$Holder.invokeExact_MT(Ljava/lang/Object;Ljava/lang/Object;Ljava/lang/Object;Ljava/lang/Object;Ljava/lang/Object;Ljava/lang/Object;Ljava/lang/Object;Ljava/lang/Object;)Ljava/lang/Object;+15 java.base@17.0.9
j  java.lang.invoke.BootstrapMethodInvoker.invoke(Ljava/lang/Class;Ljava/lang/invoke/MethodHandle;Ljava/lang/String;Ljava/lang/Object;Ljava/lang/Object;Ljava/lang/Class;)Ljava/lang/Object;+319 java.base@17.0.9
j  java.lang.invoke.CallSite.makeSite(Ljava/lang/invoke/MethodHandle;Ljava/lang/String;Ljava/lang/invoke/MethodType;Ljava/lang/Object;Ljava/lang/Class;)Ljava/lang/invoke/CallSite;+8 java.base@17.0.9
j  java.lang.invoke.MethodHandleNatives.linkCallSiteImpl(Ljava/lang/Class;Ljava/lang/invoke/MethodHandle;Ljava/lang/String;Ljava/lang/invoke/MethodType;Ljava/lang/Object;[Ljava/lang/Object;)Ljava/lang/invoke/MemberName;+6 java.base@17.0.9
j  java.lang.invoke.MethodHandleNatives.linkCallSite(Ljava/lang/Object;ILjava/lang/Object;Ljava/lang/Object;Ljava/lang/Object;Ljava/lang/Object;[Ljava/lang/Object;)Ljava/lang/invoke/MemberName;+46 java.base@17.0.9
v  ~StubRoutines::call_stub
j  java.util.stream.FindOps$FindSink$OfInt.<clinit>()V+38 java.base@17.0.9
v  ~StubRoutines::call_stub
j  java.util.stream.FindOps.makeInt(Z)Ljava/util/stream/TerminalOp;+4 java.base@17.0.9
j  java.util.stream.IntPipeline.findFirst()Ljava/util/OptionalInt;+2 java.base@17.0.9
j  java.text.DecimalFormatSymbols.findNonFormatChar(Ljava/lang/String;C)C+14 java.base@17.0.9
j  java.text.DecimalFormatSymbols.initialize(Ljava/util/Locale;)V+112 java.base@17.0.9
j  java.text.DecimalFormatSymbols.<init>(Ljava/util/Locale;)V+11 java.base@17.0.9
j  sun.util.locale.provider.DecimalFormatSymbolsProviderImpl.getInstance(Ljava/util/Locale;)Ljava/text/DecimalFormatSymbols;+17 java.base@17.0.9
j  java.text.DecimalFormatSymbols.getInstance(Ljava/util/Locale;)Ljava/text/DecimalFormatSymbols;+14 java.base@17.0.9
j  sun.util.locale.provider.NumberFormatProviderImpl.getInstance(Ljava/util/Locale;I)Ljava/text/NumberFormat;+51 java.base@17.0.9
j  sun.util.locale.provider.NumberFormatProviderImpl.getIntegerInstance(Ljava/util/Locale;)Ljava/text/NumberFormat;+3 java.base@17.0.9
j  java.text.NumberFormat.getInstance(Lsun/util/locale/provider/LocaleProviderAdapter;Ljava/util/Locale;Ljava/text/NumberFormat$Style;I)Ljava/text/NumberFormat;+74 java.base@17.0.9
j  java.text.NumberFormat.getInstance(Ljava/util/Locale;Ljava/text/NumberFormat$Style;I)Ljava/text/NumberFormat;+11 java.base@17.0.9
j  java.text.NumberFormat.getIntegerInstance(Ljava/util/Locale;)Ljava/text/NumberFormat;+3 java.base@17.0.9
j  java.text.SimpleDateFormat.initialize(Ljava/util/Locale;)V+37 java.base@17.0.9
j  java.text.SimpleDateFormat.<init>(Ljava/lang/String;Ljava/util/Locale;)V+66 java.base@17.0.9
j  sun.net.www.protocol.file.FileURLConnection.initializeHeaders()V+148 java.base@17.0.9
j  sun.net.www.protocol.file.FileURLConnection.getHeaderField(Ljava/lang/String;)Ljava/lang/String;+1 java.base@17.0.9
j  sun.net.www.URLConnection.getContentType()Ljava/lang/String;+11 java.base@17.0.9
j  sun.awt.image.URLImageSource.getDecoder()Lsun/awt/image/ImageDecoder;+17 java.desktop@17.0.9
j  sun.awt.image.InputStreamImageSource.doFetch()V+30 java.desktop@17.0.9
j  sun.awt.image.ImageFetcher.fetchloop()V+31 java.desktop@17.0.9
j  sun.awt.image.ImageFetcher.run()V+5 java.desktop@17.0.9
v  ~StubRoutines::call_stub

---------------  P R O C E S S  ---------------

Threads class SMR info:
_java_thread_list=0x00000228f3122b70, length=16, elements={
0x00000228d3bc8400, 0x00000228ee7e46c0, 0x00000228ee7e77d0, 0x00000228ee9458b0,
0x00000228ee9491a0, 0x00000228ee94a380, 0x00000228ee952d50, 0x00000228ee958270,
0x00000228ee958b80, 0x00000228ee96c070, 0x00000228eeab3520, 0x00000228eeacacf0,
0x00000228f309a010, 0x00000228f309a4f0, 0x00000228f309a9d0, 0x00000228f3221410
}

Java Threads: ( => current thread )
  0x00000228d3bc8400 JavaThread "main" [_thread_blocked, id=28540, stack(0x0000008dad800000,0x0000008dad900000)]
  0x00000228ee7e46c0 JavaThread "Reference Handler" daemon [_thread_blocked, id=17696, stack(0x0000008dadf00000,0x0000008dae000000)]
  0x00000228ee7e77d0 JavaThread "Finalizer" daemon [_thread_blocked, id=27592, stack(0x0000008dae000000,0x0000008dae100000)]
  0x00000228ee9458b0 JavaThread "Signal Dispatcher" daemon [_thread_blocked, id=18920, stack(0x0000008dae100000,0x0000008dae200000)]
  0x00000228ee9491a0 JavaThread "Attach Listener" daemon [_thread_blocked, id=18400, stack(0x0000008dae200000,0x0000008dae300000)]
  0x00000228ee94a380 JavaThread "Service Thread" daemon [_thread_blocked, id=27864, stack(0x0000008dae300000,0x0000008dae400000)]
  0x00000228ee952d50 JavaThread "Monitor Deflation Thread" daemon [_thread_blocked, id=16176, stack(0x0000008dae400000,0x0000008dae500000)]
  0x00000228ee958270 JavaThread "C2 CompilerThread0" daemon [_thread_blocked, id=25328, stack(0x0000008dae500000,0x0000008dae600000)]
  0x00000228ee958b80 JavaThread "C1 CompilerThread0" daemon [_thread_blocked, id=20368, stack(0x0000008dae600000,0x0000008dae700000)]
  0x00000228ee96c070 JavaThread "Sweeper thread" daemon [_thread_blocked, id=10336, stack(0x0000008dae700000,0x0000008dae800000)]
  0x00000228eeab3520 JavaThread "Notification Thread" daemon [_thread_blocked, id=21776, stack(0x0000008dae800000,0x0000008dae900000)]
  0x00000228eeacacf0 JavaThread "Common-Cleaner" daemon [_thread_blocked, id=6212, stack(0x0000008daea00000,0x0000008daeb00000)]
  0x00000228f309a010 JavaThread "Java2D Disposer" daemon [_thread_blocked, id=27472, stack(0x0000008daeb00000,0x0000008daec00000)]
  0x00000228f309a4f0 JavaThread "AWT-Shutdown" [_thread_blocked, id=25296, stack(0x0000008daec00000,0x0000008daed00000)]
  0x00000228f309a9d0 JavaThread "AWT-Windows" daemon [_thread_in_native, id=16220, stack(0x0000008daed00000,0x0000008daee00000)]
=>0x00000228f3221410 JavaThread "Image Fetcher 0" daemon [_thread_in_vm, id=28428, stack(0x0000008daf400000,0x0000008daf500000)]

Other Threads:
  0x00000228ee7e0640 VMThread "VM Thread" [stack: 0x0000008dade00000,0x0000008dadf00000] [id=17096]
  0x00000228eeab5a10 WatcherThread [stack: 0x0000008dae900000,0x0000008daea00000] [id=13180]
  0x00000228d3c14e20 GCTaskThread "GC Thread#0" [stack: 0x0000008dad900000,0x0000008dada00000] [id=13740]
  0x00000228d3c22150 ConcurrentGCThread "G1 Main Marker" [stack: 0x0000008dada00000,0x0000008dadb00000] [id=28392]
  0x00000228d3c22b70 ConcurrentGCThread "G1 Conc#0" [stack: 0x0000008dadb00000,0x0000008dadc00000] [id=26372]
  0x00000228d3c88e00 ConcurrentGCThread "G1 Refine#0" [stack: 0x0000008dadc00000,0x0000008dadd00000] [id=6064]
  0x00000228d3c89830 ConcurrentGCThread "G1 Service" [stack: 0x0000008dadd00000,0x0000008dade00000] [id=7624]

Threads with active compile tasks:

VM state: not at safepoint (normal execution)

VM Mutex/Monitor currently owned by a thread:  ([mutex/lock_event])
[0x00000228d3bc1350] Metaspace_lock - owner thread: 0x00000228f3221410

Heap address: 0x00000000a1e00000, size: 1506 MB, Compressed Oops mode: 32-bit

CDS archive(s) not mapped
Compressed class space mapped at: 0x0000000100000000-0x0000000140000000, reserved size: 1073741824
Narrow klass base: 0x0000000000000000, Narrow klass shift: 3, Narrow klass range: 0x140000000

GC Precious Log:
 CPUs: 8 total, 8 available
 Memory: 6021M
 Large Page Support: Disabled
 NUMA Support: Disabled
 Compressed Oops: Enabled (32-bit)
 Heap Region Size: 1M
 Heap Min Capacity: 8M
 Heap Initial Capacity: 96M
 Heap Max Capacity: 1506M
 Pre-touch: Disabled
 Parallel Workers: 8
 Concurrent Workers: 2
 Concurrent Refinement Workers: 8
 Periodic GC: Disabled

Heap:
 garbage-first heap   total 98304K, used 5120K [0x00000000a1e00000, 0x0000000100000000)
  region size 1024K, 6 young (6144K), 0 survivors (0K)
 Metaspace       used 11601K, committed 11776K, reserved 1114112K
  class space    used 1099K, committed 1152K, reserved 1048576K

Heap Regions: E=young(eden), S=young(survivor), O=old, HS=humongous(starts), HC=humongous(continues), CS=collection set, F=free, OA=open archive, CA=closed archive, TAMS=top-at-mark-start (previous, next)
|   0|0x00000000a1e00000, 0x00000000a1e00000, 0x00000000a1f00000|  0%| F|  |TAMS 0x00000000a1e00000, 0x00000000a1e00000| Untracked 
|   1|0x00000000a1f00000, 0x00000000a1f00000, 0x00000000a2000000|  0%| F|  |TAMS 0x00000000a1f00000, 0x00000000a1f00000| Untracked 
|   2|0x00000000a2000000, 0x00000000a2000000, 0x00000000a2100000|  0%| F|  |TAMS 0x00000000a2000000, 0x00000000a2000000| Untracked 
|   3|0x00000000a2100000, 0x00000000a2100000, 0x00000000a2200000|  0%| F|  |TAMS 0x00000000a2100000, 0x00000000a2100000| Untracked 
|   4|0x00000000a2200000, 0x00000000a2200000, 0x00000000a2300000|  0%| F|  |TAMS 0x00000000a2200000, 0x00000000a2200000| Untracked 
|   5|0x00000000a2300000, 0x00000000a2300000, 0x00000000a2400000|  0%| F|  |TAMS 0x00000000a2300000, 0x00000000a2300000| Untracked 
|   6|0x00000000a2400000, 0x00000000a2400000, 0x00000000a2500000|  0%| F|  |TAMS 0x00000000a2400000, 0x00000000a2400000| Untracked 
|   7|0x00000000a2500000, 0x00000000a2500000, 0x00000000a2600000|  0%| F|  |TAMS 0x00000000a2500000, 0x00000000a2500000| Untracked 
|   8|0x00000000a2600000, 0x00000000a2600000, 0x00000000a2700000|  0%| F|  |TAMS 0x00000000a2600000, 0x00000000a2600000| Untracked 
|   9|0x00000000a2700000, 0x00000000a2700000, 0x00000000a2800000|  0%| F|  |TAMS 0x00000000a2700000, 0x00000000a2700000| Untracked 
|  10|0x00000000a2800000, 0x00000000a2800000, 0x00000000a2900000|  0%| F|  |TAMS 0x00000000a2800000, 0x00000000a2800000| Untracked 
|  11|0x00000000a2900000, 0x00000000a2900000, 0x00000000a2a00000|  0%| F|  |TAMS 0x00000000a2900000, 0x00000000a2900000| Untracked 
|  12|0x00000000a2a00000, 0x00000000a2a00000, 0x00000000a2b00000|  0%| F|  |TAMS 0x00000000a2a00000, 0x00000000a2a00000| Untracked 
|  13|0x00000000a2b00000, 0x00000000a2b00000, 0x00000000a2c00000|  0%| F|  |TAMS 0x00000000a2b00000, 0x00000000a2b00000| Untracked 
|  14|0x00000000a2c00000, 0x00000000a2c00000, 0x00000000a2d00000|  0%| F|  |TAMS 0x00000000a2c00000, 0x00000000a2c00000| Untracked 
|  15|0x00000000a2d00000, 0x00000000a2d00000, 0x00000000a2e00000|  0%| F|  |TAMS 0x00000000a2d00000, 0x00000000a2d00000| Untracked 
|  16|0x00000000a2e00000, 0x00000000a2e00000, 0x00000000a2f00000|  0%| F|  |TAMS 0x00000000a2e00000, 0x00000000a2e00000| Untracked 
|  17|0x00000000a2f00000, 0x00000000a2f00000, 0x00000000a3000000|  0%| F|  |TAMS 0x00000000a2f00000, 0x00000000a2f00000| Untracked 
|  18|0x00000000a3000000, 0x00000000a3000000, 0x00000000a3100000|  0%| F|  |TAMS 0x00000000a3000000, 0x00000000a3000000| Untracked 
|  19|0x00000000a3100000, 0x00000000a3100000, 0x00000000a3200000|  0%| F|  |TAMS 0x00000000a3100000, 0x00000000a3100000| Untracked 
|  20|0x00000000a3200000, 0x00000000a3200000, 0x00000000a3300000|  0%| F|  |TAMS 0x00000000a3200000, 0x00000000a3200000| Untracked 
|  21|0x00000000a3300000, 0x00000000a3300000, 0x00000000a3400000|  0%| F|  |TAMS 0x00000000a3300000, 0x00000000a3300000| Untracked 
|  22|0x00000000a3400000, 0x00000000a3400000, 0x00000000a3500000|  0%| F|  |TAMS 0x00000000a3400000, 0x00000000a3400000| Untracked 
|  23|0x00000000a3500000, 0x00000000a3500000, 0x00000000a3600000|  0%| F|  |TAMS 0x00000000a3500000, 0x00000000a3500000| Untracked 
|  24|0x00000000a3600000, 0x00000000a3600000, 0x00000000a3700000|  0%| F|  |TAMS 0x00000000a3600000, 0x00000000a3600000| Untracked 
|  25|0x00000000a3700000, 0x00000000a3700000, 0x00000000a3800000|  0%| F|  |TAMS 0x00000000a3700000, 0x00000000a3700000| Untracked 
|  26|0x00000000a3800000, 0x00000000a3800000, 0x00000000a3900000|  0%| F|  |TAMS 0x00000000a3800000, 0x00000000a3800000| Untracked 
|  27|0x00000000a3900000, 0x00000000a3900000, 0x00000000a3a00000|  0%| F|  |TAMS 0x00000000a3900000, 0x00000000a3900000| Untracked 
|  28|0x00000000a3a00000, 0x00000000a3a00000, 0x00000000a3b00000|  0%| F|  |TAMS 0x00000000a3a00000, 0x00000000a3a00000| Untracked 
|  29|0x00000000a3b00000, 0x00000000a3b00000, 0x00000000a3c00000|  0%| F|  |TAMS 0x00000000a3b00000, 0x00000000a3b00000| Untracked 
|  30|0x00000000a3c00000, 0x00000000a3c00000, 0x00000000a3d00000|  0%| F|  |TAMS 0x00000000a3c00000, 0x00000000a3c00000| Untracked 
|  31|0x00000000a3d00000, 0x00000000a3d00000, 0x00000000a3e00000|  0%| F|  |TAMS 0x00000000a3d00000, 0x00000000a3d00000| Untracked 
|  32|0x00000000a3e00000, 0x00000000a3e00000, 0x00000000a3f00000|  0%| F|  |TAMS 0x00000000a3e00000, 0x00000000a3e00000| Untracked 
|  33|0x00000000a3f00000, 0x00000000a3f00000, 0x00000000a4000000|  0%| F|  |TAMS 0x00000000a3f00000, 0x00000000a3f00000| Untracked 
|  34|0x00000000a4000000, 0x00000000a4000000, 0x00000000a4100000|  0%| F|  |TAMS 0x00000000a4000000, 0x00000000a4000000| Untracked 
|  35|0x00000000a4100000, 0x00000000a4100000, 0x00000000a4200000|  0%| F|  |TAMS 0x00000000a4100000, 0x00000000a4100000| Untracked 
|  36|0x00000000a4200000, 0x00000000a4200000, 0x00000000a4300000|  0%| F|  |TAMS 0x00000000a4200000, 0x00000000a4200000| Untracked 
|  37|0x00000000a4300000, 0x00000000a4300000, 0x00000000a4400000|  0%| F|  |TAMS 0x00000000a4300000, 0x00000000a4300000| Untracked 
|  38|0x00000000a4400000, 0x00000000a4400000, 0x00000000a4500000|  0%| F|  |TAMS 0x00000000a4400000, 0x00000000a4400000| Untracked 
|  39|0x00000000a4500000, 0x00000000a4500000, 0x00000000a4600000|  0%| F|  |TAMS 0x00000000a4500000, 0x00000000a4500000| Untracked 
|  40|0x00000000a4600000, 0x00000000a4600000, 0x00000000a4700000|  0%| F|  |TAMS 0x00000000a4600000, 0x00000000a4600000| Untracked 
|  41|0x00000000a4700000, 0x00000000a4700000, 0x00000000a4800000|  0%| F|  |TAMS 0x00000000a4700000, 0x00000000a4700000| Untracked 
|  42|0x00000000a4800000, 0x00000000a4800000, 0x00000000a4900000|  0%| F|  |TAMS 0x00000000a4800000, 0x00000000a4800000| Untracked 
|  43|0x00000000a4900000, 0x00000000a4900000, 0x00000000a4a00000|  0%| F|  |TAMS 0x00000000a4900000, 0x00000000a4900000| Untracked 
|  44|0x00000000a4a00000, 0x00000000a4a00000, 0x00000000a4b00000|  0%| F|  |TAMS 0x00000000a4a00000, 0x00000000a4a00000| Untracked 
|  45|0x00000000a4b00000, 0x00000000a4b00000, 0x00000000a4c00000|  0%| F|  |TAMS 0x00000000a4b00000, 0x00000000a4b00000| Untracked 
|  46|0x00000000a4c00000, 0x00000000a4c00000, 0x00000000a4d00000|  0%| F|  |TAMS 0x00000000a4c00000, 0x00000000a4c00000| Untracked 
|  47|0x00000000a4d00000, 0x00000000a4d00000, 0x00000000a4e00000|  0%| F|  |TAMS 0x00000000a4d00000, 0x00000000a4d00000| Untracked 
|  48|0x00000000a4e00000, 0x00000000a4e00000, 0x00000000a4f00000|  0%| F|  |TAMS 0x00000000a4e00000, 0x00000000a4e00000| Untracked 
|  49|0x00000000a4f00000, 0x00000000a4f00000, 0x00000000a5000000|  0%| F|  |TAMS 0x00000000a4f00000, 0x00000000a4f00000| Untracked 
|  50|0x00000000a5000000, 0x00000000a5000000, 0x00000000a5100000|  0%| F|  |TAMS 0x00000000a5000000, 0x00000000a5000000| Untracked 
|  51|0x00000000a5100000, 0x00000000a5100000, 0x00000000a5200000|  0%| F|  |TAMS 0x00000000a5100000, 0x00000000a5100000| Untracked 
|  52|0x00000000a5200000, 0x00000000a5200000, 0x00000000a5300000|  0%| F|  |TAMS 0x00000000a5200000, 0x00000000a5200000| Untracked 
|  53|0x00000000a5300000, 0x00000000a5300000, 0x00000000a5400000|  0%| F|  |TAMS 0x00000000a5300000, 0x00000000a5300000| Untracked 
|  54|0x00000000a5400000, 0x00000000a5400000, 0x00000000a5500000|  0%| F|  |TAMS 0x00000000a5400000, 0x00000000a5400000| Untracked 
|  55|0x00000000a5500000, 0x00000000a5500000, 0x00000000a5600000|  0%| F|  |TAMS 0x00000000a5500000, 0x00000000a5500000| Untracked 
|  56|0x00000000a5600000, 0x00000000a5600000, 0x00000000a5700000|  0%| F|  |TAMS 0x00000000a5600000, 0x00000000a5600000| Untracked 
|  57|0x00000000a5700000, 0x00000000a5700000, 0x00000000a5800000|  0%| F|  |TAMS 0x00000000a5700000, 0x00000000a5700000| Untracked 
|  58|0x00000000a5800000, 0x00000000a5800000, 0x00000000a5900000|  0%| F|  |TAMS 0x00000000a5800000, 0x00000000a5800000| Untracked 
|  59|0x00000000a5900000, 0x00000000a5900000, 0x00000000a5a00000|  0%| F|  |TAMS 0x00000000a5900000, 0x00000000a5900000| Untracked 
|  60|0x00000000a5a00000, 0x00000000a5a00000, 0x00000000a5b00000|  0%| F|  |TAMS 0x00000000a5a00000, 0x00000000a5a00000| Untracked 
|  61|0x00000000a5b00000, 0x00000000a5b00000, 0x00000000a5c00000|  0%| F|  |TAMS 0x00000000a5b00000, 0x00000000a5b00000| Untracked 
|  62|0x00000000a5c00000, 0x00000000a5c00000, 0x00000000a5d00000|  0%| F|  |TAMS 0x00000000a5c00000, 0x00000000a5c00000| Untracked 
|  63|0x00000000a5d00000, 0x00000000a5d00000, 0x00000000a5e00000|  0%| F|  |TAMS 0x00000000a5d00000, 0x00000000a5d00000| Untracked 
|  64|0x00000000a5e00000, 0x00000000a5e00000, 0x00000000a5f00000|  0%| F|  |TAMS 0x00000000a5e00000, 0x00000000a5e00000| Untracked 
|  65|0x00000000a5f00000, 0x00000000a5f00000, 0x00000000a6000000|  0%| F|  |TAMS 0x00000000a5f00000, 0x00000000a5f00000| Untracked 
|  66|0x00000000a6000000, 0x00000000a6000000, 0x00000000a6100000|  0%| F|  |TAMS 0x00000000a6000000, 0x00000000a6000000| Untracked 
|  67|0x00000000a6100000, 0x00000000a6100000, 0x00000000a6200000|  0%| F|  |TAMS 0x00000000a6100000, 0x00000000a6100000| Untracked 
|  68|0x00000000a6200000, 0x00000000a6200000, 0x00000000a6300000|  0%| F|  |TAMS 0x00000000a6200000, 0x00000000a6200000| Untracked 
|  69|0x00000000a6300000, 0x00000000a6300000, 0x00000000a6400000|  0%| F|  |TAMS 0x00000000a6300000, 0x00000000a6300000| Untracked 
|  70|0x00000000a6400000, 0x00000000a6400000, 0x00000000a6500000|  0%| F|  |TAMS 0x00000000a6400000, 0x00000000a6400000| Untracked 
|  71|0x00000000a6500000, 0x00000000a6500000, 0x00000000a6600000|  0%| F|  |TAMS 0x00000000a6500000, 0x00000000a6500000| Untracked 
|  72|0x00000000a6600000, 0x00000000a6600000, 0x00000000a6700000|  0%| F|  |TAMS 0x00000000a6600000, 0x00000000a6600000| Untracked 
|  73|0x00000000a6700000, 0x00000000a6700000, 0x00000000a6800000|  0%| F|  |TAMS 0x00000000a6700000, 0x00000000a6700000| Untracked 
|  74|0x00000000a6800000, 0x00000000a6800000, 0x00000000a6900000|  0%| F|  |TAMS 0x00000000a6800000, 0x00000000a6800000| Untracked 
|  75|0x00000000a6900000, 0x00000000a6900000, 0x00000000a6a00000|  0%| F|  |TAMS 0x00000000a6900000, 0x00000000a6900000| Untracked 
|  76|0x00000000a6a00000, 0x00000000a6a00000, 0x00000000a6b00000|  0%| F|  |TAMS 0x00000000a6a00000, 0x00000000a6a00000| Untracked 
|  77|0x00000000a6b00000, 0x00000000a6b00000, 0x00000000a6c00000|  0%| F|  |TAMS 0x00000000a6b00000, 0x00000000a6b00000| Untracked 
|  78|0x00000000a6c00000, 0x00000000a6c00000, 0x00000000a6d00000|  0%| F|  |TAMS 0x00000000a6c00000, 0x00000000a6c00000| Untracked 
|  79|0x00000000a6d00000, 0x00000000a6d00000, 0x00000000a6e00000|  0%| F|  |TAMS 0x00000000a6d00000, 0x00000000a6d00000| Untracked 
|  80|0x00000000a6e00000, 0x00000000a6e00000, 0x00000000a6f00000|  0%| F|  |TAMS 0x00000000a6e00000, 0x00000000a6e00000| Untracked 
|  81|0x00000000a6f00000, 0x00000000a6f00000, 0x00000000a7000000|  0%| F|  |TAMS 0x00000000a6f00000, 0x00000000a6f00000| Untracked 
|  82|0x00000000a7000000, 0x00000000a7000000, 0x00000000a7100000|  0%| F|  |TAMS 0x00000000a7000000, 0x00000000a7000000| Untracked 
|  83|0x00000000a7100000, 0x00000000a7100000, 0x00000000a7200000|  0%| F|  |TAMS 0x00000000a7100000, 0x00000000a7100000| Untracked 
|  84|0x00000000a7200000, 0x00000000a7200000, 0x00000000a7300000|  0%| F|  |TAMS 0x00000000a7200000, 0x00000000a7200000| Untracked 
|  85|0x00000000a7300000, 0x00000000a7300000, 0x00000000a7400000|  0%| F|  |TAMS 0x00000000a7300000, 0x00000000a7300000| Untracked 
|  86|0x00000000a7400000, 0x00000000a7400000, 0x00000000a7500000|  0%| F|  |TAMS 0x00000000a7400000, 0x00000000a7400000| Untracked 
|  87|0x00000000a7500000, 0x00000000a7500000, 0x00000000a7600000|  0%| F|  |TAMS 0x00000000a7500000, 0x00000000a7500000| Untracked 
|  88|0x00000000a7600000, 0x00000000a7600000, 0x00000000a7700000|  0%| F|  |TAMS 0x00000000a7600000, 0x00000000a7600000| Untracked 
|  89|0x00000000a7700000, 0x00000000a7700000, 0x00000000a7800000|  0%| F|  |TAMS 0x00000000a7700000, 0x00000000a7700000| Untracked 
|  90|0x00000000a7800000, 0x00000000a7900000, 0x00000000a7900000|100%| E|  |TAMS 0x00000000a7800000, 0x00000000a7800000| Complete 
|  91|0x00000000a7900000, 0x00000000a7a00000, 0x00000000a7a00000|100%| E|CS|TAMS 0x00000000a7900000, 0x00000000a7900000| Complete 
|  92|0x00000000a7a00000, 0x00000000a7b00000, 0x00000000a7b00000|100%| E|CS|TAMS 0x00000000a7a00000, 0x00000000a7a00000| Complete 
|  93|0x00000000a7b00000, 0x00000000a7c00000, 0x00000000a7c00000|100%| E|CS|TAMS 0x00000000a7b00000, 0x00000000a7b00000| Complete 
|  94|0x00000000a7c00000, 0x00000000a7d00000, 0x00000000a7d00000|100%| E|CS|TAMS 0x00000000a7c00000, 0x00000000a7c00000| Complete 
|  95|0x00000000a7d00000, 0x00000000a7e00000, 0x00000000a7e00000|100%| E|CS|TAMS 0x00000000a7d00000, 0x00000000a7d00000| Complete 

Card table byte_map: [0x00000228e87e0000,0x00000228e8ae0000] _byte_map_base: 0x00000228e82d1000

Marking Bits (Prev, Next): (CMBitMap*) 0x00000228d3c15440, (CMBitMap*) 0x00000228d3c15480
 Prev Bits: [0x00000228e8de0000, 0x00000228ea568000)
 Next Bits: [0x00000228ea570000, 0x00000228ebcf8000)

Polling page: 0x00000228d3c90000

Metaspace:

Usage:
  Non-class:     10.26 MB used.
      Class:      1.07 MB used.
       Both:     11.33 MB used.

Virtual space:
  Non-class space:       64.00 MB reserved,      10.38 MB ( 16%) committed,  1 nodes.
      Class space:        1.00 GB reserved,       1.12 MB ( <1%) committed,  1 nodes.
             Both:        1.06 GB reserved,      11.50 MB (  1%) committed. 

Chunk freelists:
   Non-Class:  5.00 MB
       Class:  14.75 MB
        Both:  19.75 MB

MaxMetaspaceSize: unlimited
CompressedClassSpaceSize: 1.00 GB
Initial GC threshold: 21.00 MB
Current GC threshold: 21.00 MB
CDS: off
MetaspaceReclaimPolicy: balanced
 - commit_granule_bytes: 65536.
 - commit_granule_words: 8192.
 - virtual_space_node_default_size: 8388608.
 - enlarge_chunks_in_place: 1.
 - new_chunks_are_fully_committed: 0.
 - uncommit_free_chunks: 1.
 - use_allocation_guard: 0.
 - handle_deallocations: 1.


Internal statistics:

num_allocs_failed_limit: 0.
num_arena_births: 92.
num_arena_deaths: 0.
num_vsnodes_births: 2.
num_vsnodes_deaths: 0.
num_space_committed: 184.
num_space_uncommitted: 0.
num_chunks_returned_to_freelist: 0.
num_chunks_taken_from_freelist: 151.
num_chunk_merges: 0.
num_chunk_splits: 74.
num_chunks_enlarged: 21.
num_inconsistent_stats: 0.

CodeHeap 'non-profiled nmethods': size=120000Kb used=152Kb max_used=152Kb free=119847Kb
 bounds [0x00000228e0540000, 0x00000228e07b0000, 0x00000228e7a70000]
CodeHeap 'profiled nmethods': size=120000Kb used=946Kb max_used=946Kb free=119053Kb
 bounds [0x00000228d8a70000, 0x00000228d8ce0000, 0x00000228dffa0000]
CodeHeap 'non-nmethods': size=5760Kb used=1193Kb max_used=1208Kb free=4566Kb
 bounds [0x00000228dffa0000, 0x00000228e0210000, 0x00000228e0540000]
 total_blobs=1091 nmethods=593 adapters=411
 compilation: enabled
              stopped_count=0, restarted_count=0
 full_count=0

Compilation events (20 events):
Event: 0.446 Thread 0x00000228ee958b80  584       3       java.util.Locale::hasExtensions (13 bytes)
Event: 0.446 Thread 0x00000228ee958b80 nmethod 584 0x00000228d8b58410 code [0x00000228d8b585a0, 0x00000228d8b58718]
Event: 0.446 Thread 0x00000228ee958b80  565       3       sun.util.locale.LanguageTag::<init> (50 bytes)
Event: 0.446 Thread 0x00000228ee958b80 nmethod 565 0x00000228d8b58790 code [0x00000228d8b58980, 0x00000228d8b58f18]
Event: 0.446 Thread 0x00000228ee958b80  581       3       sun.util.locale.LanguageTag::getVariants (24 bytes)
Event: 0.446 Thread 0x00000228ee958b80 nmethod 581 0x00000228d8b59010 code [0x00000228d8b591e0, 0x00000228d8b594b8]
Event: 0.446 Thread 0x00000228ee958b80  559       3       sun.util.locale.LanguageTag::isRegion (36 bytes)
Event: 0.447 Thread 0x00000228ee958b80 nmethod 559 0x00000228d8b59590 code [0x00000228d8b59860, 0x00000228d8b5a9d8]
Event: 0.447 Thread 0x00000228ee958b80  567       3       sun.util.locale.LocaleObjectCache::normalizeKey (2 bytes)
Event: 0.447 Thread 0x00000228ee958b80 nmethod 567 0x00000228d8b5af90 code [0x00000228d8b5b120, 0x00000228d8b5b238]
Event: 0.447 Thread 0x00000228ee958b80  587       3       java.lang.invoke.MethodType::changeReturnType (20 bytes)
Event: 0.447 Thread 0x00000228ee958b80 nmethod 587 0x00000228d8b5b310 code [0x00000228d8b5b4c0, 0x00000228d8b5b688]
Event: 0.447 Thread 0x00000228ee958b80  588       3       java.lang.invoke.DirectMethodHandle::maybeCompile (24 bytes)
Event: 0.447 Thread 0x00000228ee958b80 nmethod 588 0x00000228d8b5b710 code [0x00000228d8b5b8c0, 0x00000228d8b5bad8]
Event: 0.448 Thread 0x00000228ee958b80  589       3       java.lang.StringBuilder::append (8 bytes)
Event: 0.448 Thread 0x00000228ee958b80 nmethod 589 0x00000228d8b5bc10 code [0x00000228d8b5bda0, 0x00000228d8b5bee8]
Event: 0.448 Thread 0x00000228ee958b80  590       3       java.lang.AbstractStringBuilder::append (55 bytes)
Event: 0.448 Thread 0x00000228ee958b80 nmethod 590 0x00000228d8b5bf90 code [0x00000228d8b5c160, 0x00000228d8b5c498]
Event: 0.451 Thread 0x00000228ee958b80  593       3       sun.invoke.util.BytecodeDescriptor::unparse (24 bytes)
Event: 0.451 Thread 0x00000228ee958b80 nmethod 593 0x00000228d8b5c610 code [0x00000228d8b5c7c0, 0x00000228d8b5c9c8]

GC Heap History (0 events):
No events

Dll operation events (6 events):
Event: 0.008 Loaded shared library C:\Users\Admin\.p2\pool\plugins\org.eclipse.justj.openjdk.hotspot.jre.full.win32.x86_64_17.0.9.v20231028-0858\jre\bin\java.dll
Event: 0.127 Loaded shared library C:\Users\Admin\.p2\pool\plugins\org.eclipse.justj.openjdk.hotspot.jre.full.win32.x86_64_17.0.9.v20231028-0858\jre\bin\jimage.dll
Event: 0.140 Loaded shared library C:\Users\Admin\.p2\pool\plugins\org.eclipse.justj.openjdk.hotspot.jre.full.win32.x86_64_17.0.9.v20231028-0858\jre\bin\net.dll
Event: 0.142 Loaded shared library C:\Users\Admin\.p2\pool\plugins\org.eclipse.justj.openjdk.hotspot.jre.full.win32.x86_64_17.0.9.v20231028-0858\jre\bin\nio.dll
Event: 0.147 Loaded shared library C:\Users\Admin\.p2\pool\plugins\org.eclipse.justj.openjdk.hotspot.jre.full.win32.x86_64_17.0.9.v20231028-0858\jre\bin\zip.dll
Event: 0.186 Loaded shared library C:\Users\Admin\.p2\pool\plugins\org.eclipse.justj.openjdk.hotspot.jre.full.win32.x86_64_17.0.9.v20231028-0858\jre\bin\awt.dll

Deoptimization events (0 events):
No events

Classes unloaded (0 events):
No events

Classes redefined (0 events):
No events

Internal exceptions (10 events):
Event: 0.174 Thread 0x00000228d3bc8400 Exception <a 'java/lang/ClassNotFoundException'{0x00000000a7c74c28}: sun/awt/resources/spi/awtProvider> (0x00000000a7c74c28) 
thrown [s\src\hotspot\share\classfile\systemDictionary.cpp, line 256]
Event: 0.204 Thread 0x00000228d3bc8400 Exception <a 'java/io/FileNotFoundException'{0x00000000a7cce948}> (0x00000000a7cce948) 
thrown [s\src\hotspot\share\prims\jni.cpp, line 516]
Event: 0.212 Thread 0x00000228d3bc8400 Exception <a 'java/io/FileNotFoundException'{0x00000000a7cfbad8}> (0x00000000a7cfbad8) 
thrown [s\src\hotspot\share\prims\jni.cpp, line 516]
Event: 0.259 Thread 0x00000228d3bc8400 Exception <a 'java/lang/NoSuchMethodError'{0x00000000a7b4ca58}: 'java.lang.Object java.lang.invoke.DirectMethodHandle$Holder.invokeStaticInit(java.lang.Object)'> (0x00000000a7b4ca58) 
thrown [s\src\hotspot\share\interpreter\linkResolver.cpp, line 759]
Event: 0.348 Thread 0x00000228d3bc8400 Exception <a 'java/lang/NoSuchMethodError'{0x00000000a7a0dcb0}: 'void java.lang.invoke.DirectMethodHandle$Holder.invokeSpecial(java.lang.Object, java.lang.Object, java.lang.Object)'> (0x00000000a7a0dcb0) 
thrown [s\src\hotspot\share\interpreter\linkResolver.cpp, line 759]
Event: 0.357 Thread 0x00000228d3bc8400 Exception <a 'java/lang/NoSuchMethodError'{0x00000000a7a37ed8}: 'java.lang.Object java.lang.invoke.DirectMethodHandle$Holder.newInvokeSpecial(java.lang.Object, java.lang.Object, java.lang.Object, java.lang.Object, java.lang.Object)'> (0x00000000a7a37ed8) 
thrown [s\src\hotspot\share\interpreter\linkResolver.cpp, line 759]
Event: 0.358 Thread 0x00000228d3bc8400 Exception <a 'java/lang/NoSuchMethodError'{0x00000000a7a438a0}: 'java.lang.Object java.lang.invoke.DirectMethodHandle$Holder.invokeStatic(java.lang.Object, int, java.lang.Object, java.lang.Object, java.lang.Object, java.lang.Object)'> (0x00000000a7a438a0) 
thrown [s\src\hotspot\share\interpreter\linkResolver.cpp, line 759]
Event: 0.362 Thread 0x00000228d3bc8400 Exception <a 'java/lang/NoSuchMethodError'{0x00000000a7a69060}: 'java.lang.Object java.lang.invoke.DirectMethodHandle$Holder.invokeStatic(java.lang.Object, int, java.lang.Object)'> (0x00000000a7a69060) 
thrown [s\src\hotspot\share\interpreter\linkResolver.cpp, line 759]
Event: 0.383 Thread 0x00000228d3bc8400 Exception <a 'java/lang/ClassNotFoundException'{0x00000000a7921850}: com/sun/swing/internal/plaf/metal/resources/spi/metalProvider> (0x00000000a7921850) 
thrown [s\src\hotspot\share\classfile\systemDictionary.cpp, line 256]
Event: 0.384 Thread 0x00000228d3bc8400 Exception <a 'java/lang/ClassNotFoundException'{0x00000000a7925728}: com/sun/swing/internal/plaf/basic/resources/spi/basicProvider> (0x00000000a7925728) 
thrown [s\src\hotspot\share\classfile\systemDictionary.cpp, line 256]

VM Operations (2 events):
Event: 0.382 Executing VM operation: HandshakeAllThreads
Event: 0.383 Executing VM operation: HandshakeAllThreads done

Events (20 events):
Event: 0.450 loading class java/util/stream/IntPipeline$StatelessOp done
Event: 0.450 loading class java/util/stream/IntPipeline$10 done
Event: 0.450 loading class java/util/stream/FindOps
Event: 0.450 loading class java/util/stream/FindOps done
Event: 0.450 loading class java/util/stream/FindOps$FindSink$OfInt
Event: 0.450 loading class java/util/stream/Sink$OfInt
Event: 0.450 loading class java/util/function/IntConsumer
Event: 0.450 loading class java/util/function/IntConsumer done
Event: 0.450 loading class java/util/stream/Sink$OfInt done
Event: 0.450 loading class java/util/stream/FindOps$FindSink
Event: 0.450 loading class java/util/stream/FindOps$FindSink done
Event: 0.450 loading class java/util/stream/FindOps$FindSink$OfInt done
Event: 0.450 loading class java/util/stream/FindOps$FindOp
Event: 0.450 loading class java/util/stream/FindOps$FindOp done
Event: 0.450 loading class java/util/OptionalInt
Event: 0.450 loading class java/util/OptionalInt done
Event: 0.450 loading class java/util/function/Predicate
Event: 0.451 loading class java/util/function/Predicate done
Event: 0.451 loading class java/lang/invoke/MethodHandle$1
Event: 0.451 loading class java/lang/invoke/MethodHandle$1 done


Dynamic libraries:
0x00007ff627a80000 - 0x00007ff627a8e000 	C:\Users\Admin\.p2\pool\plugins\org.eclipse.justj.openjdk.hotspot.jre.full.win32.x86_64_17.0.9.v20231028-0858\jre\bin\javaw.exe
0x00007ffd4fc70000 - 0x00007ffd4fe68000 	C:\Windows\SYSTEM32\ntdll.dll
0x00007ffd4e420000 - 0x00007ffd4e4dd000 	C:\Windows\System32\KERNEL32.DLL
0x00007ffd4d460000 - 0x00007ffd4d756000 	C:\Windows\System32\KERNELBASE.dll
0x00007ffd4d890000 - 0x00007ffd4d990000 	C:\Windows\System32\ucrtbase.dll
0x00007ffd3d6e0000 - 0x00007ffd3d6fb000 	C:\Users\Admin\.p2\pool\plugins\org.eclipse.justj.openjdk.hotspot.jre.full.win32.x86_64_17.0.9.v20231028-0858\jre\bin\VCRUNTIME140.dll
0x00007ffd3c7e0000 - 0x00007ffd3c7f7000 	C:\Users\Admin\.p2\pool\plugins\org.eclipse.justj.openjdk.hotspot.jre.full.win32.x86_64_17.0.9.v20231028-0858\jre\bin\jli.dll
0x00007ffd45d40000 - 0x00007ffd45fda000 	C:\Windows\WinSxS\amd64_microsoft.windows.common-controls_6595b64144ccf1df_6.0.19041.3636_none_60b6a03d71f818d5\COMCTL32.dll
0x00007ffd4f610000 - 0x00007ffd4f7ae000 	C:\Windows\System32\USER32.dll
0x00007ffd4e4f0000 - 0x00007ffd4e58e000 	C:\Windows\System32\msvcrt.dll
0x00007ffd4d380000 - 0x00007ffd4d3a2000 	C:\Windows\System32\win32u.dll
0x00007ffd4eef0000 - 0x00007ffd4ef1c000 	C:\Windows\System32\GDI32.dll
0x00007ffd4db40000 - 0x00007ffd4dc5a000 	C:\Windows\System32\gdi32full.dll
0x00007ffd4d760000 - 0x00007ffd4d7fd000 	C:\Windows\System32\msvcp_win.dll
0x00007ffd4f560000 - 0x00007ffd4f590000 	C:\Windows\System32\IMM32.DLL
0x00007ffd3e490000 - 0x00007ffd3e49c000 	C:\Users\Admin\.p2\pool\plugins\org.eclipse.justj.openjdk.hotspot.jre.full.win32.x86_64_17.0.9.v20231028-0858\jre\bin\vcruntime140_1.dll
0x00007ffd2e5c0000 - 0x00007ffd2e64d000 	C:\Users\Admin\.p2\pool\plugins\org.eclipse.justj.openjdk.hotspot.jre.full.win32.x86_64_17.0.9.v20231028-0858\jre\bin\msvcp140.dll
0x00007ffd0e680000 - 0x00007ffd0f2e1000 	C:\Users\Admin\.p2\pool\plugins\org.eclipse.justj.openjdk.hotspot.jre.full.win32.x86_64_17.0.9.v20231028-0858\jre\bin\server\jvm.dll
0x00007ffd4e880000 - 0x00007ffd4e92f000 	C:\Windows\System32\ADVAPI32.dll
0x00007ffd4e930000 - 0x00007ffd4e9cc000 	C:\Windows\System32\sechost.dll
0x00007ffd4ef80000 - 0x00007ffd4f0a6000 	C:\Windows\System32\RPCRT4.dll
0x00007ffd3e380000 - 0x00007ffd3e389000 	C:\Windows\SYSTEM32\WSOCK32.dll
0x00007ffd38b70000 - 0x00007ffd38b97000 	C:\Windows\SYSTEM32\WINMM.dll
0x00007ffd4d1b0000 - 0x00007ffd4d1fb000 	C:\Windows\SYSTEM32\POWRPROF.dll
0x00007ffd4ed50000 - 0x00007ffd4edbb000 	C:\Windows\System32\WS2_32.dll
0x00007ffd44bc0000 - 0x00007ffd44bca000 	C:\Windows\SYSTEM32\VERSION.dll
0x00007ffd4d190000 - 0x00007ffd4d1a2000 	C:\Windows\SYSTEM32\UMPDC.dll
0x00007ffd4b210000 - 0x00007ffd4b222000 	C:\Windows\SYSTEM32\kernel.appcore.dll
0x00007ffd3e190000 - 0x00007ffd3e19a000 	C:\Users\Admin\.p2\pool\plugins\org.eclipse.justj.openjdk.hotspot.jre.full.win32.x86_64_17.0.9.v20231028-0858\jre\bin\jimage.dll
0x00007ffd41980000 - 0x00007ffd41b64000 	C:\Windows\SYSTEM32\DBGHELP.DLL
0x00007ffd3c660000 - 0x00007ffd3c694000 	C:\Windows\SYSTEM32\dbgcore.DLL
0x00007ffd4d800000 - 0x00007ffd4d882000 	C:\Windows\System32\bcryptPrimitives.dll
0x00007ffd3e080000 - 0x00007ffd3e0a5000 	C:\Users\Admin\.p2\pool\plugins\org.eclipse.justj.openjdk.hotspot.jre.full.win32.x86_64_17.0.9.v20231028-0858\jre\bin\java.dll
0x00007ffd3e010000 - 0x00007ffd3e028000 	C:\Users\Admin\.p2\pool\plugins\org.eclipse.justj.openjdk.hotspot.jre.full.win32.x86_64_17.0.9.v20231028-0858\jre\bin\zip.dll
0x00007ffd4dcd0000 - 0x00007ffd4e415000 	C:\Windows\System32\SHELL32.dll
0x00007ffd4b410000 - 0x00007ffd4bbab000 	C:\Windows\SYSTEM32\windows.storage.dll
0x00007ffd4f0d0000 - 0x00007ffd4f424000 	C:\Windows\System32\combase.dll
0x00007ffd4ccc0000 - 0x00007ffd4cced000 	C:\Windows\SYSTEM32\Wldp.dll
0x00007ffd4eca0000 - 0x00007ffd4ed4d000 	C:\Windows\System32\SHCORE.dll
0x00007ffd4eb90000 - 0x00007ffd4ebe5000 	C:\Windows\System32\shlwapi.dll
0x00007ffd4d280000 - 0x00007ffd4d2a5000 	C:\Windows\SYSTEM32\profapi.dll
0x00007ffd47740000 - 0x00007ffd47759000 	C:\Users\Admin\.p2\pool\plugins\org.eclipse.justj.openjdk.hotspot.jre.full.win32.x86_64_17.0.9.v20231028-0858\jre\bin\net.dll
0x00007ffd456a0000 - 0x00007ffd457aa000 	C:\Windows\SYSTEM32\WINHTTP.dll
0x00007ffd4ca20000 - 0x00007ffd4ca8a000 	C:\Windows\system32\mswsock.dll
0x00007ffd3e890000 - 0x00007ffd3e8a6000 	C:\Users\Admin\.p2\pool\plugins\org.eclipse.justj.openjdk.hotspot.jre.full.win32.x86_64_17.0.9.v20231028-0858\jre\bin\nio.dll
0x00007ffd125e0000 - 0x00007ffd12770000 	C:\Users\Admin\.p2\pool\plugins\org.eclipse.justj.openjdk.hotspot.jre.full.win32.x86_64_17.0.9.v20231028-0858\jre\bin\awt.dll
0x00007ffd4f490000 - 0x00007ffd4f55d000 	C:\Windows\System32\OLEAUT32.dll
0x00007ffd4ac90000 - 0x00007ffd4ad20000 	C:\Windows\SYSTEM32\apphelp.dll
0x00007ffd4af20000 - 0x00007ffd4af4f000 	C:\Windows\system32\DWMAPI.DLL
0x00007ffd4ad40000 - 0x00007ffd4adde000 	C:\Windows\system32\uxtheme.dll
0x00007ffce07b0000 - 0x00007ffce08d5000 	C:\Windows\system32\opengl32.dll
0x00007ffd28570000 - 0x00007ffd2859c000 	C:\Windows\SYSTEM32\GLU32.dll
0x00007ffd4e620000 - 0x00007ffd4e734000 	C:\Windows\System32\MSCTF.dll
0x00007ffd4edc0000 - 0x00007ffd4eeeb000 	C:\Windows\System32\ole32.dll
0x00007ffd47c50000 - 0x00007ffd47e1d000 	C:\Windows\system32\d3d9.dll
0x00007ffd38ba0000 - 0x00007ffd38d78000 	C:\Windows\System32\DriverStore\FileRepository\u0356148.inf_amd64_49a476cb3d4116cb\B355990\aticfx64.dll
0x00007ffd3bec0000 - 0x00007ffd3bef1000 	C:\Windows\System32\DriverStore\FileRepository\u0356148.inf_amd64_49a476cb3d4116cb\B355990\atiu9p64.dll
0x00007ffd05f80000 - 0x00007ffd06bea000 	C:\Windows\System32\DriverStore\FileRepository\u0356148.inf_amd64_49a476cb3d4116cb\B355990\atiumd64.dll
0x00007ffd36ac0000 - 0x00007ffd36aee000 	C:\Windows\SYSTEM32\amdihk64.dll
0x00007ffd38d80000 - 0x00007ffd38dbb000 	C:\Windows\SYSTEM32\dxcore.dll
0x00007ffd4daf0000 - 0x00007ffd4db3e000 	C:\Windows\System32\cfgmgr32.dll

dbghelp: loaded successfully - version: 4.0.5 - missing functions: none
symbol engine: initialized successfully - sym options: 0x614 - pdb path: .;C:\Users\Admin\.p2\pool\plugins\org.eclipse.justj.openjdk.hotspot.jre.full.win32.x86_64_17.0.9.v20231028-0858\jre\bin;C:\Windows\SYSTEM32;C:\Windows\WinSxS\amd64_microsoft.windows.common-controls_6595b64144ccf1df_6.0.19041.3636_none_60b6a03d71f818d5;C:\Users\Admin\.p2\pool\plugins\org.eclipse.justj.openjdk.hotspot.jre.full.win32.x86_64_17.0.9.v20231028-0858\jre\bin\server;C:\Windows\System32\DriverStore\FileRepository\u0356148.inf_amd64_49a476cb3d4116cb\B355990

VM Arguments:
jvm_args: -Dfile.encoding=UTF-8 -Dstdout.encoding=UTF-8 -Dstderr.encoding=UTF-8 -XX:+ShowCodeDetailsInExceptionMessages 
java_command: atm_system.FastCash
java_class_path (initial): E:\NIIT\java\Bank_Management_System\bin;C:\Users\Admin\Downloads\jcalendar-tz-1.3.3-4.jar;C:\Users\Admin\Downloads\mysql-connector-java-8.0.28.jar
Launcher Type: SUN_STANDARD

[Global flags]
     intx CICompilerCount                          = 4                                         {product} {ergonomic}
     uint ConcGCThreads                            = 2                                         {product} {ergonomic}
     uint G1ConcRefinementThreads                  = 8                                         {product} {ergonomic}
   size_t G1HeapRegionSize                         = 1048576                                   {product} {ergonomic}
    uintx GCDrainStackTargetSize                   = 64                                        {product} {ergonomic}
   size_t InitialHeapSize                          = 100663296                                 {product} {ergonomic}
   size_t MarkStackSize                            = 4194304                                   {product} {ergonomic}
   size_t MaxHeapSize                              = 1579155456                                {product} {ergonomic}
   size_t MaxNewSize                               = 946864128                                 {product} {ergonomic}
   size_t MinHeapDeltaBytes                        = 1048576                                   {product} {ergonomic}
   size_t MinHeapSize                              = 8388608                                   {product} {ergonomic}
    uintx NonNMethodCodeHeapSize                   = 5839372                                {pd product} {ergonomic}
    uintx NonProfiledCodeHeapSize                  = 122909434                              {pd product} {ergonomic}
    uintx ProfiledCodeHeapSize                     = 122909434                              {pd product} {ergonomic}
    uintx ReservedCodeCacheSize                    = 251658240                              {pd product} {ergonomic}
     bool SegmentedCodeCache                       = true                                      {product} {ergonomic}
     bool ShowCodeDetailsInExceptionMessages       = true                                   {manageable} {command line}
   size_t SoftMaxHeapSize                          = 1579155456                             {manageable} {ergonomic}
     bool UseCompressedClassPointers               = true                           {product lp64_product} {ergonomic}
     bool UseCompressedOops                        = true                           {product lp64_product} {ergonomic}
     bool UseG1GC                                  = true                                      {product} {ergonomic}
     bool UseLargePagesIndividualAllocation        = false                                  {pd product} {ergonomic}

Logging:
Log output configuration:
 #0: stdout all=warning uptime,level,tags
 #1: stderr all=off uptime,level,tags

Environment Variables:
JAVA_HOME=C:\Program Files\Java\jdk1.8.0_291
PATH=C:/Users/Admin/.p2/pool/plugins/org.eclipse.justj.openjdk.hotspot.jre.full.win32.x86_64_17.0.9.v20231028-0858/jre/bin/server;C:/Users/Admin/.p2/pool/plugins/org.eclipse.justj.openjdk.hotspot.jre.full.win32.x86_64_17.0.9.v20231028-0858/jre/bin;C:\Windows\system32;C:\Windows;C:\Windows\System32\Wbem;C:\Windows\System32\WindowsPowerShell\v1.0\;C:\Windows\System32\OpenSSH\;C:\Program Files\Java\jdk1.8.0_291\bin;C:\Program Files\Microsoft VS Code\bin;%NVM_HOME%;%NVM_SYMLINK%;C:\Users\Admin\AppData\Local\Programs\Python\Python310\Scripts\;C:\Users\Admin\AppData\Local\Programs\Python\Python310\;C:\Program Files\MySQL\MySQL Shell 8.0\bin\;C:\Users\Admin\AppData\Local\Microsoft\WindowsApps;C:\Users\Admin\AppData\Local\GitHubDesktop\bin;C:\Users\Admin\AppData\Roaming\npm;C:\Users\Admin\AppData\Roaming\nvm;C:\Program Files\nodejs;C:\Users\Admin\OneDrive\Desktop;
USERNAME=Admin
OS=Windows_NT
PROCESSOR_IDENTIFIER=AMD64 Family 23 Model 24 Stepping 1, AuthenticAMD
TMP=C:\Users\Admin\AppData\Local\Temp
TEMP=C:\Users\Admin\AppData\Local\Temp



Periodic native trim disabled


---------------  S Y S T E M  ---------------

OS:
 Windows 10 , 64 bit Build 19041 (10.0.19041.3636)
OS uptime: 24 days 8:27 hours

CPU: total 8 (initial active 8) (8 cores per cpu, 2 threads per core) family 23 model 24 stepping 1 microcode 0x0, cx8, cmov, fxsr, ht, mmx, 3dnowpref, sse, sse2, sse3, ssse3, sse4a, sse4.1, sse4.2, popcnt, lzcnt, tsc, tscinvbit, avx, avx2, aes, clmul, bmi1, bmi2, adx, sha, fma, vzeroupper, clflush, clflushopt
Processor Information for all 8 processors :
  Max Mhz: 2100, Current Mhz: 2100, Mhz Limit: 2100

Memory: 4k page, system-wide physical 6021M (418M free)
TotalPageFile size 24453M (AvailPageFile size 2M)
current process WorkingSet (physical memory assigned to process): 59M, peak: 59M
current process commit charge ("private bytes"): 186M, peak: 187M

vm_info: OpenJDK 64-Bit Server VM (17.0.9+9) for windows-amd64 JRE (17.0.9+9), built on Oct 26 2023 14:01:42 by "admin" with MS VC++ 16.10 / 16.11 (VS2019)

END.
