#
# There is insufficient memory for the Java Runtime Environment to continue.
# Native memory allocation (mmap) failed to map 65536 bytes for Failed to commit metaspace.
# Possible reasons:
#   The system is out of physical RAM or swap space
#   The process is running with CompressedOops enabled, and the Java Heap may be blocking the growth of the native heap
# Possible solutions:
#   Reduce memory load on the system
#   Increase physical memory or swap space
#   Check if swap backing store is full
#   Decrease Java heap size (-Xmx/-Xms)
#   Decrease number of Java threads
#   Decrease Java thread stack sizes (-Xss)
#   Set larger code cache with -XX:ReservedCodeCacheSize=
#   JVM is running with Unscaled Compressed Oops mode in which the Java heap is
#     placed in the first 4GB address space. The Java Heap base address is the
#     maximum limit for the native heap growth. Please use -XX:HeapBaseMinAddress
#     to set the Java Heap base and to place the Java Heap above 4GB virtual address.
# This output file may be truncated or incomplete.
#
#  Out of Memory Error (virtualSpaceNode.cpp:110), pid=11080, tid=15012
#
# JRE version: OpenJDK Runtime Environment Temurin-17.0.9+9 (17.0.9+9) (build 17.0.9+9)
# Java VM: OpenJDK 64-Bit Server VM Temurin-17.0.9+9 (17.0.9+9, mixed mode, tiered, compressed oops, compressed class ptrs, g1 gc, windows-amd64)
# No core dump will be written. Minidumps are not enabled by default on client versions of Windows
#

---------------  S U M M A R Y ------------

Command Line: -Dfile.encoding=UTF-8 -Dstdout.encoding=UTF-8 -Dstderr.encoding=UTF-8 -XX:+ShowCodeDetailsInExceptionMessages atm_system.main_class

Host: AMD Ryzen 5 3550H with Radeon Vega Mobile Gfx  , 8 cores, 5G,  Windows 10 , 64 bit Build 19041 (10.0.19041.3636)
Time: Tue Jan  9 15:44:12 2024 India Standard Time elapsed time: 0.335604 seconds (0d 0h 0m 0s)

---------------  T H R E A D  ---------------

Current thread (0x0000026fcc088ca0):  JavaThread "main" [_thread_in_vm, id=15012, stack(0x00000075aa600000,0x00000075aa700000)]

Stack: [0x00000075aa600000,0x00000075aa700000]
Native frames: (J=compiled Java code, j=interpreted, Vv=VM code, C=native code)
V  [jvm.dll+0x67cf49]
V  [jvm.dll+0x83478a]
V  [jvm.dll+0x83624e]
V  [jvm.dll+0x8368b3]
V  [jvm.dll+0x247f1f]
V  [jvm.dll+0x83044b]
V  [jvm.dll+0x621776]
V  [jvm.dll+0x6217da]
V  [jvm.dll+0x62400a]
V  [jvm.dll+0x622116]
V  [jvm.dll+0x1ea102]
V  [jvm.dll+0x1ecf84]
V  [jvm.dll+0x1e23d1]
V  [jvm.dll+0x54305e]
V  [jvm.dll+0x1f2e27]
V  [jvm.dll+0x7adb8b]
V  [jvm.dll+0x7aef5c]
V  [jvm.dll+0x7af2a8]
V  [jvm.dll+0x2401ee]
V  [jvm.dll+0x382e4e]
C  0x0000026fd6cab5bb

The last pc belongs to new (printed below).
Java frames: (J=compiled Java code, j=interpreted, Vv=VM code)
j  javax.swing.UIManager.getLAFState()Ljavax/swing/UIManager$LAFState;+37 java.desktop@17.0.9
j  javax.swing.UIManager.maybeInitialize()V+6 java.desktop@17.0.9
j  javax.swing.UIManager.getUI(Ljavax/swing/JComponent;)Ljavax/swing/plaf/ComponentUI;+0 java.desktop@17.0.9
j  javax.swing.JPanel.updateUI()V+2 java.desktop@17.0.9
j  javax.swing.JPanel.<init>(Ljava/awt/LayoutManager;Z)V+24 java.desktop@17.0.9
j  javax.swing.JPanel.<init>(Z)V+9 java.desktop@17.0.9
j  javax.swing.JPanel.<init>()V+2 java.desktop@17.0.9
j  javax.swing.JRootPane.createGlassPane()Ljava/awt/Component;+4 java.desktop@17.0.9
j  javax.swing.JRootPane.<init>()V+11 java.desktop@17.0.9
j  javax.swing.JFrame.createRootPane()Ljavax/swing/JRootPane;+4 java.desktop@17.0.9
j  javax.swing.JFrame.frameInit()V+16 java.desktop@17.0.9
j  javax.swing.JFrame.<init>()V+20 java.desktop@17.0.9
j  atm_system.main_class.<init>()V+1
j  atm_system.main_class.main([Ljava/lang/String;)V+3
v  ~StubRoutines::call_stub
new  187 new  [0x0000026fd6cab420, 0x0000026fd6cab640]  544 bytes
[MachCode]
  0x0000026fd6cab420: 4883 ec08 | c5fa 1104 | 24eb 1f48 | 83ec 10c5 | fb11 0424 | eb14 4883 | ec10 4889 | 0424 48c7 
  0x0000026fd6cab440: 4424 0800 | 0000 00eb | 0150 410f | b755 010f | cac1 ea10 | 488b 4de8 | 488b 4908 | 488b 4908 
  0x0000026fd6cab460: 488b 4108 | 807c 1004 | 070f 85d6 | 0000 0066 | 8b54 d148 | 488b 4928 | 488b 4cd1 | 0851 80b9 
  0x0000026fd6cab480: 3301 0000 | 040f 85b9 | 0000 008b | 5108 f7c2 | 0100 0000 | 0f85 aa00 | 0000 498b | 8708 0100 
  0x0000026fd6cab4a0: 0048 8d1c | 1049 3b9f | 1801 0000 | 0f87 9200 | 0000 4989 | 9f08 0100 | 00e9 0000 | 0000 4883 
  0x0000026fd6cab4c0: ea10 0f84 | 0f00 0000 | 33c9 c1ea | 0348 894c | d008 48ff | ca75 f648 | c700 0100 | 0000 5933 
  0x0000026fd6cab4e0: f689 700c | 48c1 e903 | 8948 0849 | ba2f 3520 | 0ffd 7f00 | 0041 803a | 000f 8440 | 0000 0050 
  0x0000026fd6cab500: 488b c848 | 83ec 20f7 | c40f 0000 | 000f 841a | 0000 0048 | 83ec 0849 | bae0 2bd6 | 0efd 7f00 
  0x0000026fd6cab520: 0041 ffd2 | 4883 c408 | e90d 0000 | 0049 bae0 | 2bd6 0efd | 7f00 0041 | ffd2 4883 | c420 58e9 
  0x0000026fd6cab540: cd00 0000 | 5948 8b55 | e848 8b52 | 0848 8b52 | 0845 0fb7 | 4501 410f | c841 c1e8 | 10e8 0500 
  0x0000026fd6cab560: 0000 e9aa | 0000 0048 | 8d44 2408 | 4c89 6dc0 | 498b cfc5 | f877 4989 | afa8 0200 | 0049 8987 
  0x0000026fd6cab580: 9802 0000 | 4883 ec20 | f7c4 0f00 | 0000 0f84 | 1a00 0000 | 4883 ec08 | 49ba 002e | a00e fd7f 
  0x0000026fd6cab5a0: 0000 41ff | d248 83c4 | 08e9 0d00 | 0000 49ba | 002e a00e | fd7f 0000 | 41ff d248 | 83c4 2049 
  0x0000026fd6cab5c0: c787 9802 | 0000 0000 | 0000 49c7 | 87a8 0200 | 0000 0000 | 0049 c787 | a002 0000 | 0000 0000 
  0x0000026fd6cab5e0: c5f8 7749 | 817f 0800 | 0000 000f | 8405 0000 | 00e9 0a59 | feff 498b | 87f0 0200 | 0049 c787 
  0x0000026fd6cab600: f002 0000 | 0000 0000 | 4c8b 6dc0 | 4c8b 75c8 | c341 0fb6 | 5d03 4983 | c503 49ba | 909a 220f 
  0x0000026fd6cab620: fd7f 0000 | 41ff 24da | 0000 0000 | 0000 0000 | 0000 0000 | 0000 0000 | 0000 0000 | 0000 0000 
[/MachCode]

---------------  P R O C E S S  ---------------

Threads class SMR info:
_java_thread_list=0x0000026fe9496cc0, length=15, elements={
0x0000026fcc088ca0, 0x0000026fe4d053e0, 0x0000026fe4d062e0, 0x0000026fe4d29010,
0x0000026fe4d2a500, 0x0000026fe4d2add0, 0x0000026fe900a450, 0x0000026fe4d2d930,
0x0000026fe4d2e330, 0x0000026fe90168b0, 0x0000026fe9009520, 0x0000026fe9009f40,
0x0000026fe900a960, 0x0000026fe9009010, 0x0000026fe900ae70
}

Java Threads: ( => current thread )
=>0x0000026fcc088ca0 JavaThread "main" [_thread_in_vm, id=15012, stack(0x00000075aa600000,0x00000075aa700000)]
  0x0000026fe4d053e0 JavaThread "Reference Handler" daemon [_thread_blocked, id=18232, stack(0x00000075aad00000,0x00000075aae00000)]
  0x0000026fe4d062e0 JavaThread "Finalizer" daemon [_thread_blocked, id=12964, stack(0x00000075aae00000,0x00000075aaf00000)]
  0x0000026fe4d29010 JavaThread "Signal Dispatcher" daemon [_thread_blocked, id=15740, stack(0x00000075aaf00000,0x00000075ab000000)]
  0x0000026fe4d2a500 JavaThread "Attach Listener" daemon [_thread_blocked, id=16340, stack(0x00000075ab000000,0x00000075ab100000)]
  0x0000026fe4d2add0 JavaThread "Service Thread" daemon [_thread_blocked, id=14712, stack(0x00000075ab100000,0x00000075ab200000)]
  0x0000026fe900a450 JavaThread "Monitor Deflation Thread" daemon [_thread_blocked, id=22532, stack(0x00000075ab200000,0x00000075ab300000)]
  0x0000026fe4d2d930 JavaThread "C2 CompilerThread0" daemon [_thread_blocked, id=19896, stack(0x00000075ab300000,0x00000075ab400000)]
  0x0000026fe4d2e330 JavaThread "C1 CompilerThread0" daemon [_thread_blocked, id=4568, stack(0x00000075ab400000,0x00000075ab500000)]
  0x0000026fe90168b0 JavaThread "Sweeper thread" daemon [_thread_blocked, id=26716, stack(0x00000075ab500000,0x00000075ab600000)]
  0x0000026fe9009520 JavaThread "Notification Thread" daemon [_thread_blocked, id=5856, stack(0x00000075ab600000,0x00000075ab700000)]
  0x0000026fe9009f40 JavaThread "Common-Cleaner" daemon [_thread_blocked, id=21680, stack(0x00000075ab800000,0x00000075ab900000)]
  0x0000026fe900a960 JavaThread "Java2D Disposer" daemon [_thread_blocked, id=11924, stack(0x00000075ab900000,0x00000075aba00000)]
  0x0000026fe9009010 JavaThread "AWT-Shutdown" [_thread_blocked, id=27432, stack(0x00000075aba00000,0x00000075abb00000)]
  0x0000026fe900ae70 JavaThread "AWT-Windows" daemon [_thread_in_native, id=10624, stack(0x00000075abb00000,0x00000075abc00000)]

Other Threads:
  0x0000026fe4ce1950 VMThread "VM Thread" [stack: 0x00000075aac00000,0x00000075aad00000] [id=18024]
  0x0000026fe9199c80 WatcherThread [stack: 0x00000075ab700000,0x00000075ab800000] [id=12928]
  0x0000026fcc0d4160 GCTaskThread "GC Thread#0" [stack: 0x00000075aa700000,0x00000075aa800000] [id=14484]
  0x0000026fcc0e1390 ConcurrentGCThread "G1 Main Marker" [stack: 0x00000075aa800000,0x00000075aa900000] [id=1096]
  0x0000026fcc0e1cb0 ConcurrentGCThread "G1 Conc#0" [stack: 0x00000075aa900000,0x00000075aaa00000] [id=2740]
  0x0000026fe4b40090 ConcurrentGCThread "G1 Refine#0" [stack: 0x00000075aaa00000,0x00000075aab00000] [id=23488]
  0x0000026fe4b419d0 ConcurrentGCThread "G1 Service" [stack: 0x00000075aab00000,0x00000075aac00000] [id=18532]

Threads with active compile tasks:

VM state: not at safepoint (normal execution)

VM Mutex/Monitor currently owned by a thread:  ([mutex/lock_event])
[0x0000026fcc080b50] Metaspace_lock - owner thread: 0x0000026fcc088ca0

Heap address: 0x00000000a1e00000, size: 1506 MB, Compressed Oops mode: 32-bit

CDS archive(s) not mapped
Compressed class space mapped at: 0x0000000100000000-0x0000000140000000, reserved size: 1073741824
Narrow klass base: 0x0000000000000000, Narrow klass shift: 3, Narrow klass range: 0x140000000

GC Precious Log:
 CPUs: 8 total, 8 available
 Memory: 6021M
 Large Page Support: Disabled
 NUMA Support: Disabled
 Compressed Oops: Enabled (32-bit)
 Heap Region Size: 1M
 Heap Min Capacity: 8M
 Heap Initial Capacity: 96M
 Heap Max Capacity: 1506M
 Pre-touch: Disabled
 Parallel Workers: 8
 Concurrent Workers: 2
 Concurrent Refinement Workers: 8
 Periodic GC: Disabled

Heap:
 garbage-first heap   total 98304K, used 3072K [0x00000000a1e00000, 0x0000000100000000)
  region size 1024K, 4 young (4096K), 0 survivors (0K)
 Metaspace       used 9627K, committed 9792K, reserved 1114112K
  class space    used 863K, committed 960K, reserved 1048576K

Heap Regions: E=young(eden), S=young(survivor), O=old, HS=humongous(starts), HC=humongous(continues), CS=collection set, F=free, OA=open archive, CA=closed archive, TAMS=top-at-mark-start (previous, next)
|   0|0x00000000a1e00000, 0x00000000a1e00000, 0x00000000a1f00000|  0%| F|  |TAMS 0x00000000a1e00000, 0x00000000a1e00000| Untracked 
|   1|0x00000000a1f00000, 0x00000000a1f00000, 0x00000000a2000000|  0%| F|  |TAMS 0x00000000a1f00000, 0x00000000a1f00000| Untracked 
|   2|0x00000000a2000000, 0x00000000a2000000, 0x00000000a2100000|  0%| F|  |TAMS 0x00000000a2000000, 0x00000000a2000000| Untracked 
|   3|0x00000000a2100000, 0x00000000a2100000, 0x00000000a2200000|  0%| F|  |TAMS 0x00000000a2100000, 0x00000000a2100000| Untracked 
|   4|0x00000000a2200000, 0x00000000a2200000, 0x00000000a2300000|  0%| F|  |TAMS 0x00000000a2200000, 0x00000000a2200000| Untracked 
|   5|0x00000000a2300000, 0x00000000a2300000, 0x00000000a2400000|  0%| F|  |TAMS 0x00000000a2300000, 0x00000000a2300000| Untracked 
|   6|0x00000000a2400000, 0x00000000a2400000, 0x00000000a2500000|  0%| F|  |TAMS 0x00000000a2400000, 0x00000000a2400000| Untracked 
|   7|0x00000000a2500000, 0x00000000a2500000, 0x00000000a2600000|  0%| F|  |TAMS 0x00000000a2500000, 0x00000000a2500000| Untracked 
|   8|0x00000000a2600000, 0x00000000a2600000, 0x00000000a2700000|  0%| F|  |TAMS 0x00000000a2600000, 0x00000000a2600000| Untracked 
|   9|0x00000000a2700000, 0x00000000a2700000, 0x00000000a2800000|  0%| F|  |TAMS 0x00000000a2700000, 0x00000000a2700000| Untracked 
|  10|0x00000000a2800000, 0x00000000a2800000, 0x00000000a2900000|  0%| F|  |TAMS 0x00000000a2800000, 0x00000000a2800000| Untracked 
|  11|0x00000000a2900000, 0x00000000a2900000, 0x00000000a2a00000|  0%| F|  |TAMS 0x00000000a2900000, 0x00000000a2900000| Untracked 
|  12|0x00000000a2a00000, 0x00000000a2a00000, 0x00000000a2b00000|  0%| F|  |TAMS 0x00000000a2a00000, 0x00000000a2a00000| Untracked 
|  13|0x00000000a2b00000, 0x00000000a2b00000, 0x00000000a2c00000|  0%| F|  |TAMS 0x00000000a2b00000, 0x00000000a2b00000| Untracked 
|  14|0x00000000a2c00000, 0x00000000a2c00000, 0x00000000a2d00000|  0%| F|  |TAMS 0x00000000a2c00000, 0x00000000a2c00000| Untracked 
|  15|0x00000000a2d00000, 0x00000000a2d00000, 0x00000000a2e00000|  0%| F|  |TAMS 0x00000000a2d00000, 0x00000000a2d00000| Untracked 
|  16|0x00000000a2e00000, 0x00000000a2e00000, 0x00000000a2f00000|  0%| F|  |TAMS 0x00000000a2e00000, 0x00000000a2e00000| Untracked 
|  17|0x00000000a2f00000, 0x00000000a2f00000, 0x00000000a3000000|  0%| F|  |TAMS 0x00000000a2f00000, 0x00000000a2f00000| Untracked 
|  18|0x00000000a3000000, 0x00000000a3000000, 0x00000000a3100000|  0%| F|  |TAMS 0x00000000a3000000, 0x00000000a3000000| Untracked 
|  19|0x00000000a3100000, 0x00000000a3100000, 0x00000000a3200000|  0%| F|  |TAMS 0x00000000a3100000, 0x00000000a3100000| Untracked 
|  20|0x00000000a3200000, 0x00000000a3200000, 0x00000000a3300000|  0%| F|  |TAMS 0x00000000a3200000, 0x00000000a3200000| Untracked 
|  21|0x00000000a3300000, 0x00000000a3300000, 0x00000000a3400000|  0%| F|  |TAMS 0x00000000a3300000, 0x00000000a3300000| Untracked 
|  22|0x00000000a3400000, 0x00000000a3400000, 0x00000000a3500000|  0%| F|  |TAMS 0x00000000a3400000, 0x00000000a3400000| Untracked 
|  23|0x00000000a3500000, 0x00000000a3500000, 0x00000000a3600000|  0%| F|  |TAMS 0x00000000a3500000, 0x00000000a3500000| Untracked 
|  24|0x00000000a3600000, 0x00000000a3600000, 0x00000000a3700000|  0%| F|  |TAMS 0x00000000a3600000, 0x00000000a3600000| Untracked 
|  25|0x00000000a3700000, 0x00000000a3700000, 0x00000000a3800000|  0%| F|  |TAMS 0x00000000a3700000, 0x00000000a3700000| Untracked 
|  26|0x00000000a3800000, 0x00000000a3800000, 0x00000000a3900000|  0%| F|  |TAMS 0x00000000a3800000, 0x00000000a3800000| Untracked 
|  27|0x00000000a3900000, 0x00000000a3900000, 0x00000000a3a00000|  0%| F|  |TAMS 0x00000000a3900000, 0x00000000a3900000| Untracked 
|  28|0x00000000a3a00000, 0x00000000a3a00000, 0x00000000a3b00000|  0%| F|  |TAMS 0x00000000a3a00000, 0x00000000a3a00000| Untracked 
|  29|0x00000000a3b00000, 0x00000000a3b00000, 0x00000000a3c00000|  0%| F|  |TAMS 0x00000000a3b00000, 0x00000000a3b00000| Untracked 
|  30|0x00000000a3c00000, 0x00000000a3c00000, 0x00000000a3d00000|  0%| F|  |TAMS 0x00000000a3c00000, 0x00000000a3c00000| Untracked 
|  31|0x00000000a3d00000, 0x00000000a3d00000, 0x00000000a3e00000|  0%| F|  |TAMS 0x00000000a3d00000, 0x00000000a3d00000| Untracked 
|  32|0x00000000a3e00000, 0x00000000a3e00000, 0x00000000a3f00000|  0%| F|  |TAMS 0x00000000a3e00000, 0x00000000a3e00000| Untracked 
|  33|0x00000000a3f00000, 0x00000000a3f00000, 0x00000000a4000000|  0%| F|  |TAMS 0x00000000a3f00000, 0x00000000a3f00000| Untracked 
|  34|0x00000000a4000000, 0x00000000a4000000, 0x00000000a4100000|  0%| F|  |TAMS 0x00000000a4000000, 0x00000000a4000000| Untracked 
|  35|0x00000000a4100000, 0x00000000a4100000, 0x00000000a4200000|  0%| F|  |TAMS 0x00000000a4100000, 0x00000000a4100000| Untracked 
|  36|0x00000000a4200000, 0x00000000a4200000, 0x00000000a4300000|  0%| F|  |TAMS 0x00000000a4200000, 0x00000000a4200000| Untracked 
|  37|0x00000000a4300000, 0x00000000a4300000, 0x00000000a4400000|  0%| F|  |TAMS 0x00000000a4300000, 0x00000000a4300000| Untracked 
|  38|0x00000000a4400000, 0x00000000a4400000, 0x00000000a4500000|  0%| F|  |TAMS 0x00000000a4400000, 0x00000000a4400000| Untracked 
|  39|0x00000000a4500000, 0x00000000a4500000, 0x00000000a4600000|  0%| F|  |TAMS 0x00000000a4500000, 0x00000000a4500000| Untracked 
|  40|0x00000000a4600000, 0x00000000a4600000, 0x00000000a4700000|  0%| F|  |TAMS 0x00000000a4600000, 0x00000000a4600000| Untracked 
|  41|0x00000000a4700000, 0x00000000a4700000, 0x00000000a4800000|  0%| F|  |TAMS 0x00000000a4700000, 0x00000000a4700000| Untracked 
|  42|0x00000000a4800000, 0x00000000a4800000, 0x00000000a4900000|  0%| F|  |TAMS 0x00000000a4800000, 0x00000000a4800000| Untracked 
|  43|0x00000000a4900000, 0x00000000a4900000, 0x00000000a4a00000|  0%| F|  |TAMS 0x00000000a4900000, 0x00000000a4900000| Untracked 
|  44|0x00000000a4a00000, 0x00000000a4a00000, 0x00000000a4b00000|  0%| F|  |TAMS 0x00000000a4a00000, 0x00000000a4a00000| Untracked 
|  45|0x00000000a4b00000, 0x00000000a4b00000, 0x00000000a4c00000|  0%| F|  |TAMS 0x00000000a4b00000, 0x00000000a4b00000| Untracked 
|  46|0x00000000a4c00000, 0x00000000a4c00000, 0x00000000a4d00000|  0%| F|  |TAMS 0x00000000a4c00000, 0x00000000a4c00000| Untracked 
|  47|0x00000000a4d00000, 0x00000000a4d00000, 0x00000000a4e00000|  0%| F|  |TAMS 0x00000000a4d00000, 0x00000000a4d00000| Untracked 
|  48|0x00000000a4e00000, 0x00000000a4e00000, 0x00000000a4f00000|  0%| F|  |TAMS 0x00000000a4e00000, 0x00000000a4e00000| Untracked 
|  49|0x00000000a4f00000, 0x00000000a4f00000, 0x00000000a5000000|  0%| F|  |TAMS 0x00000000a4f00000, 0x00000000a4f00000| Untracked 
|  50|0x00000000a5000000, 0x00000000a5000000, 0x00000000a5100000|  0%| F|  |TAMS 0x00000000a5000000, 0x00000000a5000000| Untracked 
|  51|0x00000000a5100000, 0x00000000a5100000, 0x00000000a5200000|  0%| F|  |TAMS 0x00000000a5100000, 0x00000000a5100000| Untracked 
|  52|0x00000000a5200000, 0x00000000a5200000, 0x00000000a5300000|  0%| F|  |TAMS 0x00000000a5200000, 0x00000000a5200000| Untracked 
|  53|0x00000000a5300000, 0x00000000a5300000, 0x00000000a5400000|  0%| F|  |TAMS 0x00000000a5300000, 0x00000000a5300000| Untracked 
|  54|0x00000000a5400000, 0x00000000a5400000, 0x00000000a5500000|  0%| F|  |TAMS 0x00000000a5400000, 0x00000000a5400000| Untracked 
|  55|0x00000000a5500000, 0x00000000a5500000, 0x00000000a5600000|  0%| F|  |TAMS 0x00000000a5500000, 0x00000000a5500000| Untracked 
|  56|0x00000000a5600000, 0x00000000a5600000, 0x00000000a5700000|  0%| F|  |TAMS 0x00000000a5600000, 0x00000000a5600000| Untracked 
|  57|0x00000000a5700000, 0x00000000a5700000, 0x00000000a5800000|  0%| F|  |TAMS 0x00000000a5700000, 0x00000000a5700000| Untracked 
|  58|0x00000000a5800000, 0x00000000a5800000, 0x00000000a5900000|  0%| F|  |TAMS 0x00000000a5800000, 0x00000000a5800000| Untracked 
|  59|0x00000000a5900000, 0x00000000a5900000, 0x00000000a5a00000|  0%| F|  |TAMS 0x00000000a5900000, 0x00000000a5900000| Untracked 
|  60|0x00000000a5a00000, 0x00000000a5a00000, 0x00000000a5b00000|  0%| F|  |TAMS 0x00000000a5a00000, 0x00000000a5a00000| Untracked 
|  61|0x00000000a5b00000, 0x00000000a5b00000, 0x00000000a5c00000|  0%| F|  |TAMS 0x00000000a5b00000, 0x00000000a5b00000| Untracked 
|  62|0x00000000a5c00000, 0x00000000a5c00000, 0x00000000a5d00000|  0%| F|  |TAMS 0x00000000a5c00000, 0x00000000a5c00000| Untracked 
|  63|0x00000000a5d00000, 0x00000000a5d00000, 0x00000000a5e00000|  0%| F|  |TAMS 0x00000000a5d00000, 0x00000000a5d00000| Untracked 
|  64|0x00000000a5e00000, 0x00000000a5e00000, 0x00000000a5f00000|  0%| F|  |TAMS 0x00000000a5e00000, 0x00000000a5e00000| Untracked 
|  65|0x00000000a5f00000, 0x00000000a5f00000, 0x00000000a6000000|  0%| F|  |TAMS 0x00000000a5f00000, 0x00000000a5f00000| Untracked 
|  66|0x00000000a6000000, 0x00000000a6000000, 0x00000000a6100000|  0%| F|  |TAMS 0x00000000a6000000, 0x00000000a6000000| Untracked 
|  67|0x00000000a6100000, 0x00000000a6100000, 0x00000000a6200000|  0%| F|  |TAMS 0x00000000a6100000, 0x00000000a6100000| Untracked 
|  68|0x00000000a6200000, 0x00000000a6200000, 0x00000000a6300000|  0%| F|  |TAMS 0x00000000a6200000, 0x00000000a6200000| Untracked 
|  69|0x00000000a6300000, 0x00000000a6300000, 0x00000000a6400000|  0%| F|  |TAMS 0x00000000a6300000, 0x00000000a6300000| Untracked 
|  70|0x00000000a6400000, 0x00000000a6400000, 0x00000000a6500000|  0%| F|  |TAMS 0x00000000a6400000, 0x00000000a6400000| Untracked 
|  71|0x00000000a6500000, 0x00000000a6500000, 0x00000000a6600000|  0%| F|  |TAMS 0x00000000a6500000, 0x00000000a6500000| Untracked 
|  72|0x00000000a6600000, 0x00000000a6600000, 0x00000000a6700000|  0%| F|  |TAMS 0x00000000a6600000, 0x00000000a6600000| Untracked 
|  73|0x00000000a6700000, 0x00000000a6700000, 0x00000000a6800000|  0%| F|  |TAMS 0x00000000a6700000, 0x00000000a6700000| Untracked 
|  74|0x00000000a6800000, 0x00000000a6800000, 0x00000000a6900000|  0%| F|  |TAMS 0x00000000a6800000, 0x00000000a6800000| Untracked 
|  75|0x00000000a6900000, 0x00000000a6900000, 0x00000000a6a00000|  0%| F|  |TAMS 0x00000000a6900000, 0x00000000a6900000| Untracked 
|  76|0x00000000a6a00000, 0x00000000a6a00000, 0x00000000a6b00000|  0%| F|  |TAMS 0x00000000a6a00000, 0x00000000a6a00000| Untracked 
|  77|0x00000000a6b00000, 0x00000000a6b00000, 0x00000000a6c00000|  0%| F|  |TAMS 0x00000000a6b00000, 0x00000000a6b00000| Untracked 
|  78|0x00000000a6c00000, 0x00000000a6c00000, 0x00000000a6d00000|  0%| F|  |TAMS 0x00000000a6c00000, 0x00000000a6c00000| Untracked 
|  79|0x00000000a6d00000, 0x00000000a6d00000, 0x00000000a6e00000|  0%| F|  |TAMS 0x00000000a6d00000, 0x00000000a6d00000| Untracked 
|  80|0x00000000a6e00000, 0x00000000a6e00000, 0x00000000a6f00000|  0%| F|  |TAMS 0x00000000a6e00000, 0x00000000a6e00000| Untracked 
|  81|0x00000000a6f00000, 0x00000000a6f00000, 0x00000000a7000000|  0%| F|  |TAMS 0x00000000a6f00000, 0x00000000a6f00000| Untracked 
|  82|0x00000000a7000000, 0x00000000a7000000, 0x00000000a7100000|  0%| F|  |TAMS 0x00000000a7000000, 0x00000000a7000000| Untracked 
|  83|0x00000000a7100000, 0x00000000a7100000, 0x00000000a7200000|  0%| F|  |TAMS 0x00000000a7100000, 0x00000000a7100000| Untracked 
|  84|0x00000000a7200000, 0x00000000a7200000, 0x00000000a7300000|  0%| F|  |TAMS 0x00000000a7200000, 0x00000000a7200000| Untracked 
|  85|0x00000000a7300000, 0x00000000a7300000, 0x00000000a7400000|  0%| F|  |TAMS 0x00000000a7300000, 0x00000000a7300000| Untracked 
|  86|0x00000000a7400000, 0x00000000a7400000, 0x00000000a7500000|  0%| F|  |TAMS 0x00000000a7400000, 0x00000000a7400000| Untracked 
|  87|0x00000000a7500000, 0x00000000a7500000, 0x00000000a7600000|  0%| F|  |TAMS 0x00000000a7500000, 0x00000000a7500000| Untracked 
|  88|0x00000000a7600000, 0x00000000a7600000, 0x00000000a7700000|  0%| F|  |TAMS 0x00000000a7600000, 0x00000000a7600000| Untracked 
|  89|0x00000000a7700000, 0x00000000a7700000, 0x00000000a7800000|  0%| F|  |TAMS 0x00000000a7700000, 0x00000000a7700000| Untracked 
|  90|0x00000000a7800000, 0x00000000a7800000, 0x00000000a7900000|  0%| F|  |TAMS 0x00000000a7800000, 0x00000000a7800000| Untracked 
|  91|0x00000000a7900000, 0x00000000a7900000, 0x00000000a7a00000|  0%| F|  |TAMS 0x00000000a7900000, 0x00000000a7900000| Untracked 
|  92|0x00000000a7a00000, 0x00000000a7a76448, 0x00000000a7b00000| 46%| E|  |TAMS 0x00000000a7a00000, 0x00000000a7a00000| Complete 
|  93|0x00000000a7b00000, 0x00000000a7c00000, 0x00000000a7c00000|100%| E|CS|TAMS 0x00000000a7b00000, 0x00000000a7b00000| Complete 
|  94|0x00000000a7c00000, 0x00000000a7d00000, 0x00000000a7d00000|100%| E|CS|TAMS 0x00000000a7c00000, 0x00000000a7c00000| Complete 
|  95|0x00000000a7d00000, 0x00000000a7e00000, 0x00000000a7e00000|100%| E|CS|TAMS 0x00000000a7d00000, 0x00000000a7d00000| Complete 

Card table byte_map: [0x0000026fded90000,0x0000026fdf090000] _byte_map_base: 0x0000026fde881000

Marking Bits (Prev, Next): (CMBitMap*) 0x0000026fcc0d4680, (CMBitMap*) 0x0000026fcc0d46c0
 Prev Bits: [0x0000026fdf390000, 0x0000026fe0b18000)
 Next Bits: [0x0000026fe0b20000, 0x0000026fe22a8000)

Polling page: 0x0000026fc9fe0000

Metaspace:

Usage:
  Non-class:      8.56 MB used.
      Class:    863.88 KB used.
       Both:      9.40 MB used.

Virtual space:
  Non-class space:       64.00 MB reserved,       8.62 MB ( 13%) committed,  1 nodes.
      Class space:        1.00 GB reserved,     960.00 KB ( <1%) committed,  1 nodes.
             Both:        1.06 GB reserved,       9.56 MB ( <1%) committed. 

Chunk freelists:
   Non-Class:  6.99 MB
       Class:  15.09 MB
        Both:  22.08 MB

MaxMetaspaceSize: unlimited
CompressedClassSpaceSize: 1.00 GB
Initial GC threshold: 21.00 MB
Current GC threshold: 21.00 MB
CDS: off
MetaspaceReclaimPolicy: balanced
 - commit_granule_bytes: 65536.
 - commit_granule_words: 8192.
 - virtual_space_node_default_size: 8388608.
 - enlarge_chunks_in_place: 1.
 - new_chunks_are_fully_committed: 0.
 - uncommit_free_chunks: 1.
 - use_allocation_guard: 0.
 - handle_deallocations: 1.


Internal statistics:

num_allocs_failed_limit: 0.
num_arena_births: 72.
num_arena_deaths: 0.
num_vsnodes_births: 2.
num_vsnodes_deaths: 0.
num_space_committed: 153.
num_space_uncommitted: 0.
num_chunks_returned_to_freelist: 0.
num_chunks_taken_from_freelist: 108.
num_chunk_merges: 0.
num_chunk_splits: 58.
num_chunks_enlarged: 26.
num_inconsistent_stats: 0.

CodeHeap 'non-profiled nmethods': size=120000Kb used=103Kb max_used=103Kb free=119897Kb
 bounds [0x0000026fd7230000, 0x0000026fd74a0000, 0x0000026fde760000]
CodeHeap 'profiled nmethods': size=120000Kb used=479Kb max_used=479Kb free=119520Kb
 bounds [0x0000026fcf760000, 0x0000026fcf9d0000, 0x0000026fd6c90000]
CodeHeap 'non-nmethods': size=5760Kb used=1180Kb max_used=1191Kb free=4579Kb
 bounds [0x0000026fd6c90000, 0x0000026fd6f00000, 0x0000026fd7230000]
 total_blobs=825 nmethods=346 adapters=392
 compilation: enabled
              stopped_count=0, restarted_count=0
 full_count=0

Compilation events (20 events):
Event: 0.330 Thread 0x0000026fe4d2e330  338       3       java.lang.StringLatin1::compareTo (14 bytes)
Event: 0.330 Thread 0x0000026fe4d2e330 nmethod 338 0x0000026fcf7d4310 code [0x0000026fcf7d44c0, 0x0000026fcf7d45e8]
Event: 0.330 Thread 0x0000026fe4d2e330  335       3       java.lang.String::compareTo (9 bytes)
Event: 0.330 Thread 0x0000026fe4d2e330 nmethod 335 0x0000026fcf7d4710 code [0x0000026fcf7d48c0, 0x0000026fcf7d4ae8]
Event: 0.330 Thread 0x0000026fe4d2e330  339       1       java.util.HashMap$Node::getKey (5 bytes)
Event: 0.330 Thread 0x0000026fe4d2e330 nmethod 339 0x0000026fd7249310 code [0x0000026fd72494a0, 0x0000026fd7249578]
Event: 0.330 Thread 0x0000026fe4d2e330  340       1       java.util.HashMap$Node::getValue (5 bytes)
Event: 0.330 Thread 0x0000026fe4d2e330 nmethod 340 0x0000026fd7249610 code [0x0000026fd72497a0, 0x0000026fd7249878]
Event: 0.330 Thread 0x0000026fe4d2e330  341       3       java.util.HashMap$HashIterator::hasNext (13 bytes)
Event: 0.330 Thread 0x0000026fe4d2e330 nmethod 341 0x0000026fcf7d4b90 code [0x0000026fcf7d4d20, 0x0000026fcf7d4e98]
Event: 0.330 Thread 0x0000026fe4d2e330  343       3       java.util.HashMap$HashIterator::nextNode (100 bytes)
Event: 0.331 Thread 0x0000026fe4d2e330 nmethod 343 0x0000026fcf7d4f10 code [0x0000026fcf7d5100, 0x0000026fcf7d5638]
Event: 0.331 Thread 0x0000026fe4d2e330  344       3       java.util.HashMap::resize (356 bytes)
Event: 0.331 Thread 0x0000026fe4d2e330 nmethod 344 0x0000026fcf7d5810 code [0x0000026fcf7d5ac0, 0x0000026fcf7d6f08]
Event: 0.331 Thread 0x0000026fe4d2e330  346       3       java.util.IdentityHashMap$IdentityHashMapIterator::hasNext (50 bytes)
Event: 0.331 Thread 0x0000026fe4d2e330 nmethod 346 0x0000026fcf7d7390 code [0x0000026fcf7d7540, 0x0000026fcf7d7798]
Event: 0.331 Thread 0x0000026fe4d2e330  342       3       java.util.AbstractSet::<init> (5 bytes)
Event: 0.331 Thread 0x0000026fe4d2e330 nmethod 342 0x0000026fcf7d7890 code [0x0000026fcf7d7a40, 0x0000026fcf7d7bf8]
Event: 0.331 Thread 0x0000026fe4d2e330  345       1       java.util.concurrent.atomic.AtomicInteger::get (5 bytes)
Event: 0.332 Thread 0x0000026fe4d2e330 nmethod 345 0x0000026fd7249910 code [0x0000026fd7249aa0, 0x0000026fd7249b78]

GC Heap History (0 events):
No events

Dll operation events (6 events):
Event: 0.007 Loaded shared library C:\Users\Admin\.p2\pool\plugins\org.eclipse.justj.openjdk.hotspot.jre.full.win32.x86_64_17.0.9.v20231028-0858\jre\bin\java.dll
Event: 0.112 Loaded shared library C:\Users\Admin\.p2\pool\plugins\org.eclipse.justj.openjdk.hotspot.jre.full.win32.x86_64_17.0.9.v20231028-0858\jre\bin\jimage.dll
Event: 0.124 Loaded shared library C:\Users\Admin\.p2\pool\plugins\org.eclipse.justj.openjdk.hotspot.jre.full.win32.x86_64_17.0.9.v20231028-0858\jre\bin\net.dll
Event: 0.126 Loaded shared library C:\Users\Admin\.p2\pool\plugins\org.eclipse.justj.openjdk.hotspot.jre.full.win32.x86_64_17.0.9.v20231028-0858\jre\bin\nio.dll
Event: 0.131 Loaded shared library C:\Users\Admin\.p2\pool\plugins\org.eclipse.justj.openjdk.hotspot.jre.full.win32.x86_64_17.0.9.v20231028-0858\jre\bin\zip.dll
Event: 0.170 Loaded shared library C:\Users\Admin\.p2\pool\plugins\org.eclipse.justj.openjdk.hotspot.jre.full.win32.x86_64_17.0.9.v20231028-0858\jre\bin\awt.dll

Deoptimization events (0 events):
No events

Classes unloaded (0 events):
No events

Classes redefined (0 events):
No events

Internal exceptions (4 events):
Event: 0.159 Thread 0x0000026fcc088ca0 Exception <a 'java/lang/ClassNotFoundException'{0x00000000a7c744c8}: sun/awt/resources/spi/awtProvider> (0x00000000a7c744c8) 
thrown [s\src\hotspot\share\classfile\systemDictionary.cpp, line 256]
Event: 0.188 Thread 0x0000026fcc088ca0 Exception <a 'java/io/FileNotFoundException'{0x00000000a7cce1d0}> (0x00000000a7cce1d0) 
thrown [s\src\hotspot\share\prims\jni.cpp, line 516]
Event: 0.194 Thread 0x0000026fcc088ca0 Exception <a 'java/io/FileNotFoundException'{0x00000000a7cfb3d0}> (0x00000000a7cfb3d0) 
thrown [s\src\hotspot\share\prims\jni.cpp, line 516]
Event: 0.243 Thread 0x0000026fcc088ca0 Exception <a 'java/lang/NoSuchMethodError'{0x00000000a7b4c620}: 'java.lang.Object java.lang.invoke.DirectMethodHandle$Holder.invokeStaticInit(java.lang.Object)'> (0x00000000a7b4c620) 
thrown [s\src\hotspot\share\interpreter\linkResolver.cpp, line 759]

VM Operations (0 events):
No events

Events (20 events):
Event: 0.330 loading class java/awt/Toolkit$DesktopPropertyChangeSupport$1 done
Event: 0.330 loading class java/util/Collections$SynchronizedCollection
Event: 0.330 loading class java/util/Collections$SynchronizedCollection done
Event: 0.330 loading class java/util/IdentityHashMap$Values
Event: 0.330 loading class java/util/IdentityHashMap$Values done
Event: 0.330 loading class java/util/IdentityHashMap$ValueIterator
Event: 0.330 loading class java/util/IdentityHashMap$IdentityHashMapIterator
Event: 0.330 loading class java/util/IdentityHashMap$IdentityHashMapIterator done
Event: 0.330 loading class java/util/IdentityHashMap$ValueIterator done
Event: 0.331 loading class sun/swing/SwingUtilities2
Event: 0.332 loading class sun/swing/SwingUtilities2 done
Event: 0.332 loading class java/awt/font/FontRenderContext
Event: 0.332 loading class java/awt/font/FontRenderContext done
Event: 0.332 loading class sun/swing/StringUIClientPropertyKey
Event: 0.332 loading class javax/swing/UIClientPropertyKey
Event: 0.332 loading class javax/swing/UIClientPropertyKey done
Event: 0.332 loading class sun/swing/StringUIClientPropertyKey done
Event: 0.332 loading class sun/swing/SwingUtilities2$LSBCacheEntry
Event: 0.332 loading class sun/swing/SwingUtilities2$LSBCacheEntry done
Event: 0.332 loading class javax/swing/UIManager$LAFState


Dynamic libraries:
0x00007ff627a80000 - 0x00007ff627a8e000 	C:\Users\Admin\.p2\pool\plugins\org.eclipse.justj.openjdk.hotspot.jre.full.win32.x86_64_17.0.9.v20231028-0858\jre\bin\javaw.exe
0x00007ffd4fc70000 - 0x00007ffd4fe68000 	C:\Windows\SYSTEM32\ntdll.dll
0x00007ffd4e420000 - 0x00007ffd4e4dd000 	C:\Windows\System32\KERNEL32.DLL
0x00007ffd4d460000 - 0x00007ffd4d756000 	C:\Windows\System32\KERNELBASE.dll
0x00007ffd4d890000 - 0x00007ffd4d990000 	C:\Windows\System32\ucrtbase.dll
0x00007ffd3e8b0000 - 0x00007ffd3e8c7000 	C:\Users\Admin\.p2\pool\plugins\org.eclipse.justj.openjdk.hotspot.jre.full.win32.x86_64_17.0.9.v20231028-0858\jre\bin\jli.dll
0x00007ffd3e390000 - 0x00007ffd3e3ab000 	C:\Users\Admin\.p2\pool\plugins\org.eclipse.justj.openjdk.hotspot.jre.full.win32.x86_64_17.0.9.v20231028-0858\jre\bin\VCRUNTIME140.dll
0x00007ffd4f610000 - 0x00007ffd4f7ae000 	C:\Windows\System32\USER32.dll
0x00007ffd45d40000 - 0x00007ffd45fda000 	C:\Windows\WinSxS\amd64_microsoft.windows.common-controls_6595b64144ccf1df_6.0.19041.3636_none_60b6a03d71f818d5\COMCTL32.dll
0x00007ffd4d380000 - 0x00007ffd4d3a2000 	C:\Windows\System32\win32u.dll
0x00007ffd4e4f0000 - 0x00007ffd4e58e000 	C:\Windows\System32\msvcrt.dll
0x00007ffd4eef0000 - 0x00007ffd4ef1c000 	C:\Windows\System32\GDI32.dll
0x00007ffd4db40000 - 0x00007ffd4dc5a000 	C:\Windows\System32\gdi32full.dll
0x00007ffd4d760000 - 0x00007ffd4d7fd000 	C:\Windows\System32\msvcp_win.dll
0x00007ffd4f560000 - 0x00007ffd4f590000 	C:\Windows\System32\IMM32.DLL
0x00007ffd47780000 - 0x00007ffd4778c000 	C:\Users\Admin\.p2\pool\plugins\org.eclipse.justj.openjdk.hotspot.jre.full.win32.x86_64_17.0.9.v20231028-0858\jre\bin\vcruntime140_1.dll
0x00007ffd2e5b0000 - 0x00007ffd2e63d000 	C:\Users\Admin\.p2\pool\plugins\org.eclipse.justj.openjdk.hotspot.jre.full.win32.x86_64_17.0.9.v20231028-0858\jre\bin\msvcp140.dll
0x00007ffd0e680000 - 0x00007ffd0f2e1000 	C:\Users\Admin\.p2\pool\plugins\org.eclipse.justj.openjdk.hotspot.jre.full.win32.x86_64_17.0.9.v20231028-0858\jre\bin\server\jvm.dll
0x00007ffd4e880000 - 0x00007ffd4e92f000 	C:\Windows\System32\ADVAPI32.dll
0x00007ffd4e930000 - 0x00007ffd4e9cc000 	C:\Windows\System32\sechost.dll
0x00007ffd4ef80000 - 0x00007ffd4f0a6000 	C:\Windows\System32\RPCRT4.dll
0x00007ffd44bc0000 - 0x00007ffd44bca000 	C:\Windows\SYSTEM32\VERSION.dll
0x00007ffd4d1b0000 - 0x00007ffd4d1fb000 	C:\Windows\SYSTEM32\POWRPROF.dll
0x00007ffd38b70000 - 0x00007ffd38b97000 	C:\Windows\SYSTEM32\WINMM.dll
0x00007ffd3e380000 - 0x00007ffd3e389000 	C:\Windows\SYSTEM32\WSOCK32.dll
0x00007ffd4ed50000 - 0x00007ffd4edbb000 	C:\Windows\System32\WS2_32.dll
0x00007ffd4d190000 - 0x00007ffd4d1a2000 	C:\Windows\SYSTEM32\UMPDC.dll
0x00007ffd4b210000 - 0x00007ffd4b222000 	C:\Windows\SYSTEM32\kernel.appcore.dll
0x00007ffd3e190000 - 0x00007ffd3e19a000 	C:\Users\Admin\.p2\pool\plugins\org.eclipse.justj.openjdk.hotspot.jre.full.win32.x86_64_17.0.9.v20231028-0858\jre\bin\jimage.dll
0x00007ffd41980000 - 0x00007ffd41b64000 	C:\Windows\SYSTEM32\DBGHELP.DLL
0x00007ffd3c660000 - 0x00007ffd3c694000 	C:\Windows\SYSTEM32\dbgcore.DLL
0x00007ffd4d800000 - 0x00007ffd4d882000 	C:\Windows\System32\bcryptPrimitives.dll
0x00007ffd3e080000 - 0x00007ffd3e0a5000 	C:\Users\Admin\.p2\pool\plugins\org.eclipse.justj.openjdk.hotspot.jre.full.win32.x86_64_17.0.9.v20231028-0858\jre\bin\java.dll
0x00007ffd3e010000 - 0x00007ffd3e028000 	C:\Users\Admin\.p2\pool\plugins\org.eclipse.justj.openjdk.hotspot.jre.full.win32.x86_64_17.0.9.v20231028-0858\jre\bin\zip.dll
0x00007ffd4dcd0000 - 0x00007ffd4e415000 	C:\Windows\System32\SHELL32.dll
0x00007ffd4b410000 - 0x00007ffd4bbab000 	C:\Windows\SYSTEM32\windows.storage.dll
0x00007ffd4f0d0000 - 0x00007ffd4f424000 	C:\Windows\System32\combase.dll
0x00007ffd4ccc0000 - 0x00007ffd4cced000 	C:\Windows\SYSTEM32\Wldp.dll
0x00007ffd4eca0000 - 0x00007ffd4ed4d000 	C:\Windows\System32\SHCORE.dll
0x00007ffd4eb90000 - 0x00007ffd4ebe5000 	C:\Windows\System32\shlwapi.dll
0x00007ffd4d280000 - 0x00007ffd4d2a5000 	C:\Windows\SYSTEM32\profapi.dll
0x00007ffd3db80000 - 0x00007ffd3db99000 	C:\Users\Admin\.p2\pool\plugins\org.eclipse.justj.openjdk.hotspot.jre.full.win32.x86_64_17.0.9.v20231028-0858\jre\bin\net.dll
0x00007ffd456a0000 - 0x00007ffd457aa000 	C:\Windows\SYSTEM32\WINHTTP.dll
0x00007ffd4ca20000 - 0x00007ffd4ca8a000 	C:\Windows\system32\mswsock.dll
0x00007ffd3c2e0000 - 0x00007ffd3c2f6000 	C:\Users\Admin\.p2\pool\plugins\org.eclipse.justj.openjdk.hotspot.jre.full.win32.x86_64_17.0.9.v20231028-0858\jre\bin\nio.dll
0x00007ffd18ba0000 - 0x00007ffd18d30000 	C:\Users\Admin\.p2\pool\plugins\org.eclipse.justj.openjdk.hotspot.jre.full.win32.x86_64_17.0.9.v20231028-0858\jre\bin\awt.dll
0x00007ffd4f490000 - 0x00007ffd4f55d000 	C:\Windows\System32\OLEAUT32.dll
0x00007ffd4ac90000 - 0x00007ffd4ad20000 	C:\Windows\SYSTEM32\apphelp.dll
0x00007ffd4af20000 - 0x00007ffd4af4f000 	C:\Windows\system32\DWMAPI.DLL
0x00007ffd4ad40000 - 0x00007ffd4adde000 	C:\Windows\system32\uxtheme.dll
0x00007ffce07b0000 - 0x00007ffce08d5000 	C:\Windows\system32\opengl32.dll
0x00007ffd28570000 - 0x00007ffd2859c000 	C:\Windows\SYSTEM32\GLU32.dll
0x00007ffd4e620000 - 0x00007ffd4e734000 	C:\Windows\System32\MSCTF.dll
0x00007ffd4edc0000 - 0x00007ffd4eeeb000 	C:\Windows\System32\ole32.dll
0x00007ffd47c50000 - 0x00007ffd47e1d000 	C:\Windows\system32\d3d9.dll
0x00007ffd38ba0000 - 0x00007ffd38d78000 	C:\Windows\System32\DriverStore\FileRepository\u0356148.inf_amd64_49a476cb3d4116cb\B355990\aticfx64.dll
0x00007ffd3be30000 - 0x00007ffd3be61000 	C:\Windows\System32\DriverStore\FileRepository\u0356148.inf_amd64_49a476cb3d4116cb\B355990\atiu9p64.dll
0x00007ffcfbe60000 - 0x00007ffcfcaca000 	C:\Windows\System32\DriverStore\FileRepository\u0356148.inf_amd64_49a476cb3d4116cb\B355990\atiumd64.dll
0x00007ffd36ac0000 - 0x00007ffd36aee000 	C:\Windows\SYSTEM32\amdihk64.dll
0x00007ffd38d80000 - 0x00007ffd38dbb000 	C:\Windows\SYSTEM32\dxcore.dll
0x00007ffd4daf0000 - 0x00007ffd4db3e000 	C:\Windows\System32\cfgmgr32.dll

dbghelp: loaded successfully - version: 4.0.5 - missing functions: none
symbol engine: initialized successfully - sym options: 0x614 - pdb path: .;C:\Users\Admin\.p2\pool\plugins\org.eclipse.justj.openjdk.hotspot.jre.full.win32.x86_64_17.0.9.v20231028-0858\jre\bin;C:\Windows\SYSTEM32;C:\Windows\WinSxS\amd64_microsoft.windows.common-controls_6595b64144ccf1df_6.0.19041.3636_none_60b6a03d71f818d5;C:\Users\Admin\.p2\pool\plugins\org.eclipse.justj.openjdk.hotspot.jre.full.win32.x86_64_17.0.9.v20231028-0858\jre\bin\server;C:\Windows\System32\DriverStore\FileRepository\u0356148.inf_amd64_49a476cb3d4116cb\B355990

VM Arguments:
jvm_args: -Dfile.encoding=UTF-8 -Dstdout.encoding=UTF-8 -Dstderr.encoding=UTF-8 -XX:+ShowCodeDetailsInExceptionMessages 
java_command: atm_system.main_class
java_class_path (initial): E:\NIIT\java\Bank_Management_System\bin;C:\Users\Admin\Downloads\jcalendar-tz-1.3.3-4.jar;C:\Users\Admin\Downloads\mysql-connector-java-8.0.28.jar
Launcher Type: SUN_STANDARD

[Global flags]
     intx CICompilerCount                          = 4                                         {product} {ergonomic}
     uint ConcGCThreads                            = 2                                         {product} {ergonomic}
     uint G1ConcRefinementThreads                  = 8                                         {product} {ergonomic}
   size_t G1HeapRegionSize                         = 1048576                                   {product} {ergonomic}
    uintx GCDrainStackTargetSize                   = 64                                        {product} {ergonomic}
   size_t InitialHeapSize                          = 100663296                                 {product} {ergonomic}
   size_t MarkStackSize                            = 4194304                                   {product} {ergonomic}
   size_t MaxHeapSize                              = 1579155456                                {product} {ergonomic}
   size_t MaxNewSize                               = 946864128                                 {product} {ergonomic}
   size_t MinHeapDeltaBytes                        = 1048576                                   {product} {ergonomic}
   size_t MinHeapSize                              = 8388608                                   {product} {ergonomic}
    uintx NonNMethodCodeHeapSize                   = 5839372                                {pd product} {ergonomic}
    uintx NonProfiledCodeHeapSize                  = 122909434                              {pd product} {ergonomic}
    uintx ProfiledCodeHeapSize                     = 122909434                              {pd product} {ergonomic}
    uintx ReservedCodeCacheSize                    = 251658240                              {pd product} {ergonomic}
     bool SegmentedCodeCache                       = true                                      {product} {ergonomic}
     bool ShowCodeDetailsInExceptionMessages       = true                                   {manageable} {command line}
   size_t SoftMaxHeapSize                          = 1579155456                             {manageable} {ergonomic}
     bool UseCompressedClassPointers               = true                           {product lp64_product} {ergonomic}
     bool UseCompressedOops                        = true                           {product lp64_product} {ergonomic}
     bool UseG1GC                                  = true                                      {product} {ergonomic}
     bool UseLargePagesIndividualAllocation        = false                                  {pd product} {ergonomic}

Logging:
Log output configuration:
 #0: stdout all=warning uptime,level,tags
 #1: stderr all=off uptime,level,tags

Environment Variables:
JAVA_HOME=C:\Program Files\Java\jdk1.8.0_291
PATH=C:/Users/Admin/.p2/pool/plugins/org.eclipse.justj.openjdk.hotspot.jre.full.win32.x86_64_17.0.9.v20231028-0858/jre/bin/server;C:/Users/Admin/.p2/pool/plugins/org.eclipse.justj.openjdk.hotspot.jre.full.win32.x86_64_17.0.9.v20231028-0858/jre/bin;C:\Windows\system32;C:\Windows;C:\Windows\System32\Wbem;C:\Windows\System32\WindowsPowerShell\v1.0\;C:\Windows\System32\OpenSSH\;C:\Program Files\Java\jdk1.8.0_291\bin;C:\Program Files\Microsoft VS Code\bin;%NVM_HOME%;%NVM_SYMLINK%;C:\Users\Admin\AppData\Local\Programs\Python\Python310\Scripts\;C:\Users\Admin\AppData\Local\Programs\Python\Python310\;C:\Program Files\MySQL\MySQL Shell 8.0\bin\;C:\Users\Admin\AppData\Local\Microsoft\WindowsApps;C:\Users\Admin\AppData\Local\GitHubDesktop\bin;C:\Users\Admin\AppData\Roaming\npm;C:\Users\Admin\AppData\Roaming\nvm;C:\Program Files\nodejs;C:\Users\Admin\OneDrive\Desktop;
USERNAME=Admin
OS=Windows_NT
PROCESSOR_IDENTIFIER=AMD64 Family 23 Model 24 Stepping 1, AuthenticAMD
TMP=C:\Users\Admin\AppData\Local\Temp
TEMP=C:\Users\Admin\AppData\Local\Temp



Periodic native trim disabled


---------------  S Y S T E M  ---------------

OS:
 Windows 10 , 64 bit Build 19041 (10.0.19041.3636)
OS uptime: 21 days 21:58 hours

CPU: total 8 (initial active 8) (8 cores per cpu, 2 threads per core) family 23 model 24 stepping 1 microcode 0x0, cx8, cmov, fxsr, ht, mmx, 3dnowpref, sse, sse2, sse3, ssse3, sse4a, sse4.1, sse4.2, popcnt, lzcnt, tsc, tscinvbit, avx, avx2, aes, clmul, bmi1, bmi2, adx, sha, fma, vzeroupper, clflush, clflushopt
Processor Information for all 8 processors :
  Max Mhz: 2100, Current Mhz: 2100, Mhz Limit: 2100

Memory: 4k page, system-wide physical 6021M (343M free)
TotalPageFile size 24453M (AvailPageFile size 4M)
current process WorkingSet (physical memory assigned to process): 51M, peak: 51M
current process commit charge ("private bytes"): 184M, peak: 186M

vm_info: OpenJDK 64-Bit Server VM (17.0.9+9) for windows-amd64 JRE (17.0.9+9), built on Oct 26 2023 14:01:42 by "admin" with MS VC++ 16.10 / 16.11 (VS2019)

END.
