#
# There is insufficient memory for the Java Runtime Environment to continue.
# Native memory allocation (malloc) failed to allocate 32744 bytes for ChunkPool::allocate
# Possible reasons:
#   The system is out of physical RAM or swap space
#   The process is running with CompressedOops enabled, and the Java Heap may be blocking the growth of the native heap
# Possible solutions:
#   Reduce memory load on the system
#   Increase physical memory or swap space
#   Check if swap backing store is full
#   Decrease Java heap size (-Xmx/-Xms)
#   Decrease number of Java threads
#   Decrease Java thread stack sizes (-Xss)
#   Set larger code cache with -XX:ReservedCodeCacheSize=
#   JVM is running with Unscaled Compressed Oops mode in which the Java heap is
#     placed in the first 4GB address space. The Java Heap base address is the
#     maximum limit for the native heap growth. Please use -XX:HeapBaseMinAddress
#     to set the Java Heap base and to place the Java Heap above 4GB virtual address.
# This output file may be truncated or incomplete.
#
#  Out of Memory Error (arena.cpp:79), pid=12556, tid=10024
#
# JRE version: OpenJDK Runtime Environment Temurin-17.0.9+9 (17.0.9+9) (build 17.0.9+9)
# Java VM: OpenJDK 64-Bit Server VM Temurin-17.0.9+9 (17.0.9+9, mixed mode, tiered, compressed oops, compressed class ptrs, g1 gc, windows-amd64)
# No core dump will be written. Minidumps are not enabled by default on client versions of Windows
#

---------------  S U M M A R Y ------------

Command Line: -Dfile.encoding=UTF-8 -Dstdout.encoding=UTF-8 -Dstderr.encoding=UTF-8 -XX:+ShowCodeDetailsInExceptionMessages atm_system.Signup

Host: AMD Ryzen 5 3550H with Radeon Vega Mobile Gfx  , 8 cores, 5G,  Windows 10 , 64 bit Build 19041 (10.0.19041.3636)
Time: Wed Nov 29 19:24:00 2023 India Standard Time elapsed time: 96.193461 seconds (0d 0h 1m 36s)

---------------  T H R E A D  ---------------

Current thread (0x000002837f209fa0):  JavaThread "C1 CompilerThread0" daemon [_thread_in_native, id=10024, stack(0x000000bc12d00000,0x000000bc12e00000)]


Current CompileTask:
C1:  96193 1567   !   3       java.awt.DefaultKeyboardFocusManager::dispatchEvent (1621 bytes)

Stack: [0x000000bc12d00000,0x000000bc12e00000]
Native frames: (J=compiled Java code, j=interpreted, Vv=VM code, C=native code)
V  [jvm.dll+0x67cf49]
V  [jvm.dll+0x83478a]
V  [jvm.dll+0x83624e]
V  [jvm.dll+0x8368b3]
V  [jvm.dll+0x247f1f]
V  [jvm.dll+0xac65c]
V  [jvm.dll+0xaca8c]
V  [jvm.dll+0x11da85]
V  [jvm.dll+0x17b19d]
V  [jvm.dll+0x17bd73]
V  [jvm.dll+0x136313]
V  [jvm.dll+0x135c1f]
V  [jvm.dll+0x135e56]
V  [jvm.dll+0x1352ea]
V  [jvm.dll+0x136fa1]
V  [jvm.dll+0x2297ae]
V  [jvm.dll+0x22797c]
V  [jvm.dll+0x7e9877]
V  [jvm.dll+0x7e3c3a]
V  [jvm.dll+0x67be35]
C  [ucrtbase.dll+0x21bb2]
C  [KERNEL32.DLL+0x17344]
C  [ntdll.dll+0x526b1]


---------------  P R O C E S S  ---------------

Threads class SMR info:
_java_thread_list=0x0000028309beea70, length=18, elements={
0x000002837f0d33f0, 0x000002837f0d42f0, 0x000002837f0fa860, 0x000002837f0fae30,
0x000002837f0fb7f0, 0x000002837f0fe970, 0x000002837f2094f0, 0x000002837f209fa0,
0x000002837f21d170, 0x000002837f3acd80, 0x000002837f3cb010, 0x000002837f810010,
0x000002837f8104f0, 0x000002837f8178b0, 0x0000028309c6ac90, 0x0000028309b43e20,
0x00000283644a5cc0, 0x000002837fa9e580
}

Java Threads: ( => current thread )
  0x000002837f0d33f0 JavaThread "Reference Handler" daemon [_thread_blocked, id=25408, stack(0x000000bc12600000,0x000000bc12700000)]
  0x000002837f0d42f0 JavaThread "Finalizer" daemon [_thread_blocked, id=17948, stack(0x000000bc12700000,0x000000bc12800000)]
  0x000002837f0fa860 JavaThread "Signal Dispatcher" daemon [_thread_blocked, id=6552, stack(0x000000bc12800000,0x000000bc12900000)]
  0x000002837f0fae30 JavaThread "Attach Listener" daemon [_thread_blocked, id=23700, stack(0x000000bc12900000,0x000000bc12a00000)]
  0x000002837f0fb7f0 JavaThread "Service Thread" daemon [_thread_blocked, id=20824, stack(0x000000bc12a00000,0x000000bc12b00000)]
  0x000002837f0fe970 JavaThread "Monitor Deflation Thread" daemon [_thread_blocked, id=22680, stack(0x000000bc12b00000,0x000000bc12c00000)]
  0x000002837f2094f0 JavaThread "C2 CompilerThread0" daemon [_thread_blocked, id=13548, stack(0x000000bc12c00000,0x000000bc12d00000)]
=>0x000002837f209fa0 JavaThread "C1 CompilerThread0" daemon [_thread_in_native, id=10024, stack(0x000000bc12d00000,0x000000bc12e00000)]
  0x000002837f21d170 JavaThread "Sweeper thread" daemon [_thread_blocked, id=1596, stack(0x000000bc12e00000,0x000000bc12f00000)]
  0x000002837f3acd80 JavaThread "Notification Thread" daemon [_thread_blocked, id=26004, stack(0x000000bc12f00000,0x000000bc13000000)]
  0x000002837f3cb010 JavaThread "Common-Cleaner" daemon [_thread_blocked, id=26596, stack(0x000000bc13100000,0x000000bc13200000)]
  0x000002837f810010 JavaThread "Java2D Disposer" daemon [_thread_blocked, id=23012, stack(0x000000bc13200000,0x000000bc13300000)]
  0x000002837f8104f0 JavaThread "AWT-Shutdown" [_thread_blocked, id=3420, stack(0x000000bc13300000,0x000000bc13400000)]
  0x000002837f8178b0 JavaThread "AWT-Windows" daemon [_thread_in_native, id=15324, stack(0x000000bc13400000,0x000000bc13500000)]
  0x0000028309c6ac90 JavaThread "AWT-EventQueue-0" [_thread_blocked, id=25224, stack(0x000000bc13f00000,0x000000bc14000000)]
  0x0000028309b43e20 JavaThread "D3D Screen Updater" daemon [_thread_blocked, id=21324, stack(0x000000bc14100000,0x000000bc14200000)]
  0x00000283644a5cc0 JavaThread "DestroyJavaVM" [_thread_blocked, id=18672, stack(0x000000bc11f00000,0x000000bc12000000)]
  0x000002837fa9e580 JavaThread "TimerQueue" daemon [_thread_blocked, id=18272, stack(0x000000bc14200000,0x000000bc14300000)]

Other Threads:
  0x000002837f0af1e0 VMThread "VM Thread" [stack: 0x000000bc12500000,0x000000bc12600000] [id=20580]
  0x000002837f252120 WatcherThread [stack: 0x000000bc13000000,0x000000bc13100000] [id=23560]
  0x00000283644f11d0 GCTaskThread "GC Thread#0" [stack: 0x000000bc12000000,0x000000bc12100000] [id=9492]
  0x00000283644fe500 ConcurrentGCThread "G1 Main Marker" [stack: 0x000000bc12100000,0x000000bc12200000] [id=14860]
  0x00000283644fef20 ConcurrentGCThread "G1 Conc#0" [stack: 0x000000bc12200000,0x000000bc12300000] [id=26304]
  0x0000028364565480 ConcurrentGCThread "G1 Refine#0" [stack: 0x000000bc12300000,0x000000bc12400000] [id=21144]
  0x000002837ef11600 ConcurrentGCThread "G1 Service" [stack: 0x000000bc12400000,0x000000bc12500000] [id=13552]

Threads with active compile tasks:
C1 CompilerThread0    96214 1567   !   3       java.awt.DefaultKeyboardFocusManager::dispatchEvent (1621 bytes)

VM state: not at safepoint (normal execution)

VM Mutex/Monitor currently owned by a thread: None

Heap address: 0x00000000a1e00000, size: 1506 MB, Compressed Oops mode: 32-bit

CDS archive(s) not mapped
Compressed class space mapped at: 0x0000000100000000-0x0000000140000000, reserved size: 1073741824
Narrow klass base: 0x0000000000000000, Narrow klass shift: 3, Narrow klass range: 0x140000000

GC Precious Log:
 CPUs: 8 total, 8 available
 Memory: 6021M
 Large Page Support: Disabled
 NUMA Support: Disabled
 Compressed Oops: Enabled (32-bit)
 Heap Region Size: 1M
 Heap Min Capacity: 8M
 Heap Initial Capacity: 96M
 Heap Max Capacity: 1506M
 Pre-touch: Disabled
 Parallel Workers: 8
 Concurrent Workers: 2
 Concurrent Refinement Workers: 8
 Periodic GC: Disabled

Heap:
 garbage-first heap   total 98304K, used 27648K [0x00000000a1e00000, 0x0000000100000000)
  region size 1024K, 22 young (22528K), 0 survivors (0K)
 Metaspace       used 18310K, committed 18496K, reserved 1114112K
  class space    used 1953K, committed 2048K, reserved 1048576K

Heap Regions: E=young(eden), S=young(survivor), O=old, HS=humongous(starts), HC=humongous(continues), CS=collection set, F=free, OA=open archive, CA=closed archive, TAMS=top-at-mark-start (previous, next)
|   0|0x00000000a1e00000, 0x00000000a1f00000, 0x00000000a1f00000|100%|HS|  |TAMS 0x00000000a1e00000, 0x00000000a1e00000| Complete 
|   1|0x00000000a1f00000, 0x00000000a2000000, 0x00000000a2000000|100%|HC|  |TAMS 0x00000000a1f00000, 0x00000000a1f00000| Complete 
|   2|0x00000000a2000000, 0x00000000a2100000, 0x00000000a2100000|100%|HS|  |TAMS 0x00000000a2000000, 0x00000000a2000000| Complete 
|   3|0x00000000a2100000, 0x00000000a2200000, 0x00000000a2200000|100%|HC|  |TAMS 0x00000000a2100000, 0x00000000a2100000| Complete 
|   4|0x00000000a2200000, 0x00000000a2300000, 0x00000000a2300000|100%|HC|  |TAMS 0x00000000a2200000, 0x00000000a2200000| Complete 
|   5|0x00000000a2300000, 0x00000000a2400000, 0x00000000a2400000|100%|HC|  |TAMS 0x00000000a2300000, 0x00000000a2300000| Complete 
|   6|0x00000000a2400000, 0x00000000a2400000, 0x00000000a2500000|  0%| F|  |TAMS 0x00000000a2400000, 0x00000000a2400000| Untracked 
|   7|0x00000000a2500000, 0x00000000a2500000, 0x00000000a2600000|  0%| F|  |TAMS 0x00000000a2500000, 0x00000000a2500000| Untracked 
|   8|0x00000000a2600000, 0x00000000a2600000, 0x00000000a2700000|  0%| F|  |TAMS 0x00000000a2600000, 0x00000000a2600000| Untracked 
|   9|0x00000000a2700000, 0x00000000a2700000, 0x00000000a2800000|  0%| F|  |TAMS 0x00000000a2700000, 0x00000000a2700000| Untracked 
|  10|0x00000000a2800000, 0x00000000a2800000, 0x00000000a2900000|  0%| F|  |TAMS 0x00000000a2800000, 0x00000000a2800000| Untracked 
|  11|0x00000000a2900000, 0x00000000a2900000, 0x00000000a2a00000|  0%| F|  |TAMS 0x00000000a2900000, 0x00000000a2900000| Untracked 
|  12|0x00000000a2a00000, 0x00000000a2a00000, 0x00000000a2b00000|  0%| F|  |TAMS 0x00000000a2a00000, 0x00000000a2a00000| Untracked 
|  13|0x00000000a2b00000, 0x00000000a2b00000, 0x00000000a2c00000|  0%| F|  |TAMS 0x00000000a2b00000, 0x00000000a2b00000| Untracked 
|  14|0x00000000a2c00000, 0x00000000a2c00000, 0x00000000a2d00000|  0%| F|  |TAMS 0x00000000a2c00000, 0x00000000a2c00000| Untracked 
|  15|0x00000000a2d00000, 0x00000000a2d00000, 0x00000000a2e00000|  0%| F|  |TAMS 0x00000000a2d00000, 0x00000000a2d00000| Untracked 
|  16|0x00000000a2e00000, 0x00000000a2e00000, 0x00000000a2f00000|  0%| F|  |TAMS 0x00000000a2e00000, 0x00000000a2e00000| Untracked 
|  17|0x00000000a2f00000, 0x00000000a2f00000, 0x00000000a3000000|  0%| F|  |TAMS 0x00000000a2f00000, 0x00000000a2f00000| Untracked 
|  18|0x00000000a3000000, 0x00000000a3000000, 0x00000000a3100000|  0%| F|  |TAMS 0x00000000a3000000, 0x00000000a3000000| Untracked 
|  19|0x00000000a3100000, 0x00000000a3100000, 0x00000000a3200000|  0%| F|  |TAMS 0x00000000a3100000, 0x00000000a3100000| Untracked 
|  20|0x00000000a3200000, 0x00000000a3200000, 0x00000000a3300000|  0%| F|  |TAMS 0x00000000a3200000, 0x00000000a3200000| Untracked 
|  21|0x00000000a3300000, 0x00000000a3300000, 0x00000000a3400000|  0%| F|  |TAMS 0x00000000a3300000, 0x00000000a3300000| Untracked 
|  22|0x00000000a3400000, 0x00000000a3400000, 0x00000000a3500000|  0%| F|  |TAMS 0x00000000a3400000, 0x00000000a3400000| Untracked 
|  23|0x00000000a3500000, 0x00000000a3500000, 0x00000000a3600000|  0%| F|  |TAMS 0x00000000a3500000, 0x00000000a3500000| Untracked 
|  24|0x00000000a3600000, 0x00000000a3600000, 0x00000000a3700000|  0%| F|  |TAMS 0x00000000a3600000, 0x00000000a3600000| Untracked 
|  25|0x00000000a3700000, 0x00000000a3700000, 0x00000000a3800000|  0%| F|  |TAMS 0x00000000a3700000, 0x00000000a3700000| Untracked 
|  26|0x00000000a3800000, 0x00000000a3800000, 0x00000000a3900000|  0%| F|  |TAMS 0x00000000a3800000, 0x00000000a3800000| Untracked 
|  27|0x00000000a3900000, 0x00000000a3900000, 0x00000000a3a00000|  0%| F|  |TAMS 0x00000000a3900000, 0x00000000a3900000| Untracked 
|  28|0x00000000a3a00000, 0x00000000a3a00000, 0x00000000a3b00000|  0%| F|  |TAMS 0x00000000a3a00000, 0x00000000a3a00000| Untracked 
|  29|0x00000000a3b00000, 0x00000000a3b00000, 0x00000000a3c00000|  0%| F|  |TAMS 0x00000000a3b00000, 0x00000000a3b00000| Untracked 
|  30|0x00000000a3c00000, 0x00000000a3c00000, 0x00000000a3d00000|  0%| F|  |TAMS 0x00000000a3c00000, 0x00000000a3c00000| Untracked 
|  31|0x00000000a3d00000, 0x00000000a3d00000, 0x00000000a3e00000|  0%| F|  |TAMS 0x00000000a3d00000, 0x00000000a3d00000| Untracked 
|  32|0x00000000a3e00000, 0x00000000a3e00000, 0x00000000a3f00000|  0%| F|  |TAMS 0x00000000a3e00000, 0x00000000a3e00000| Untracked 
|  33|0x00000000a3f00000, 0x00000000a3f00000, 0x00000000a4000000|  0%| F|  |TAMS 0x00000000a3f00000, 0x00000000a3f00000| Untracked 
|  34|0x00000000a4000000, 0x00000000a4000000, 0x00000000a4100000|  0%| F|  |TAMS 0x00000000a4000000, 0x00000000a4000000| Untracked 
|  35|0x00000000a4100000, 0x00000000a4100000, 0x00000000a4200000|  0%| F|  |TAMS 0x00000000a4100000, 0x00000000a4100000| Untracked 
|  36|0x00000000a4200000, 0x00000000a4200000, 0x00000000a4300000|  0%| F|  |TAMS 0x00000000a4200000, 0x00000000a4200000| Untracked 
|  37|0x00000000a4300000, 0x00000000a4300000, 0x00000000a4400000|  0%| F|  |TAMS 0x00000000a4300000, 0x00000000a4300000| Untracked 
|  38|0x00000000a4400000, 0x00000000a4400000, 0x00000000a4500000|  0%| F|  |TAMS 0x00000000a4400000, 0x00000000a4400000| Untracked 
|  39|0x00000000a4500000, 0x00000000a4500000, 0x00000000a4600000|  0%| F|  |TAMS 0x00000000a4500000, 0x00000000a4500000| Untracked 
|  40|0x00000000a4600000, 0x00000000a4600000, 0x00000000a4700000|  0%| F|  |TAMS 0x00000000a4600000, 0x00000000a4600000| Untracked 
|  41|0x00000000a4700000, 0x00000000a4700000, 0x00000000a4800000|  0%| F|  |TAMS 0x00000000a4700000, 0x00000000a4700000| Untracked 
|  42|0x00000000a4800000, 0x00000000a4800000, 0x00000000a4900000|  0%| F|  |TAMS 0x00000000a4800000, 0x00000000a4800000| Untracked 
|  43|0x00000000a4900000, 0x00000000a4900000, 0x00000000a4a00000|  0%| F|  |TAMS 0x00000000a4900000, 0x00000000a4900000| Untracked 
|  44|0x00000000a4a00000, 0x00000000a4a00000, 0x00000000a4b00000|  0%| F|  |TAMS 0x00000000a4a00000, 0x00000000a4a00000| Untracked 
|  45|0x00000000a4b00000, 0x00000000a4b00000, 0x00000000a4c00000|  0%| F|  |TAMS 0x00000000a4b00000, 0x00000000a4b00000| Untracked 
|  46|0x00000000a4c00000, 0x00000000a4c00000, 0x00000000a4d00000|  0%| F|  |TAMS 0x00000000a4c00000, 0x00000000a4c00000| Untracked 
|  47|0x00000000a4d00000, 0x00000000a4d00000, 0x00000000a4e00000|  0%| F|  |TAMS 0x00000000a4d00000, 0x00000000a4d00000| Untracked 
|  48|0x00000000a4e00000, 0x00000000a4e00000, 0x00000000a4f00000|  0%| F|  |TAMS 0x00000000a4e00000, 0x00000000a4e00000| Untracked 
|  49|0x00000000a4f00000, 0x00000000a4f00000, 0x00000000a5000000|  0%| F|  |TAMS 0x00000000a4f00000, 0x00000000a4f00000| Untracked 
|  50|0x00000000a5000000, 0x00000000a5000000, 0x00000000a5100000|  0%| F|  |TAMS 0x00000000a5000000, 0x00000000a5000000| Untracked 
|  51|0x00000000a5100000, 0x00000000a5100000, 0x00000000a5200000|  0%| F|  |TAMS 0x00000000a5100000, 0x00000000a5100000| Untracked 
|  52|0x00000000a5200000, 0x00000000a5200000, 0x00000000a5300000|  0%| F|  |TAMS 0x00000000a5200000, 0x00000000a5200000| Untracked 
|  53|0x00000000a5300000, 0x00000000a5300000, 0x00000000a5400000|  0%| F|  |TAMS 0x00000000a5300000, 0x00000000a5300000| Untracked 
|  54|0x00000000a5400000, 0x00000000a5400000, 0x00000000a5500000|  0%| F|  |TAMS 0x00000000a5400000, 0x00000000a5400000| Untracked 
|  55|0x00000000a5500000, 0x00000000a5500000, 0x00000000a5600000|  0%| F|  |TAMS 0x00000000a5500000, 0x00000000a5500000| Untracked 
|  56|0x00000000a5600000, 0x00000000a5600000, 0x00000000a5700000|  0%| F|  |TAMS 0x00000000a5600000, 0x00000000a5600000| Untracked 
|  57|0x00000000a5700000, 0x00000000a5700000, 0x00000000a5800000|  0%| F|  |TAMS 0x00000000a5700000, 0x00000000a5700000| Untracked 
|  58|0x00000000a5800000, 0x00000000a5800000, 0x00000000a5900000|  0%| F|  |TAMS 0x00000000a5800000, 0x00000000a5800000| Untracked 
|  59|0x00000000a5900000, 0x00000000a5900000, 0x00000000a5a00000|  0%| F|  |TAMS 0x00000000a5900000, 0x00000000a5900000| Untracked 
|  60|0x00000000a5a00000, 0x00000000a5a00000, 0x00000000a5b00000|  0%| F|  |TAMS 0x00000000a5a00000, 0x00000000a5a00000| Untracked 
|  61|0x00000000a5b00000, 0x00000000a5b00000, 0x00000000a5c00000|  0%| F|  |TAMS 0x00000000a5b00000, 0x00000000a5b00000| Untracked 
|  62|0x00000000a5c00000, 0x00000000a5c00000, 0x00000000a5d00000|  0%| F|  |TAMS 0x00000000a5c00000, 0x00000000a5c00000| Untracked 
|  63|0x00000000a5d00000, 0x00000000a5d00000, 0x00000000a5e00000|  0%| F|  |TAMS 0x00000000a5d00000, 0x00000000a5d00000| Untracked 
|  64|0x00000000a5e00000, 0x00000000a5e00000, 0x00000000a5f00000|  0%| F|  |TAMS 0x00000000a5e00000, 0x00000000a5e00000| Untracked 
|  65|0x00000000a5f00000, 0x00000000a5f00000, 0x00000000a6000000|  0%| F|  |TAMS 0x00000000a5f00000, 0x00000000a5f00000| Untracked 
|  66|0x00000000a6000000, 0x00000000a6000000, 0x00000000a6100000|  0%| F|  |TAMS 0x00000000a6000000, 0x00000000a6000000| Untracked 
|  67|0x00000000a6100000, 0x00000000a6100000, 0x00000000a6200000|  0%| F|  |TAMS 0x00000000a6100000, 0x00000000a6100000| Untracked 
|  68|0x00000000a6200000, 0x00000000a6200000, 0x00000000a6300000|  0%| F|  |TAMS 0x00000000a6200000, 0x00000000a6200000| Untracked 
|  69|0x00000000a6300000, 0x00000000a6300000, 0x00000000a6400000|  0%| F|  |TAMS 0x00000000a6300000, 0x00000000a6300000| Untracked 
|  70|0x00000000a6400000, 0x00000000a6400000, 0x00000000a6500000|  0%| F|  |TAMS 0x00000000a6400000, 0x00000000a6400000| Untracked 
|  71|0x00000000a6500000, 0x00000000a6500000, 0x00000000a6600000|  0%| F|  |TAMS 0x00000000a6500000, 0x00000000a6500000| Untracked 
|  72|0x00000000a6600000, 0x00000000a6600000, 0x00000000a6700000|  0%| F|  |TAMS 0x00000000a6600000, 0x00000000a6600000| Untracked 
|  73|0x00000000a6700000, 0x00000000a6700000, 0x00000000a6800000|  0%| F|  |TAMS 0x00000000a6700000, 0x00000000a6700000| Untracked 
|  74|0x00000000a6800000, 0x00000000a68ec128, 0x00000000a6900000| 92%| E|  |TAMS 0x00000000a6800000, 0x00000000a6800000| Complete 
|  75|0x00000000a6900000, 0x00000000a6a00000, 0x00000000a6a00000|100%| E|CS|TAMS 0x00000000a6900000, 0x00000000a6900000| Complete 
|  76|0x00000000a6a00000, 0x00000000a6b00000, 0x00000000a6b00000|100%| E|CS|TAMS 0x00000000a6a00000, 0x00000000a6a00000| Complete 
|  77|0x00000000a6b00000, 0x00000000a6c00000, 0x00000000a6c00000|100%| E|CS|TAMS 0x00000000a6b00000, 0x00000000a6b00000| Complete 
|  78|0x00000000a6c00000, 0x00000000a6d00000, 0x00000000a6d00000|100%| E|CS|TAMS 0x00000000a6c00000, 0x00000000a6c00000| Complete 
|  79|0x00000000a6d00000, 0x00000000a6e00000, 0x00000000a6e00000|100%| E|CS|TAMS 0x00000000a6d00000, 0x00000000a6d00000| Complete 
|  80|0x00000000a6e00000, 0x00000000a6f00000, 0x00000000a6f00000|100%| E|CS|TAMS 0x00000000a6e00000, 0x00000000a6e00000| Complete 
|  81|0x00000000a6f00000, 0x00000000a7000000, 0x00000000a7000000|100%| E|CS|TAMS 0x00000000a6f00000, 0x00000000a6f00000| Complete 
|  82|0x00000000a7000000, 0x00000000a7100000, 0x00000000a7100000|100%| E|CS|TAMS 0x00000000a7000000, 0x00000000a7000000| Complete 
|  83|0x00000000a7100000, 0x00000000a7200000, 0x00000000a7200000|100%| E|CS|TAMS 0x00000000a7100000, 0x00000000a7100000| Complete 
|  84|0x00000000a7200000, 0x00000000a7300000, 0x00000000a7300000|100%| E|CS|TAMS 0x00000000a7200000, 0x00000000a7200000| Complete 
|  85|0x00000000a7300000, 0x00000000a7400000, 0x00000000a7400000|100%| E|CS|TAMS 0x00000000a7300000, 0x00000000a7300000| Complete 
|  86|0x00000000a7400000, 0x00000000a7500000, 0x00000000a7500000|100%| E|CS|TAMS 0x00000000a7400000, 0x00000000a7400000| Complete 
|  87|0x00000000a7500000, 0x00000000a7600000, 0x00000000a7600000|100%| E|CS|TAMS 0x00000000a7500000, 0x00000000a7500000| Complete 
|  88|0x00000000a7600000, 0x00000000a7700000, 0x00000000a7700000|100%| E|CS|TAMS 0x00000000a7600000, 0x00000000a7600000| Complete 
|  89|0x00000000a7700000, 0x00000000a7800000, 0x00000000a7800000|100%| E|CS|TAMS 0x00000000a7700000, 0x00000000a7700000| Complete 
|  90|0x00000000a7800000, 0x00000000a7900000, 0x00000000a7900000|100%| E|CS|TAMS 0x00000000a7800000, 0x00000000a7800000| Complete 
|  91|0x00000000a7900000, 0x00000000a7a00000, 0x00000000a7a00000|100%| E|CS|TAMS 0x00000000a7900000, 0x00000000a7900000| Complete 
|  92|0x00000000a7a00000, 0x00000000a7b00000, 0x00000000a7b00000|100%| E|CS|TAMS 0x00000000a7a00000, 0x00000000a7a00000| Complete 
|  93|0x00000000a7b00000, 0x00000000a7c00000, 0x00000000a7c00000|100%| E|CS|TAMS 0x00000000a7b00000, 0x00000000a7b00000| Complete 
|  94|0x00000000a7c00000, 0x00000000a7d00000, 0x00000000a7d00000|100%| E|CS|TAMS 0x00000000a7c00000, 0x00000000a7c00000| Complete 
|  95|0x00000000a7d00000, 0x00000000a7e00000, 0x00000000a7e00000|100%| E|CS|TAMS 0x00000000a7d00000, 0x00000000a7d00000| Complete 

Card table byte_map: [0x00000283790f0000,0x00000283793f0000] _byte_map_base: 0x0000028378be1000

Marking Bits (Prev, Next): (CMBitMap*) 0x00000283644f17f0, (CMBitMap*) 0x00000283644f1830
 Prev Bits: [0x00000283796f0000, 0x000002837ae78000)
 Next Bits: [0x000002837ae80000, 0x000002837c608000)

Polling page: 0x0000028364570000

Metaspace:

Usage:
  Non-class:     15.97 MB used.
      Class:      1.91 MB used.
       Both:     17.88 MB used.

Virtual space:
  Non-class space:       64.00 MB reserved,      16.06 MB ( 25%) committed,  1 nodes.
      Class space:        1.00 GB reserved,       2.00 MB ( <1%) committed,  1 nodes.
             Both:        1.06 GB reserved,      18.06 MB (  2%) committed. 

Chunk freelists:
   Non-Class:  15.00 MB
       Class:  14.04 MB
        Both:  29.04 MB

MaxMetaspaceSize: unlimited
CompressedClassSpaceSize: 1.00 GB
Initial GC threshold: 21.00 MB
Current GC threshold: 21.00 MB
CDS: off
MetaspaceReclaimPolicy: balanced
 - commit_granule_bytes: 65536.
 - commit_granule_words: 8192.
 - virtual_space_node_default_size: 8388608.
 - enlarge_chunks_in_place: 1.
 - new_chunks_are_fully_committed: 0.
 - uncommit_free_chunks: 1.
 - use_allocation_guard: 0.
 - handle_deallocations: 1.


Internal statistics:

num_allocs_failed_limit: 0.
num_arena_births: 120.
num_arena_deaths: 0.
num_vsnodes_births: 2.
num_vsnodes_deaths: 0.
num_space_committed: 289.
num_space_uncommitted: 0.
num_chunks_returned_to_freelist: 0.
num_chunks_taken_from_freelist: 208.
num_chunk_merges: 0.
num_chunk_splits: 109.
num_chunks_enlarged: 56.
num_inconsistent_stats: 0.

CodeHeap 'non-profiled nmethods': size=120000Kb used=549Kb max_used=549Kb free=119451Kb
 bounds [0x0000028370e60000, 0x00000283710d0000, 0x0000028378390000]
CodeHeap 'profiled nmethods': size=120000Kb used=2788Kb max_used=2788Kb free=117211Kb
 bounds [0x0000028369390000, 0x0000028369650000, 0x00000283708c0000]
CodeHeap 'non-nmethods': size=5760Kb used=1297Kb max_used=1339Kb free=4462Kb
 bounds [0x00000283708c0000, 0x0000028370b30000, 0x0000028370e60000]
 total_blobs=2200 nmethods=1566 adapters=547
 compilation: enabled
              stopped_count=0, restarted_count=0
 full_count=0

Compilation events (20 events):
Event: 5.064 Thread 0x000002837f209fa0 nmethod 1556 0x000002836963ec90 code [0x000002836963ef60, 0x0000028369640248]
Event: 5.064 Thread 0x000002837f209fa0 1558       3       sun.java2d.pipe.PixelToParallelogramConverter::len (37 bytes)
Event: 5.065 Thread 0x000002837f209fa0 nmethod 1558 0x0000028369640c10 code [0x0000028369640de0, 0x0000028369641078]
Event: 5.065 Thread 0x000002837f209fa0 1557       3       sun.font.SunFontManager::getInstance (9 bytes)
Event: 5.066 Thread 0x000002837f209fa0 nmethod 1557 0x0000028369641110 code [0x0000028369641320, 0x00000283696419d8]
Event: 5.452 Thread 0x000002837f209fa0 1559       3       java.awt.EventQueue::setCurrentEventAndMostRecentTime (8 bytes)
Event: 5.453 Thread 0x000002837f209fa0 nmethod 1559 0x0000028369641c90 code [0x0000028369641e80, 0x0000028369642318]
Event: 5.455 Thread 0x000002837f209fa0 1560       3       sun.awt.SunToolkit::isTouchKeyboardAutoShowEnabled (4 bytes)
Event: 5.456 Thread 0x000002837f209fa0 nmethod 1560 0x0000028369642510 code [0x00000283696426a0, 0x0000028369642798]
Event: 22.049 Thread 0x000002837f209fa0 1562       3       java.util.ArrayList::toArray (57 bytes)
Event: 22.050 Thread 0x000002837f209fa0 nmethod 1562 0x0000028369642810 code [0x00000283696429e0, 0x0000028369642f18]
Event: 25.421 Thread 0x000002837f209fa0 1563       3       sun.java2d.StateTrackableDelegate$1::isCurrent (17 bytes)
Event: 25.421 Thread 0x000002837f209fa0 nmethod 1563 0x0000028369643090 code [0x0000028369643220, 0x0000028369643398]
Event: 26.936 Thread 0x000002837f209fa0 1564       3       sun.java2d.d3d.D3DSurfaceData$D3DWindowSurfaceData::isDirty (18 bytes)
Event: 26.937 Thread 0x000002837f209fa0 nmethod 1564 0x0000028369643490 code [0x0000028369643640, 0x0000028369643868]
Event: 96.054 Thread 0x000002837f209fa0 1565       3       java.lang.invoke.TypeConvertingMethodAdapter::convertType (299 bytes)
Event: 96.059 Thread 0x000002837f209fa0 nmethod 1565 0x0000028369643910 code [0x0000028369643f40, 0x0000028369647448]
Event: 96.173 Thread 0x000002837f209fa0 1566       3       java.util.Hashtable::rehash (142 bytes)
Event: 96.173 Thread 0x000002837f209fa0 nmethod 1566 0x0000028369648590 code [0x00000283696487a0, 0x0000028369648e88]
Event: 96.176 Thread 0x000002837f209fa0 1567   !   3       java.awt.DefaultKeyboardFocusManager::dispatchEvent (1621 bytes)

GC Heap History (0 events):
No events

Dll operation events (9 events):
Event: 0.013 Loaded shared library C:\Users\Admin\.p2\pool\plugins\org.eclipse.justj.openjdk.hotspot.jre.full.win32.x86_64_17.0.9.v20231028-0858\jre\bin\java.dll
Event: 0.189 Loaded shared library C:\Users\Admin\.p2\pool\plugins\org.eclipse.justj.openjdk.hotspot.jre.full.win32.x86_64_17.0.9.v20231028-0858\jre\bin\net.dll
Event: 0.191 Loaded shared library C:\Users\Admin\.p2\pool\plugins\org.eclipse.justj.openjdk.hotspot.jre.full.win32.x86_64_17.0.9.v20231028-0858\jre\bin\nio.dll
Event: 0.202 Loaded shared library C:\Users\Admin\.p2\pool\plugins\org.eclipse.justj.openjdk.hotspot.jre.full.win32.x86_64_17.0.9.v20231028-0858\jre\bin\zip.dll
Event: 0.224 Loaded shared library C:\Users\Admin\.p2\pool\plugins\org.eclipse.justj.openjdk.hotspot.jre.full.win32.x86_64_17.0.9.v20231028-0858\jre\bin\jimage.dll
Event: 0.267 Loaded shared library C:\Users\Admin\.p2\pool\plugins\org.eclipse.justj.openjdk.hotspot.jre.full.win32.x86_64_17.0.9.v20231028-0858\jre\bin\awt.dll
Event: 0.700 Loaded shared library C:\Users\Admin\.p2\pool\plugins\org.eclipse.justj.openjdk.hotspot.jre.full.win32.x86_64_17.0.9.v20231028-0858\jre\bin\verify.dll
Event: 0.771 Loaded shared library C:\Users\Admin\.p2\pool\plugins\org.eclipse.justj.openjdk.hotspot.jre.full.win32.x86_64_17.0.9.v20231028-0858\jre\bin\freetype.dll
Event: 0.773 Loaded shared library C:\Users\Admin\.p2\pool\plugins\org.eclipse.justj.openjdk.hotspot.jre.full.win32.x86_64_17.0.9.v20231028-0858\jre\bin\fontmanager.dll

Deoptimization events (20 events):
Event: 0.785 Thread 0x00000283644a5cc0 Uncommon trap: trap_request=0xffffff45 fr.pc=0x0000028370e82940 relative=0x0000000000000340
Event: 0.785 Thread 0x00000283644a5cc0 Uncommon trap: reason=unstable_if action=reinterpret pc=0x0000028370e82940 method=java.lang.StringUTF16.compress([CI[BII)I @ 20 c2
Event: 0.785 Thread 0x00000283644a5cc0 DEOPT PACKING pc=0x0000028370e82940 sp=0x000000bc11ffcb40
Event: 0.785 Thread 0x00000283644a5cc0 DEOPT UNPACKING pc=0x00000283709169a3 sp=0x000000bc11ffcac0 mode 2
Event: 0.802 Thread 0x00000283644a5cc0 Uncommon trap: trap_request=0xffffff45 fr.pc=0x0000028370e98b70 relative=0x0000000000000870
Event: 0.802 Thread 0x00000283644a5cc0 Uncommon trap: reason=unstable_if action=reinterpret pc=0x0000028370e98b70 method=java.util.HashMap.putVal(ILjava/lang/Object;Ljava/lang/Object;ZZ)Ljava/lang/Object; @ 181 c2
Event: 0.802 Thread 0x00000283644a5cc0 DEOPT PACKING pc=0x0000028370e98b70 sp=0x000000bc11ffd430
Event: 0.802 Thread 0x00000283644a5cc0 DEOPT UNPACKING pc=0x00000283709169a3 sp=0x000000bc11ffd3d0 mode 2
Event: 1.091 Thread 0x0000028309c6ac90 Uncommon trap: trap_request=0xffffff45 fr.pc=0x0000028370eb7d0c relative=0x00000000000004cc
Event: 1.091 Thread 0x0000028309c6ac90 Uncommon trap: reason=unstable_if action=reinterpret pc=0x0000028370eb7d0c method=java.lang.StringLatin1.toLowerCase(Ljava/lang/String;[BLjava/util/Locale;)Ljava/lang/String; @ 43 c2
Event: 1.091 Thread 0x0000028309c6ac90 DEOPT PACKING pc=0x0000028370eb7d0c sp=0x000000bc13ffcf90
Event: 1.091 Thread 0x0000028309c6ac90 DEOPT UNPACKING pc=0x00000283709169a3 sp=0x000000bc13ffcf00 mode 2
Event: 1.296 Thread 0x0000028309c6ac90 Uncommon trap: trap_request=0xffffff45 fr.pc=0x0000028370e68c34 relative=0x00000000000001b4
Event: 1.296 Thread 0x0000028309c6ac90 Uncommon trap: reason=unstable_if action=reinterpret pc=0x0000028370e68c34 method=java.lang.String.hashCode()I @ 20 c2
Event: 1.296 Thread 0x0000028309c6ac90 DEOPT PACKING pc=0x0000028370e68c34 sp=0x000000bc13ffcda0
Event: 1.296 Thread 0x0000028309c6ac90 DEOPT UNPACKING pc=0x00000283709169a3 sp=0x000000bc13ffcd30 mode 2
Event: 3.105 Thread 0x0000028309c6ac90 Uncommon trap: trap_request=0xffffffde fr.pc=0x0000028370e7cca4 relative=0x00000000000001a4
Event: 3.105 Thread 0x0000028309c6ac90 Uncommon trap: reason=class_check action=maybe_recompile pc=0x0000028370e7cca4 method=java.lang.String.equals(Ljava/lang/Object;)Z @ 8 c2
Event: 3.105 Thread 0x0000028309c6ac90 DEOPT PACKING pc=0x0000028370e7cca4 sp=0x000000bc13ffdb90
Event: 3.105 Thread 0x0000028309c6ac90 DEOPT UNPACKING pc=0x00000283709169a3 sp=0x000000bc13ffdb38 mode 2

Classes unloaded (0 events):
No events

Classes redefined (0 events):
No events

Internal exceptions (17 events):
Event: 0.252 Thread 0x00000283644a5cc0 Exception <a 'java/lang/ClassNotFoundException'{0x00000000a7c5a118}: sun/awt/resources/spi/awtProvider> (0x00000000a7c5a118) 
thrown [s\src\hotspot\share\classfile\systemDictionary.cpp, line 256]
Event: 0.289 Thread 0x00000283644a5cc0 Exception <a 'java/io/FileNotFoundException'{0x00000000a7cb3e20}> (0x00000000a7cb3e20) 
thrown [s\src\hotspot\share\prims\jni.cpp, line 516]
Event: 0.295 Thread 0x00000283644a5cc0 Exception <a 'java/io/FileNotFoundException'{0x00000000a7ce0d98}> (0x00000000a7ce0d98) 
thrown [s\src\hotspot\share\prims\jni.cpp, line 516]
Event: 0.351 Thread 0x00000283644a5cc0 Exception <a 'java/lang/NoSuchMethodError'{0x00000000a7b32208}: 'java.lang.Object java.lang.invoke.DirectMethodHandle$Holder.invokeStaticInit(java.lang.Object)'> (0x00000000a7b32208) 
thrown [s\src\hotspot\share\interpreter\linkResolver.cpp, line 759]
Event: 0.459 Thread 0x00000283644a5cc0 Exception <a 'java/lang/NoSuchMethodError'{0x00000000a7bf2aa0}: 'void java.lang.invoke.DirectMethodHandle$Holder.invokeSpecial(java.lang.Object, java.lang.Object, java.lang.Object)'> (0x00000000a7bf2aa0) 
thrown [s\src\hotspot\share\interpreter\linkResolver.cpp, line 759]
Event: 0.469 Thread 0x00000283644a5cc0 Exception <a 'java/lang/NoSuchMethodError'{0x00000000a7a1d198}: 'java.lang.Object java.lang.invoke.DirectMethodHandle$Holder.newInvokeSpecial(java.lang.Object, java.lang.Object, java.lang.Object, java.lang.Object, java.lang.Object)'> (0x00000000a7a1d198) 
thrown [s\src\hotspot\share\interpreter\linkResolver.cpp, line 759]
Event: 0.471 Thread 0x00000283644a5cc0 Exception <a 'java/lang/NoSuchMethodError'{0x00000000a7a28b60}: 'java.lang.Object java.lang.invoke.DirectMethodHandle$Holder.invokeStatic(java.lang.Object, int, java.lang.Object, java.lang.Object, java.lang.Object, java.lang.Object)'> (0x00000000a7a28b60) 
thrown [s\src\hotspot\share\interpreter\linkResolver.cpp, line 759]
Event: 0.475 Thread 0x00000283644a5cc0 Exception <a 'java/lang/NoSuchMethodError'{0x00000000a7a4e320}: 'java.lang.Object java.lang.invoke.DirectMethodHandle$Holder.invokeStatic(java.lang.Object, int, java.lang.Object)'> (0x00000000a7a4e320) 
thrown [s\src\hotspot\share\interpreter\linkResolver.cpp, line 759]
Event: 0.501 Thread 0x00000283644a5cc0 Exception <a 'java/lang/ClassNotFoundException'{0x00000000a79067c8}: com/sun/swing/internal/plaf/metal/resources/spi/metalProvider> (0x00000000a79067c8) 
thrown [s\src\hotspot\share\classfile\systemDictionary.cpp, line 256]
Event: 0.502 Thread 0x00000283644a5cc0 Exception <a 'java/lang/ClassNotFoundException'{0x00000000a790a670}: com/sun/swing/internal/plaf/basic/resources/spi/basicProvider> (0x00000000a790a670) 
thrown [s\src\hotspot\share\classfile\systemDictionary.cpp, line 256]
Event: 0.589 Thread 0x000002837fa6f460 Exception <a 'java/lang/NoSuchMethodError'{0x00000000a771c988}: 'java.lang.Object java.lang.invoke.DirectMethodHandle$Holder.newInvokeSpecial(java.lang.Object, java.lang.Object, java.lang.Object, int, int, int, int, int)'> (0x00000000a771c988) 
thrown [s\src\hotspot\share\interpreter\linkResolver.cpp, line 759]
Event: 0.951 Thread 0x000002837f8178b0 Exception <a 'java/lang/NoSuchMethodError'{0x00000000a7b85d88}: 'void java.lang.invoke.DirectMethodHandle$Holder.invokeVirtual(java.lang.Object, java.lang.Object)'> (0x00000000a7b85d88) 
thrown [s\src\hotspot\share\interpreter\linkResolver.cpp, line 759]
Event: 0.967 Thread 0x00000283644a5cc0 Exception <a 'java/lang/NoSuchMethodError'{0x00000000a735d510}: 'void java.lang.invoke.DirectMethodHandle$Holder.invokeStaticInit(java.lang.Object)'> (0x00000000a735d510) 
thrown [s\src\hotspot\share\interpreter\linkResolver.cpp, line 759]
Event: 1.091 Thread 0x0000028309c6ac90 Exception <a 'java/io/FileNotFoundException'{0x00000000a7210890}> (0x00000000a7210890) 
thrown [s\src\hotspot\share\prims\jni.cpp, line 516]
Event: 1.091 Thread 0x0000028309c6ac90 Exception <a 'java/io/FileNotFoundException'{0x00000000a7212400}> (0x00000000a7212400) 
thrown [s\src\hotspot\share\prims\jni.cpp, line 516]
Event: 1.095 Thread 0x0000028309c6ac90 Exception <a 'java/io/FileNotFoundException'{0x00000000a722c3d8}> (0x00000000a722c3d8) 
thrown [s\src\hotspot\share\prims\jni.cpp, line 516]
Event: 1.096 Thread 0x0000028309c6ac90 Exception <a 'java/io/FileNotFoundException'{0x00000000a722dd58}> (0x00000000a722dd58) 
thrown [s\src\hotspot\share\prims\jni.cpp, line 516]

VM Operations (20 events):
Event: 0.692 Executing VM operation: HandshakeAllThreads
Event: 0.692 Executing VM operation: HandshakeAllThreads done
Event: 0.793 Executing VM operation: HandshakeAllThreads
Event: 0.793 Executing VM operation: HandshakeAllThreads done
Event: 0.934 Executing VM operation: HandshakeAllThreads
Event: 0.934 Executing VM operation: HandshakeAllThreads done
Event: 1.190 Executing VM operation: ICBufferFull
Event: 1.191 Executing VM operation: ICBufferFull done
Event: 1.439 Executing VM operation: HandshakeAllThreads
Event: 1.439 Executing VM operation: HandshakeAllThreads done
Event: 2.452 Executing VM operation: Cleanup
Event: 2.453 Executing VM operation: Cleanup done
Event: 3.463 Executing VM operation: Cleanup
Event: 3.463 Executing VM operation: Cleanup done
Event: 4.472 Executing VM operation: Cleanup
Event: 4.472 Executing VM operation: Cleanup done
Event: 5.482 Executing VM operation: Cleanup
Event: 5.482 Executing VM operation: Cleanup done
Event: 60.081 Executing VM operation: HandshakeAllThreads
Event: 60.082 Executing VM operation: HandshakeAllThreads done

Events (20 events):
Event: 1.776 loading class java/awt/LightweightDispatcher$1
Event: 1.776 loading class java/awt/LightweightDispatcher$1 done
Event: 1.777 loading class java/awt/event/MouseWheelEvent
Event: 1.777 loading class java/awt/event/MouseWheelEvent done
Event: 1.795 Thread 0x000002837faee0d0 Thread exited: 0x000002837faee0d0
Event: 1.989 loading class javax/swing/Timer$1
Event: 1.989 loading class javax/swing/Timer$1 done
Event: 4.267 loading class java/awt/LightweightDispatcher$2
Event: 4.267 loading class java/awt/LightweightDispatcher$2 done
Event: 5.436 loading class java/awt/KeyboardFocusManager$2
Event: 5.436 loading class java/awt/KeyboardFocusManager$2 done
Event: 5.436 loading class sun/awt/SunToolkit$1
Event: 5.436 loading class sun/awt/SunToolkit$1 done
Event: 5.949 Thread 0x000002837fa6f460 Thread exited: 0x000002837fa6f460
Event: 96.151 loading class java/util/WeakHashMap$KeyIterator
Event: 96.151 loading class java/util/WeakHashMap$HashIterator
Event: 96.151 loading class java/util/WeakHashMap$HashIterator done
Event: 96.151 loading class java/util/WeakHashMap$KeyIterator done
Event: 96.164 loading class javax/swing/RepaintManager$DisplayChangedRunnable
Event: 96.164 loading class javax/swing/RepaintManager$DisplayChangedRunnable done


Dynamic libraries:
0x00007ff6a4360000 - 0x00007ff6a436e000 	C:\Users\Admin\.p2\pool\plugins\org.eclipse.justj.openjdk.hotspot.jre.full.win32.x86_64_17.0.9.v20231028-0858\jre\bin\javaw.exe
0x00007ffa7e910000 - 0x00007ffa7eb08000 	C:\Windows\SYSTEM32\ntdll.dll
0x00007ffa7d000000 - 0x00007ffa7d0bd000 	C:\Windows\System32\KERNEL32.DLL
0x00007ffa7c040000 - 0x00007ffa7c336000 	C:\Windows\System32\KERNELBASE.dll
0x00007ffa7c400000 - 0x00007ffa7c500000 	C:\Windows\System32\ucrtbase.dll
0x00007ffa75c10000 - 0x00007ffa75c27000 	C:\Users\Admin\.p2\pool\plugins\org.eclipse.justj.openjdk.hotspot.jre.full.win32.x86_64_17.0.9.v20231028-0858\jre\bin\jli.dll
0x00007ffa75b90000 - 0x00007ffa75bab000 	C:\Users\Admin\.p2\pool\plugins\org.eclipse.justj.openjdk.hotspot.jre.full.win32.x86_64_17.0.9.v20231028-0858\jre\bin\VCRUNTIME140.dll
0x00007ffa7e730000 - 0x00007ffa7e8ce000 	C:\Windows\System32\USER32.dll
0x00007ffa55540000 - 0x00007ffa557da000 	C:\Windows\WinSxS\amd64_microsoft.windows.common-controls_6595b64144ccf1df_6.0.19041.3636_none_60b6a03d71f818d5\COMCTL32.dll
0x00007ffa7c3d0000 - 0x00007ffa7c3f2000 	C:\Windows\System32\win32u.dll
0x00007ffa7d2a0000 - 0x00007ffa7d33e000 	C:\Windows\System32\msvcrt.dll
0x00007ffa7d870000 - 0x00007ffa7d89c000 	C:\Windows\System32\GDI32.dll
0x00007ffa7c850000 - 0x00007ffa7c96a000 	C:\Windows\System32\gdi32full.dll
0x00007ffa7c500000 - 0x00007ffa7c59d000 	C:\Windows\System32\msvcp_win.dll
0x00007ffa7e6e0000 - 0x00007ffa7e710000 	C:\Windows\System32\IMM32.DLL
0x00007ffa77550000 - 0x00007ffa7755c000 	C:\Users\Admin\.p2\pool\plugins\org.eclipse.justj.openjdk.hotspot.jre.full.win32.x86_64_17.0.9.v20231028-0858\jre\bin\vcruntime140_1.dll
0x00007ffa6c8c0000 - 0x00007ffa6c94d000 	C:\Users\Admin\.p2\pool\plugins\org.eclipse.justj.openjdk.hotspot.jre.full.win32.x86_64_17.0.9.v20231028-0858\jre\bin\msvcp140.dll
0x00007ffa2e690000 - 0x00007ffa2f2f1000 	C:\Users\Admin\.p2\pool\plugins\org.eclipse.justj.openjdk.hotspot.jre.full.win32.x86_64_17.0.9.v20231028-0858\jre\bin\server\jvm.dll
0x00007ffa7e330000 - 0x00007ffa7e3df000 	C:\Windows\System32\ADVAPI32.dll
0x00007ffa7d7c0000 - 0x00007ffa7d85c000 	C:\Windows\System32\sechost.dll
0x00007ffa7e200000 - 0x00007ffa7e326000 	C:\Windows\System32\RPCRT4.dll
0x00007ffa7bda0000 - 0x00007ffa7bdeb000 	C:\Windows\SYSTEM32\POWRPROF.dll
0x00007ffa68ab0000 - 0x00007ffa68ad7000 	C:\Windows\SYSTEM32\WINMM.dll
0x00007ffa78710000 - 0x00007ffa78719000 	C:\Windows\SYSTEM32\WSOCK32.dll
0x00007ffa740f0000 - 0x00007ffa740fa000 	C:\Windows\SYSTEM32\VERSION.dll
0x00007ffa7e190000 - 0x00007ffa7e1fb000 	C:\Windows\System32\WS2_32.dll
0x00007ffa7bd80000 - 0x00007ffa7bd92000 	C:\Windows\SYSTEM32\UMPDC.dll
0x00007ffa79eb0000 - 0x00007ffa79ec2000 	C:\Windows\SYSTEM32\kernel.appcore.dll
0x00007ffa78700000 - 0x00007ffa7870a000 	C:\Users\Admin\.p2\pool\plugins\org.eclipse.justj.openjdk.hotspot.jre.full.win32.x86_64_17.0.9.v20231028-0858\jre\bin\jimage.dll
0x00007ffa6fa70000 - 0x00007ffa6fc54000 	C:\Windows\SYSTEM32\DBGHELP.DLL
0x00007ffa6b020000 - 0x00007ffa6b054000 	C:\Windows\SYSTEM32\dbgcore.DLL
0x00007ffa7c340000 - 0x00007ffa7c3c2000 	C:\Windows\System32\bcryptPrimitives.dll
0x00007ffa775e0000 - 0x00007ffa77605000 	C:\Users\Admin\.p2\pool\plugins\org.eclipse.justj.openjdk.hotspot.jre.full.win32.x86_64_17.0.9.v20231028-0858\jre\bin\java.dll
0x00007ffa775c0000 - 0x00007ffa775d8000 	C:\Users\Admin\.p2\pool\plugins\org.eclipse.justj.openjdk.hotspot.jre.full.win32.x86_64_17.0.9.v20231028-0858\jre\bin\zip.dll
0x00007ffa7d8a0000 - 0x00007ffa7dfe4000 	C:\Windows\System32\SHELL32.dll
0x00007ffa7a0b0000 - 0x00007ffa7a84b000 	C:\Windows\SYSTEM32\windows.storage.dll
0x00007ffa7d460000 - 0x00007ffa7d7b4000 	C:\Windows\System32\combase.dll
0x00007ffa7b9b0000 - 0x00007ffa7b9dd000 	C:\Windows\SYSTEM32\Wldp.dll
0x00007ffa7e0e0000 - 0x00007ffa7e18d000 	C:\Windows\System32\SHCORE.dll
0x00007ffa7e680000 - 0x00007ffa7e6d5000 	C:\Windows\System32\shlwapi.dll
0x00007ffa7bf20000 - 0x00007ffa7bf45000 	C:\Windows\SYSTEM32\profapi.dll
0x00007ffa775a0000 - 0x00007ffa775b9000 	C:\Users\Admin\.p2\pool\plugins\org.eclipse.justj.openjdk.hotspot.jre.full.win32.x86_64_17.0.9.v20231028-0858\jre\bin\net.dll
0x00007ffa75900000 - 0x00007ffa75a0a000 	C:\Windows\SYSTEM32\WINHTTP.dll
0x00007ffa7b6c0000 - 0x00007ffa7b72a000 	C:\Windows\system32\mswsock.dll
0x00007ffa77580000 - 0x00007ffa77596000 	C:\Users\Admin\.p2\pool\plugins\org.eclipse.justj.openjdk.hotspot.jre.full.win32.x86_64_17.0.9.v20231028-0858\jre\bin\nio.dll
0x00007ffa5d260000 - 0x00007ffa5d3f0000 	C:\Users\Admin\.p2\pool\plugins\org.eclipse.justj.openjdk.hotspot.jre.full.win32.x86_64_17.0.9.v20231028-0858\jre\bin\awt.dll
0x00007ffa7e5b0000 - 0x00007ffa7e67d000 	C:\Windows\System32\OLEAUT32.dll
0x00007ffa789e0000 - 0x00007ffa78a70000 	C:\Windows\SYSTEM32\apphelp.dll
0x00007ffa79bc0000 - 0x00007ffa79bef000 	C:\Windows\system32\DWMAPI.DLL
0x00007ffa799e0000 - 0x00007ffa79a7e000 	C:\Windows\system32\uxtheme.dll
0x00007ffa430f0000 - 0x00007ffa43215000 	C:\Windows\system32\opengl32.dll
0x00007ffa4f470000 - 0x00007ffa4f49c000 	C:\Windows\SYSTEM32\GLU32.dll
0x00007ffa7d340000 - 0x00007ffa7d454000 	C:\Windows\System32\MSCTF.dll
0x00007ffa7d170000 - 0x00007ffa7d29b000 	C:\Windows\System32\ole32.dll
0x00007ffa54fb0000 - 0x00007ffa5517d000 	C:\Windows\system32\d3d9.dll
0x00007ffa68ae0000 - 0x00007ffa68cb8000 	C:\Windows\System32\DriverStore\FileRepository\u0356148.inf_amd64_49a476cb3d4116cb\B355990\aticfx64.dll
0x00007ffa75b50000 - 0x00007ffa75b81000 	C:\Windows\System32\DriverStore\FileRepository\u0356148.inf_amd64_49a476cb3d4116cb\B355990\atiu9p64.dll
0x00007ffa3c030000 - 0x00007ffa3cc9a000 	C:\Windows\System32\DriverStore\FileRepository\u0356148.inf_amd64_49a476cb3d4116cb\B355990\atiumd64.dll
0x00000000746c0000 - 0x0000000075465000 	C:\Windows\System32\DriverStore\FileRepository\u0356148.inf_amd64_49a476cb3d4116cb\B355990\atiumd6a.dll
0x00007ffa65e90000 - 0x00007ffa65ebe000 	C:\Windows\SYSTEM32\amdihk64.dll
0x00007ffa68cc0000 - 0x00007ffa68cfb000 	C:\Windows\SYSTEM32\dxcore.dll
0x00007ffa7bff0000 - 0x00007ffa7c03e000 	C:\Windows\System32\cfgmgr32.dll
0x00007ffa786f0000 - 0x00007ffa78700000 	C:\Users\Admin\.p2\pool\plugins\org.eclipse.justj.openjdk.hotspot.jre.full.win32.x86_64_17.0.9.v20231028-0858\jre\bin\verify.dll
0x00007ffa5ca80000 - 0x00007ffa5cb08000 	C:\Users\Admin\.p2\pool\plugins\org.eclipse.justj.openjdk.hotspot.jre.full.win32.x86_64_17.0.9.v20231028-0858\jre\bin\freetype.dll
0x00007ffa5c9a0000 - 0x00007ffa5ca73000 	C:\Users\Admin\.p2\pool\plugins\org.eclipse.justj.openjdk.hotspot.jre.full.win32.x86_64_17.0.9.v20231028-0858\jre\bin\fontmanager.dll
0x00007ffa7d0c0000 - 0x00007ffa7d169000 	C:\Windows\System32\clbcatq.dll
0x00007ffa79800000 - 0x00007ffa799b4000 	C:\Windows\SYSTEM32\WindowsCodecs.dll
0x00007ffa7c6c0000 - 0x00007ffa7c6e7000 	C:\Windows\System32\bcrypt.dll
0x00007ffa4b6f0000 - 0x00007ffa4b72e000 	C:\Windows\system32\dataexchange.dll
0x00007ffa76ad0000 - 0x00007ffa76d33000 	C:\Windows\system32\d3d11.dll
0x00007ffa77790000 - 0x00007ffa77973000 	C:\Windows\system32\dcomp.dll
0x00007ffa7a8b0000 - 0x00007ffa7a9a3000 	C:\Windows\system32\dxgi.dll
0x00007ffa74ff0000 - 0x00007ffa751f7000 	C:\Windows\system32\twinapi.appcore.dll
0x00007ffa64bf0000 - 0x00007ffa64cea000 	C:\Windows\SYSTEM32\textinputframework.dll
0x00007ffa78240000 - 0x00007ffa78332000 	C:\Windows\System32\CoreMessaging.dll
0x00007ffa77ee0000 - 0x00007ffa7823b000 	C:\Windows\System32\CoreUIComponents.dll
0x00007ffa78b70000 - 0x00007ffa78cc5000 	C:\Windows\SYSTEM32\wintypes.dll
0x00007ffa7b110000 - 0x00007ffa7b143000 	C:\Windows\SYSTEM32\ntmarta.dll

dbghelp: loaded successfully - version: 4.0.5 - missing functions: none
symbol engine: initialized successfully - sym options: 0x614 - pdb path: .;C:\Users\Admin\.p2\pool\plugins\org.eclipse.justj.openjdk.hotspot.jre.full.win32.x86_64_17.0.9.v20231028-0858\jre\bin;C:\Windows\SYSTEM32;C:\Windows\WinSxS\amd64_microsoft.windows.common-controls_6595b64144ccf1df_6.0.19041.3636_none_60b6a03d71f818d5;C:\Users\Admin\.p2\pool\plugins\org.eclipse.justj.openjdk.hotspot.jre.full.win32.x86_64_17.0.9.v20231028-0858\jre\bin\server;C:\Windows\System32\DriverStore\FileRepository\u0356148.inf_amd64_49a476cb3d4116cb\B355990

VM Arguments:
jvm_args: -Dfile.encoding=UTF-8 -Dstdout.encoding=UTF-8 -Dstderr.encoding=UTF-8 -XX:+ShowCodeDetailsInExceptionMessages 
java_command: atm_system.Signup
java_class_path (initial): E:\NIIT\java\Bank_Management_System\bin;C:\Users\Admin\Downloads\jcalendar-tz-1.3.3-4.jar
Launcher Type: SUN_STANDARD

[Global flags]
     intx CICompilerCount                          = 4                                         {product} {ergonomic}
     uint ConcGCThreads                            = 2                                         {product} {ergonomic}
     uint G1ConcRefinementThreads                  = 8                                         {product} {ergonomic}
   size_t G1HeapRegionSize                         = 1048576                                   {product} {ergonomic}
    uintx GCDrainStackTargetSize                   = 64                                        {product} {ergonomic}
   size_t InitialHeapSize                          = 100663296                                 {product} {ergonomic}
   size_t MarkStackSize                            = 4194304                                   {product} {ergonomic}
   size_t MaxHeapSize                              = 1579155456                                {product} {ergonomic}
   size_t MaxNewSize                               = 946864128                                 {product} {ergonomic}
   size_t MinHeapDeltaBytes                        = 1048576                                   {product} {ergonomic}
   size_t MinHeapSize                              = 8388608                                   {product} {ergonomic}
    uintx NonNMethodCodeHeapSize                   = 5839372                                {pd product} {ergonomic}
    uintx NonProfiledCodeHeapSize                  = 122909434                              {pd product} {ergonomic}
    uintx ProfiledCodeHeapSize                     = 122909434                              {pd product} {ergonomic}
    uintx ReservedCodeCacheSize                    = 251658240                              {pd product} {ergonomic}
     bool SegmentedCodeCache                       = true                                      {product} {ergonomic}
     bool ShowCodeDetailsInExceptionMessages       = true                                   {manageable} {command line}
   size_t SoftMaxHeapSize                          = 1579155456                             {manageable} {ergonomic}
     bool UseCompressedClassPointers               = true                           {product lp64_product} {ergonomic}
     bool UseCompressedOops                        = true                           {product lp64_product} {ergonomic}
     bool UseG1GC                                  = true                                      {product} {ergonomic}
     bool UseLargePagesIndividualAllocation        = false                                  {pd product} {ergonomic}

Logging:
Log output configuration:
 #0: stdout all=warning uptime,level,tags
 #1: stderr all=off uptime,level,tags

Environment Variables:
JAVA_HOME=C:\Program Files\Java\jdk1.8.0_291
PATH=C:/Users/Admin/.p2/pool/plugins/org.eclipse.justj.openjdk.hotspot.jre.full.win32.x86_64_17.0.9.v20231028-0858/jre/bin/server;C:/Users/Admin/.p2/pool/plugins/org.eclipse.justj.openjdk.hotspot.jre.full.win32.x86_64_17.0.9.v20231028-0858/jre/bin;C:\Windows\system32;C:\Windows;C:\Windows\System32\Wbem;C:\Windows\System32\WindowsPowerShell\v1.0\;C:\Windows\System32\OpenSSH\;C:\Program Files\Java\jdk1.8.0_291\bin;C:\Program Files\Microsoft VS Code\bin;%NVM_HOME%;%NVM_SYMLINK%;C:\Users\Admin\AppData\Local\Programs\Python\Python310\Scripts\;C:\Users\Admin\AppData\Local\Programs\Python\Python310\;C:\Program Files\MySQL\MySQL Shell 8.0\bin\;C:\Users\Admin\AppData\Local\Microsoft\WindowsApps;C:\Users\Admin\AppData\Local\GitHubDesktop\bin;C:\Users\Admin\AppData\Roaming\npm;C:\Users\Admin\AppData\Roaming\nvm;C:\Program Files\nodejs;C:\Users\Admin\OneDrive\Desktop;
USERNAME=Admin
OS=Windows_NT
PROCESSOR_IDENTIFIER=AMD64 Family 23 Model 24 Stepping 1, AuthenticAMD
TMP=C:\Users\Admin\AppData\Local\Temp
TEMP=C:\Users\Admin\AppData\Local\Temp



Periodic native trim disabled


---------------  S Y S T E M  ---------------

OS:
 Windows 10 , 64 bit Build 19041 (10.0.19041.3636)
OS uptime: 6 days 4:03 hours

CPU: total 8 (initial active 8) (8 cores per cpu, 2 threads per core) family 23 model 24 stepping 1 microcode 0x0, cx8, cmov, fxsr, ht, mmx, 3dnowpref, sse, sse2, sse3, ssse3, sse4a, sse4.1, sse4.2, popcnt, lzcnt, tsc, tscinvbit, avx, avx2, aes, clmul, bmi1, bmi2, adx, sha, fma, vzeroupper, clflush, clflushopt
Processor Information for all 8 processors :
  Max Mhz: 2100, Current Mhz: 2100, Mhz Limit: 2100

Memory: 4k page, system-wide physical 6021M (186M free)
TotalPageFile size 24453M (AvailPageFile size 0M)
current process WorkingSet (physical memory assigned to process): 125M, peak: 137M
current process commit charge ("private bytes"): 245M, peak: 265M

vm_info: OpenJDK 64-Bit Server VM (17.0.9+9) for windows-amd64 JRE (17.0.9+9), built on Oct 26 2023 14:01:42 by "admin" with MS VC++ 16.10 / 16.11 (VS2019)

END.
