#
# There is insufficient memory for the Java Runtime Environment to continue.
# Native memory allocation (mmap) failed to map 65536 bytes for Failed to commit metaspace.
# Possible reasons:
#   The system is out of physical RAM or swap space
#   The process is running with CompressedOops enabled, and the Java Heap may be blocking the growth of the native heap
# Possible solutions:
#   Reduce memory load on the system
#   Increase physical memory or swap space
#   Check if swap backing store is full
#   Decrease Java heap size (-Xmx/-Xms)
#   Decrease number of Java threads
#   Decrease Java thread stack sizes (-Xss)
#   Set larger code cache with -XX:ReservedCodeCacheSize=
#   JVM is running with Unscaled Compressed Oops mode in which the Java heap is
#     placed in the first 4GB address space. The Java Heap base address is the
#     maximum limit for the native heap growth. Please use -XX:HeapBaseMinAddress
#     to set the Java Heap base and to place the Java Heap above 4GB virtual address.
# This output file may be truncated or incomplete.
#
#  Out of Memory Error (virtualSpaceNode.cpp:110), pid=18396, tid=11596
#
# JRE version: OpenJDK Runtime Environment Temurin-17.0.9+9 (17.0.9+9) (build 17.0.9+9)
# Java VM: OpenJDK 64-Bit Server VM Temurin-17.0.9+9 (17.0.9+9, mixed mode, tiered, compressed oops, compressed class ptrs, g1 gc, windows-amd64)
# No core dump will be written. Minidumps are not enabled by default on client versions of Windows
#

---------------  S U M M A R Y ------------

Command Line: -Dfile.encoding=UTF-8 -Dstdout.encoding=UTF-8 -Dstderr.encoding=UTF-8 -XX:+ShowCodeDetailsInExceptionMessages atm_system.main_class

Host: AMD Ryzen 5 3550H with Radeon Vega Mobile Gfx  , 8 cores, 5G,  Windows 10 , 64 bit Build 19041 (10.0.19041.3636)
Time: Tue Jan  9 15:43:55 2024 India Standard Time elapsed time: 0.428916 seconds (0d 0h 0m 0s)

---------------  T H R E A D  ---------------

Current thread (0x00000138a1cb6c80):  JavaThread "main" [_thread_in_vm, id=11596, stack(0x0000001650f00000,0x0000001651000000)]

Stack: [0x0000001650f00000,0x0000001651000000]
Native frames: (J=compiled Java code, j=interpreted, Vv=VM code, C=native code)
V  [jvm.dll+0x67cf49]
V  [jvm.dll+0x83478a]
V  [jvm.dll+0x83624e]
V  [jvm.dll+0x8368b3]
V  [jvm.dll+0x247f1f]
V  [jvm.dll+0x83044b]
V  [jvm.dll+0x621776]
V  [jvm.dll+0x6217da]
V  [jvm.dll+0x62400a]
V  [jvm.dll+0x622116]
V  [jvm.dll+0x62c007]
V  [jvm.dll+0x1ebfdb]
V  [jvm.dll+0x1ec515]
V  [jvm.dll+0x1ecfd0]
V  [jvm.dll+0x1e23d1]
V  [jvm.dll+0x54305e]
V  [jvm.dll+0x1f2e27]
V  [jvm.dll+0x7adb8b]
V  [jvm.dll+0x7aef5c]
V  [jvm.dll+0x7af2a8]
V  [jvm.dll+0x2401ee]
V  [jvm.dll+0x382e4e]
C  0x00000138ac8db5bb

The last pc belongs to new (printed below).
Java frames: (J=compiled Java code, j=interpreted, Vv=VM code)
j  javax.swing.plaf.metal.MetalLookAndFeel.initComponentDefaults(Ljavax/swing/UIDefaults;)V+12181 java.desktop@17.0.9
j  javax.swing.plaf.basic.BasicLookAndFeel.getDefaults()Ljavax/swing/UIDefaults;+25 java.desktop@17.0.9
j  javax.swing.plaf.metal.MetalLookAndFeel.getDefaults()Ljavax/swing/UIDefaults;+9 java.desktop@17.0.9
j  javax.swing.UIManager.setLookAndFeel(Ljavax/swing/LookAndFeel;)V+66 java.desktop@17.0.9
j  javax.swing.UIManager.setLookAndFeel(Ljava/lang/String;)V+16 java.desktop@17.0.9
j  javax.swing.UIManager.initializeDefaultLAF(Ljava/util/Properties;)V+58 java.desktop@17.0.9
j  javax.swing.UIManager.initialize()V+9 java.desktop@17.0.9
j  javax.swing.UIManager.maybeInitialize()V+22 java.desktop@17.0.9
j  javax.swing.UIManager.getUI(Ljavax/swing/JComponent;)Ljavax/swing/plaf/ComponentUI;+0 java.desktop@17.0.9
j  javax.swing.JPanel.updateUI()V+2 java.desktop@17.0.9
j  javax.swing.JPanel.<init>(Ljava/awt/LayoutManager;Z)V+24 java.desktop@17.0.9
j  javax.swing.JPanel.<init>(Z)V+9 java.desktop@17.0.9
j  javax.swing.JPanel.<init>()V+2 java.desktop@17.0.9
j  javax.swing.JRootPane.createGlassPane()Ljava/awt/Component;+4 java.desktop@17.0.9
j  javax.swing.JRootPane.<init>()V+11 java.desktop@17.0.9
j  javax.swing.JFrame.createRootPane()Ljavax/swing/JRootPane;+4 java.desktop@17.0.9
j  javax.swing.JFrame.frameInit()V+16 java.desktop@17.0.9
j  javax.swing.JFrame.<init>()V+20 java.desktop@17.0.9
j  atm_system.main_class.<init>()V+1
j  atm_system.main_class.main([Ljava/lang/String;)V+3
v  ~StubRoutines::call_stub
new  187 new  [0x00000138ac8db420, 0x00000138ac8db640]  544 bytes
[MachCode]
  0x00000138ac8db420: 4883 ec08 | c5fa 1104 | 24eb 1f48 | 83ec 10c5 | fb11 0424 | eb14 4883 | ec10 4889 | 0424 48c7 
  0x00000138ac8db440: 4424 0800 | 0000 00eb | 0150 410f | b755 010f | cac1 ea10 | 488b 4de8 | 488b 4908 | 488b 4908 
  0x00000138ac8db460: 488b 4108 | 807c 1004 | 070f 85d6 | 0000 0066 | 8b54 d148 | 488b 4928 | 488b 4cd1 | 0851 80b9 
  0x00000138ac8db480: 3301 0000 | 040f 85b9 | 0000 008b | 5108 f7c2 | 0100 0000 | 0f85 aa00 | 0000 498b | 8708 0100 
  0x00000138ac8db4a0: 0048 8d1c | 1049 3b9f | 1801 0000 | 0f87 9200 | 0000 4989 | 9f08 0100 | 00e9 0000 | 0000 4883 
  0x00000138ac8db4c0: ea10 0f84 | 0f00 0000 | 33c9 c1ea | 0348 894c | d008 48ff | ca75 f648 | c700 0100 | 0000 5933 
  0x00000138ac8db4e0: f689 700c | 48c1 e903 | 8948 0849 | ba2f 3520 | 0ffd 7f00 | 0041 803a | 000f 8440 | 0000 0050 
  0x00000138ac8db500: 488b c848 | 83ec 20f7 | c40f 0000 | 000f 841a | 0000 0048 | 83ec 0849 | bae0 2bd6 | 0efd 7f00 
  0x00000138ac8db520: 0041 ffd2 | 4883 c408 | e90d 0000 | 0049 bae0 | 2bd6 0efd | 7f00 0041 | ffd2 4883 | c420 58e9 
  0x00000138ac8db540: cd00 0000 | 5948 8b55 | e848 8b52 | 0848 8b52 | 0845 0fb7 | 4501 410f | c841 c1e8 | 10e8 0500 
  0x00000138ac8db560: 0000 e9aa | 0000 0048 | 8d44 2408 | 4c89 6dc0 | 498b cfc5 | f877 4989 | afa8 0200 | 0049 8987 
  0x00000138ac8db580: 9802 0000 | 4883 ec20 | f7c4 0f00 | 0000 0f84 | 1a00 0000 | 4883 ec08 | 49ba 002e | a00e fd7f 
  0x00000138ac8db5a0: 0000 41ff | d248 83c4 | 08e9 0d00 | 0000 49ba | 002e a00e | fd7f 0000 | 41ff d248 | 83c4 2049 
  0x00000138ac8db5c0: c787 9802 | 0000 0000 | 0000 49c7 | 87a8 0200 | 0000 0000 | 0049 c787 | a002 0000 | 0000 0000 
  0x00000138ac8db5e0: c5f8 7749 | 817f 0800 | 0000 000f | 8405 0000 | 00e9 0a59 | feff 498b | 87f0 0200 | 0049 c787 
  0x00000138ac8db600: f002 0000 | 0000 0000 | 4c8b 6dc0 | 4c8b 75c8 | c341 0fb6 | 5d03 4983 | c503 49ba | 909a 220f 
  0x00000138ac8db620: fd7f 0000 | 41ff 24da | 0000 0000 | 0000 0000 | 0000 0000 | 0000 0000 | 0000 0000 | 0000 0000 
[/MachCode]

---------------  P R O C E S S  ---------------

Threads class SMR info:
_java_thread_list=0x00000138bf0a8d50, length=15, elements={
0x00000138a1cb6c80, 0x00000138ba913230, 0x00000138ba905570, 0x00000138ba9622c0,
0x00000138baa8a000, 0x00000138baa8a5d0, 0x00000138baa8f2c0, 0x00000138baa907d0,
0x00000138baa915e0, 0x00000138baa94400, 0x00000138babf3490, 0x00000138bac11d70,
0x00000138bf0abf10, 0x00000138bf0b0b70, 0x00000138bf0b3b10
}

Java Threads: ( => current thread )
=>0x00000138a1cb6c80 JavaThread "main" [_thread_in_vm, id=11596, stack(0x0000001650f00000,0x0000001651000000)]
  0x00000138ba913230 JavaThread "Reference Handler" daemon [_thread_blocked, id=22964, stack(0x0000001651600000,0x0000001651700000)]
  0x00000138ba905570 JavaThread "Finalizer" daemon [_thread_blocked, id=9680, stack(0x0000001651700000,0x0000001651800000)]
  0x00000138ba9622c0 JavaThread "Signal Dispatcher" daemon [_thread_blocked, id=10436, stack(0x0000001651800000,0x0000001651900000)]
  0x00000138baa8a000 JavaThread "Attach Listener" daemon [_thread_blocked, id=5036, stack(0x0000001651900000,0x0000001651a00000)]
  0x00000138baa8a5d0 JavaThread "Service Thread" daemon [_thread_blocked, id=8104, stack(0x0000001651a00000,0x0000001651b00000)]
  0x00000138baa8f2c0 JavaThread "Monitor Deflation Thread" daemon [_thread_blocked, id=21216, stack(0x0000001651b00000,0x0000001651c00000)]
  0x00000138baa907d0 JavaThread "C2 CompilerThread0" daemon [_thread_blocked, id=19000, stack(0x0000001651c00000,0x0000001651d00000)]
  0x00000138baa915e0 JavaThread "C1 CompilerThread0" daemon [_thread_in_vm, id=24172, stack(0x0000001651d00000,0x0000001651e00000)]
  0x00000138baa94400 JavaThread "Sweeper thread" daemon [_thread_blocked, id=3156, stack(0x0000001651e00000,0x0000001651f00000)]
  0x00000138babf3490 JavaThread "Notification Thread" daemon [_thread_blocked, id=8320, stack(0x0000001651f00000,0x0000001652000000)]
  0x00000138bac11d70 JavaThread "Common-Cleaner" daemon [_thread_blocked, id=18736, stack(0x0000001652100000,0x0000001652200000)]
  0x00000138bf0abf10 JavaThread "Java2D Disposer" daemon [_thread_blocked, id=6420, stack(0x0000001652200000,0x0000001652300000)]
  0x00000138bf0b0b70 JavaThread "AWT-Shutdown" [_thread_blocked, id=26156, stack(0x0000001652300000,0x0000001652400000)]
  0x00000138bf0b3b10 JavaThread "AWT-Windows" daemon [_thread_in_native, id=16412, stack(0x0000001652400000,0x0000001652500000)]

Other Threads:
  0x00000138ba92e650 VMThread "VM Thread" [stack: 0x0000001651500000,0x0000001651600000] [id=14672]
  0x00000138babfd990 WatcherThread [stack: 0x0000001652000000,0x0000001652100000] [id=17796]
  0x00000138a1d023a0 GCTaskThread "GC Thread#0" [stack: 0x0000001651000000,0x0000001651100000] [id=2148]
  0x00000138a1d0f6d0 ConcurrentGCThread "G1 Main Marker" [stack: 0x0000001651100000,0x0000001651200000] [id=24248]
  0x00000138a1d100f0 ConcurrentGCThread "G1 Conc#0" [stack: 0x0000001651200000,0x0000001651300000] [id=12100]
  0x00000138a1d724d0 ConcurrentGCThread "G1 Refine#0" [stack: 0x0000001651300000,0x0000001651400000] [id=8148]
  0x00000138ba7810a0 ConcurrentGCThread "G1 Service" [stack: 0x0000001651400000,0x0000001651500000] [id=16004]

Threads with active compile tasks:
C1 CompilerThread0      452  446       3       java.lang.Class::cast (27 bytes)

VM state: not at safepoint (normal execution)

VM Mutex/Monitor currently owned by a thread:  ([mutex/lock_event])
[0x00000138a1cae740] Metaspace_lock - owner thread: 0x00000138a1cb6c80
[0x00000138a1cb1680] MethodData_lock - owner thread: 0x00000138baa915e0

Heap address: 0x00000000a1e00000, size: 1506 MB, Compressed Oops mode: 32-bit

CDS archive(s) not mapped
Compressed class space mapped at: 0x0000000100000000-0x0000000140000000, reserved size: 1073741824
Narrow klass base: 0x0000000000000000, Narrow klass shift: 3, Narrow klass range: 0x140000000

GC Precious Log:
 CPUs: 8 total, 8 available
 Memory: 6021M
 Large Page Support: Disabled
 NUMA Support: Disabled
 Compressed Oops: Enabled (32-bit)
 Heap Region Size: 1M
 Heap Min Capacity: 8M
 Heap Initial Capacity: 96M
 Heap Max Capacity: 1506M
 Pre-touch: Disabled
 Parallel Workers: 8
 Concurrent Workers: 2
 Concurrent Refinement Workers: 8
 Periodic GC: Disabled

Heap:
 garbage-first heap   total 98304K, used 4096K [0x00000000a1e00000, 0x0000000100000000)
  region size 1024K, 5 young (5120K), 0 survivors (0K)
 Metaspace       used 10097K, committed 10240K, reserved 1114112K
  class space    used 941K, committed 1024K, reserved 1048576K

Heap Regions: E=young(eden), S=young(survivor), O=old, HS=humongous(starts), HC=humongous(continues), CS=collection set, F=free, OA=open archive, CA=closed archive, TAMS=top-at-mark-start (previous, next)
|   0|0x00000000a1e00000, 0x00000000a1e00000, 0x00000000a1f00000|  0%| F|  |TAMS 0x00000000a1e00000, 0x00000000a1e00000| Untracked 
|   1|0x00000000a1f00000, 0x00000000a1f00000, 0x00000000a2000000|  0%| F|  |TAMS 0x00000000a1f00000, 0x00000000a1f00000| Untracked 
|   2|0x00000000a2000000, 0x00000000a2000000, 0x00000000a2100000|  0%| F|  |TAMS 0x00000000a2000000, 0x00000000a2000000| Untracked 
|   3|0x00000000a2100000, 0x00000000a2100000, 0x00000000a2200000|  0%| F|  |TAMS 0x00000000a2100000, 0x00000000a2100000| Untracked 
|   4|0x00000000a2200000, 0x00000000a2200000, 0x00000000a2300000|  0%| F|  |TAMS 0x00000000a2200000, 0x00000000a2200000| Untracked 
|   5|0x00000000a2300000, 0x00000000a2300000, 0x00000000a2400000|  0%| F|  |TAMS 0x00000000a2300000, 0x00000000a2300000| Untracked 
|   6|0x00000000a2400000, 0x00000000a2400000, 0x00000000a2500000|  0%| F|  |TAMS 0x00000000a2400000, 0x00000000a2400000| Untracked 
|   7|0x00000000a2500000, 0x00000000a2500000, 0x00000000a2600000|  0%| F|  |TAMS 0x00000000a2500000, 0x00000000a2500000| Untracked 
|   8|0x00000000a2600000, 0x00000000a2600000, 0x00000000a2700000|  0%| F|  |TAMS 0x00000000a2600000, 0x00000000a2600000| Untracked 
|   9|0x00000000a2700000, 0x00000000a2700000, 0x00000000a2800000|  0%| F|  |TAMS 0x00000000a2700000, 0x00000000a2700000| Untracked 
|  10|0x00000000a2800000, 0x00000000a2800000, 0x00000000a2900000|  0%| F|  |TAMS 0x00000000a2800000, 0x00000000a2800000| Untracked 
|  11|0x00000000a2900000, 0x00000000a2900000, 0x00000000a2a00000|  0%| F|  |TAMS 0x00000000a2900000, 0x00000000a2900000| Untracked 
|  12|0x00000000a2a00000, 0x00000000a2a00000, 0x00000000a2b00000|  0%| F|  |TAMS 0x00000000a2a00000, 0x00000000a2a00000| Untracked 
|  13|0x00000000a2b00000, 0x00000000a2b00000, 0x00000000a2c00000|  0%| F|  |TAMS 0x00000000a2b00000, 0x00000000a2b00000| Untracked 
|  14|0x00000000a2c00000, 0x00000000a2c00000, 0x00000000a2d00000|  0%| F|  |TAMS 0x00000000a2c00000, 0x00000000a2c00000| Untracked 
|  15|0x00000000a2d00000, 0x00000000a2d00000, 0x00000000a2e00000|  0%| F|  |TAMS 0x00000000a2d00000, 0x00000000a2d00000| Untracked 
|  16|0x00000000a2e00000, 0x00000000a2e00000, 0x00000000a2f00000|  0%| F|  |TAMS 0x00000000a2e00000, 0x00000000a2e00000| Untracked 
|  17|0x00000000a2f00000, 0x00000000a2f00000, 0x00000000a3000000|  0%| F|  |TAMS 0x00000000a2f00000, 0x00000000a2f00000| Untracked 
|  18|0x00000000a3000000, 0x00000000a3000000, 0x00000000a3100000|  0%| F|  |TAMS 0x00000000a3000000, 0x00000000a3000000| Untracked 
|  19|0x00000000a3100000, 0x00000000a3100000, 0x00000000a3200000|  0%| F|  |TAMS 0x00000000a3100000, 0x00000000a3100000| Untracked 
|  20|0x00000000a3200000, 0x00000000a3200000, 0x00000000a3300000|  0%| F|  |TAMS 0x00000000a3200000, 0x00000000a3200000| Untracked 
|  21|0x00000000a3300000, 0x00000000a3300000, 0x00000000a3400000|  0%| F|  |TAMS 0x00000000a3300000, 0x00000000a3300000| Untracked 
|  22|0x00000000a3400000, 0x00000000a3400000, 0x00000000a3500000|  0%| F|  |TAMS 0x00000000a3400000, 0x00000000a3400000| Untracked 
|  23|0x00000000a3500000, 0x00000000a3500000, 0x00000000a3600000|  0%| F|  |TAMS 0x00000000a3500000, 0x00000000a3500000| Untracked 
|  24|0x00000000a3600000, 0x00000000a3600000, 0x00000000a3700000|  0%| F|  |TAMS 0x00000000a3600000, 0x00000000a3600000| Untracked 
|  25|0x00000000a3700000, 0x00000000a3700000, 0x00000000a3800000|  0%| F|  |TAMS 0x00000000a3700000, 0x00000000a3700000| Untracked 
|  26|0x00000000a3800000, 0x00000000a3800000, 0x00000000a3900000|  0%| F|  |TAMS 0x00000000a3800000, 0x00000000a3800000| Untracked 
|  27|0x00000000a3900000, 0x00000000a3900000, 0x00000000a3a00000|  0%| F|  |TAMS 0x00000000a3900000, 0x00000000a3900000| Untracked 
|  28|0x00000000a3a00000, 0x00000000a3a00000, 0x00000000a3b00000|  0%| F|  |TAMS 0x00000000a3a00000, 0x00000000a3a00000| Untracked 
|  29|0x00000000a3b00000, 0x00000000a3b00000, 0x00000000a3c00000|  0%| F|  |TAMS 0x00000000a3b00000, 0x00000000a3b00000| Untracked 
|  30|0x00000000a3c00000, 0x00000000a3c00000, 0x00000000a3d00000|  0%| F|  |TAMS 0x00000000a3c00000, 0x00000000a3c00000| Untracked 
|  31|0x00000000a3d00000, 0x00000000a3d00000, 0x00000000a3e00000|  0%| F|  |TAMS 0x00000000a3d00000, 0x00000000a3d00000| Untracked 
|  32|0x00000000a3e00000, 0x00000000a3e00000, 0x00000000a3f00000|  0%| F|  |TAMS 0x00000000a3e00000, 0x00000000a3e00000| Untracked 
|  33|0x00000000a3f00000, 0x00000000a3f00000, 0x00000000a4000000|  0%| F|  |TAMS 0x00000000a3f00000, 0x00000000a3f00000| Untracked 
|  34|0x00000000a4000000, 0x00000000a4000000, 0x00000000a4100000|  0%| F|  |TAMS 0x00000000a4000000, 0x00000000a4000000| Untracked 
|  35|0x00000000a4100000, 0x00000000a4100000, 0x00000000a4200000|  0%| F|  |TAMS 0x00000000a4100000, 0x00000000a4100000| Untracked 
|  36|0x00000000a4200000, 0x00000000a4200000, 0x00000000a4300000|  0%| F|  |TAMS 0x00000000a4200000, 0x00000000a4200000| Untracked 
|  37|0x00000000a4300000, 0x00000000a4300000, 0x00000000a4400000|  0%| F|  |TAMS 0x00000000a4300000, 0x00000000a4300000| Untracked 
|  38|0x00000000a4400000, 0x00000000a4400000, 0x00000000a4500000|  0%| F|  |TAMS 0x00000000a4400000, 0x00000000a4400000| Untracked 
|  39|0x00000000a4500000, 0x00000000a4500000, 0x00000000a4600000|  0%| F|  |TAMS 0x00000000a4500000, 0x00000000a4500000| Untracked 
|  40|0x00000000a4600000, 0x00000000a4600000, 0x00000000a4700000|  0%| F|  |TAMS 0x00000000a4600000, 0x00000000a4600000| Untracked 
|  41|0x00000000a4700000, 0x00000000a4700000, 0x00000000a4800000|  0%| F|  |TAMS 0x00000000a4700000, 0x00000000a4700000| Untracked 
|  42|0x00000000a4800000, 0x00000000a4800000, 0x00000000a4900000|  0%| F|  |TAMS 0x00000000a4800000, 0x00000000a4800000| Untracked 
|  43|0x00000000a4900000, 0x00000000a4900000, 0x00000000a4a00000|  0%| F|  |TAMS 0x00000000a4900000, 0x00000000a4900000| Untracked 
|  44|0x00000000a4a00000, 0x00000000a4a00000, 0x00000000a4b00000|  0%| F|  |TAMS 0x00000000a4a00000, 0x00000000a4a00000| Untracked 
|  45|0x00000000a4b00000, 0x00000000a4b00000, 0x00000000a4c00000|  0%| F|  |TAMS 0x00000000a4b00000, 0x00000000a4b00000| Untracked 
|  46|0x00000000a4c00000, 0x00000000a4c00000, 0x00000000a4d00000|  0%| F|  |TAMS 0x00000000a4c00000, 0x00000000a4c00000| Untracked 
|  47|0x00000000a4d00000, 0x00000000a4d00000, 0x00000000a4e00000|  0%| F|  |TAMS 0x00000000a4d00000, 0x00000000a4d00000| Untracked 
|  48|0x00000000a4e00000, 0x00000000a4e00000, 0x00000000a4f00000|  0%| F|  |TAMS 0x00000000a4e00000, 0x00000000a4e00000| Untracked 
|  49|0x00000000a4f00000, 0x00000000a4f00000, 0x00000000a5000000|  0%| F|  |TAMS 0x00000000a4f00000, 0x00000000a4f00000| Untracked 
|  50|0x00000000a5000000, 0x00000000a5000000, 0x00000000a5100000|  0%| F|  |TAMS 0x00000000a5000000, 0x00000000a5000000| Untracked 
|  51|0x00000000a5100000, 0x00000000a5100000, 0x00000000a5200000|  0%| F|  |TAMS 0x00000000a5100000, 0x00000000a5100000| Untracked 
|  52|0x00000000a5200000, 0x00000000a5200000, 0x00000000a5300000|  0%| F|  |TAMS 0x00000000a5200000, 0x00000000a5200000| Untracked 
|  53|0x00000000a5300000, 0x00000000a5300000, 0x00000000a5400000|  0%| F|  |TAMS 0x00000000a5300000, 0x00000000a5300000| Untracked 
|  54|0x00000000a5400000, 0x00000000a5400000, 0x00000000a5500000|  0%| F|  |TAMS 0x00000000a5400000, 0x00000000a5400000| Untracked 
|  55|0x00000000a5500000, 0x00000000a5500000, 0x00000000a5600000|  0%| F|  |TAMS 0x00000000a5500000, 0x00000000a5500000| Untracked 
|  56|0x00000000a5600000, 0x00000000a5600000, 0x00000000a5700000|  0%| F|  |TAMS 0x00000000a5600000, 0x00000000a5600000| Untracked 
|  57|0x00000000a5700000, 0x00000000a5700000, 0x00000000a5800000|  0%| F|  |TAMS 0x00000000a5700000, 0x00000000a5700000| Untracked 
|  58|0x00000000a5800000, 0x00000000a5800000, 0x00000000a5900000|  0%| F|  |TAMS 0x00000000a5800000, 0x00000000a5800000| Untracked 
|  59|0x00000000a5900000, 0x00000000a5900000, 0x00000000a5a00000|  0%| F|  |TAMS 0x00000000a5900000, 0x00000000a5900000| Untracked 
|  60|0x00000000a5a00000, 0x00000000a5a00000, 0x00000000a5b00000|  0%| F|  |TAMS 0x00000000a5a00000, 0x00000000a5a00000| Untracked 
|  61|0x00000000a5b00000, 0x00000000a5b00000, 0x00000000a5c00000|  0%| F|  |TAMS 0x00000000a5b00000, 0x00000000a5b00000| Untracked 
|  62|0x00000000a5c00000, 0x00000000a5c00000, 0x00000000a5d00000|  0%| F|  |TAMS 0x00000000a5c00000, 0x00000000a5c00000| Untracked 
|  63|0x00000000a5d00000, 0x00000000a5d00000, 0x00000000a5e00000|  0%| F|  |TAMS 0x00000000a5d00000, 0x00000000a5d00000| Untracked 
|  64|0x00000000a5e00000, 0x00000000a5e00000, 0x00000000a5f00000|  0%| F|  |TAMS 0x00000000a5e00000, 0x00000000a5e00000| Untracked 
|  65|0x00000000a5f00000, 0x00000000a5f00000, 0x00000000a6000000|  0%| F|  |TAMS 0x00000000a5f00000, 0x00000000a5f00000| Untracked 
|  66|0x00000000a6000000, 0x00000000a6000000, 0x00000000a6100000|  0%| F|  |TAMS 0x00000000a6000000, 0x00000000a6000000| Untracked 
|  67|0x00000000a6100000, 0x00000000a6100000, 0x00000000a6200000|  0%| F|  |TAMS 0x00000000a6100000, 0x00000000a6100000| Untracked 
|  68|0x00000000a6200000, 0x00000000a6200000, 0x00000000a6300000|  0%| F|  |TAMS 0x00000000a6200000, 0x00000000a6200000| Untracked 
|  69|0x00000000a6300000, 0x00000000a6300000, 0x00000000a6400000|  0%| F|  |TAMS 0x00000000a6300000, 0x00000000a6300000| Untracked 
|  70|0x00000000a6400000, 0x00000000a6400000, 0x00000000a6500000|  0%| F|  |TAMS 0x00000000a6400000, 0x00000000a6400000| Untracked 
|  71|0x00000000a6500000, 0x00000000a6500000, 0x00000000a6600000|  0%| F|  |TAMS 0x00000000a6500000, 0x00000000a6500000| Untracked 
|  72|0x00000000a6600000, 0x00000000a6600000, 0x00000000a6700000|  0%| F|  |TAMS 0x00000000a6600000, 0x00000000a6600000| Untracked 
|  73|0x00000000a6700000, 0x00000000a6700000, 0x00000000a6800000|  0%| F|  |TAMS 0x00000000a6700000, 0x00000000a6700000| Untracked 
|  74|0x00000000a6800000, 0x00000000a6800000, 0x00000000a6900000|  0%| F|  |TAMS 0x00000000a6800000, 0x00000000a6800000| Untracked 
|  75|0x00000000a6900000, 0x00000000a6900000, 0x00000000a6a00000|  0%| F|  |TAMS 0x00000000a6900000, 0x00000000a6900000| Untracked 
|  76|0x00000000a6a00000, 0x00000000a6a00000, 0x00000000a6b00000|  0%| F|  |TAMS 0x00000000a6a00000, 0x00000000a6a00000| Untracked 
|  77|0x00000000a6b00000, 0x00000000a6b00000, 0x00000000a6c00000|  0%| F|  |TAMS 0x00000000a6b00000, 0x00000000a6b00000| Untracked 
|  78|0x00000000a6c00000, 0x00000000a6c00000, 0x00000000a6d00000|  0%| F|  |TAMS 0x00000000a6c00000, 0x00000000a6c00000| Untracked 
|  79|0x00000000a6d00000, 0x00000000a6d00000, 0x00000000a6e00000|  0%| F|  |TAMS 0x00000000a6d00000, 0x00000000a6d00000| Untracked 
|  80|0x00000000a6e00000, 0x00000000a6e00000, 0x00000000a6f00000|  0%| F|  |TAMS 0x00000000a6e00000, 0x00000000a6e00000| Untracked 
|  81|0x00000000a6f00000, 0x00000000a6f00000, 0x00000000a7000000|  0%| F|  |TAMS 0x00000000a6f00000, 0x00000000a6f00000| Untracked 
|  82|0x00000000a7000000, 0x00000000a7000000, 0x00000000a7100000|  0%| F|  |TAMS 0x00000000a7000000, 0x00000000a7000000| Untracked 
|  83|0x00000000a7100000, 0x00000000a7100000, 0x00000000a7200000|  0%| F|  |TAMS 0x00000000a7100000, 0x00000000a7100000| Untracked 
|  84|0x00000000a7200000, 0x00000000a7200000, 0x00000000a7300000|  0%| F|  |TAMS 0x00000000a7200000, 0x00000000a7200000| Untracked 
|  85|0x00000000a7300000, 0x00000000a7300000, 0x00000000a7400000|  0%| F|  |TAMS 0x00000000a7300000, 0x00000000a7300000| Untracked 
|  86|0x00000000a7400000, 0x00000000a7400000, 0x00000000a7500000|  0%| F|  |TAMS 0x00000000a7400000, 0x00000000a7400000| Untracked 
|  87|0x00000000a7500000, 0x00000000a7500000, 0x00000000a7600000|  0%| F|  |TAMS 0x00000000a7500000, 0x00000000a7500000| Untracked 
|  88|0x00000000a7600000, 0x00000000a7600000, 0x00000000a7700000|  0%| F|  |TAMS 0x00000000a7600000, 0x00000000a7600000| Untracked 
|  89|0x00000000a7700000, 0x00000000a7700000, 0x00000000a7800000|  0%| F|  |TAMS 0x00000000a7700000, 0x00000000a7700000| Untracked 
|  90|0x00000000a7800000, 0x00000000a7800000, 0x00000000a7900000|  0%| F|  |TAMS 0x00000000a7800000, 0x00000000a7800000| Untracked 
|  91|0x00000000a7900000, 0x00000000a7976638, 0x00000000a7a00000| 46%| E|  |TAMS 0x00000000a7900000, 0x00000000a7900000| Complete 
|  92|0x00000000a7a00000, 0x00000000a7b00000, 0x00000000a7b00000|100%| E|CS|TAMS 0x00000000a7a00000, 0x00000000a7a00000| Complete 
|  93|0x00000000a7b00000, 0x00000000a7c00000, 0x00000000a7c00000|100%| E|CS|TAMS 0x00000000a7b00000, 0x00000000a7b00000| Complete 
|  94|0x00000000a7c00000, 0x00000000a7d00000, 0x00000000a7d00000|100%| E|CS|TAMS 0x00000000a7c00000, 0x00000000a7c00000| Complete 
|  95|0x00000000a7d00000, 0x00000000a7e00000, 0x00000000a7e00000|100%| E|CS|TAMS 0x00000000a7d00000, 0x00000000a7d00000| Complete 

Card table byte_map: [0x00000138b49c0000,0x00000138b4cc0000] _byte_map_base: 0x00000138b44b1000

Marking Bits (Prev, Next): (CMBitMap*) 0x00000138a1d029c0, (CMBitMap*) 0x00000138a1d02a00
 Prev Bits: [0x00000138b4fc0000, 0x00000138b6748000)
 Next Bits: [0x00000138b6750000, 0x00000138b7ed8000)

Polling page: 0x000001389fc80000

Metaspace:

Usage:
  Non-class:      8.94 MB used.
      Class:    941.16 KB used.
       Both:      9.86 MB used.

Virtual space:
  Non-class space:       64.00 MB reserved,       9.00 MB ( 14%) committed,  1 nodes.
      Class space:        1.00 GB reserved,       1.00 MB ( <1%) committed,  1 nodes.
             Both:        1.06 GB reserved,      10.00 MB ( <1%) committed. 

Chunk freelists:
   Non-Class:  6.97 MB
       Class:  15.02 MB
        Both:  22.00 MB

MaxMetaspaceSize: unlimited
CompressedClassSpaceSize: 1.00 GB
Initial GC threshold: 21.00 MB
Current GC threshold: 21.00 MB
CDS: off
MetaspaceReclaimPolicy: balanced
 - commit_granule_bytes: 65536.
 - commit_granule_words: 8192.
 - virtual_space_node_default_size: 8388608.
 - enlarge_chunks_in_place: 1.
 - new_chunks_are_fully_committed: 0.
 - uncommit_free_chunks: 1.
 - use_allocation_guard: 0.
 - handle_deallocations: 1.


Internal statistics:

num_allocs_failed_limit: 0.
num_arena_births: 86.
num_arena_deaths: 0.
num_vsnodes_births: 2.
num_vsnodes_deaths: 0.
num_space_committed: 160.
num_space_uncommitted: 0.
num_chunks_returned_to_freelist: 0.
num_chunks_taken_from_freelist: 123.
num_chunk_merges: 0.
num_chunk_splits: 69.
num_chunks_enlarged: 33.
num_inconsistent_stats: 0.

CodeHeap 'non-profiled nmethods': size=120000Kb used=118Kb max_used=118Kb free=119881Kb
 bounds [0x00000138ace60000, 0x00000138ad0d0000, 0x00000138b4390000]
CodeHeap 'profiled nmethods': size=120000Kb used=656Kb max_used=656Kb free=119343Kb
 bounds [0x00000138a5390000, 0x00000138a5600000, 0x00000138ac8c0000]
CodeHeap 'non-nmethods': size=5760Kb used=1179Kb max_used=1193Kb free=4580Kb
 bounds [0x00000138ac8c0000, 0x00000138acb30000, 0x00000138ace60000]
 total_blobs=924 nmethods=444 adapters=393
 compilation: enabled
              stopped_count=0, restarted_count=0
 full_count=0

Compilation events (20 events):
Event: 0.421 Thread 0x00000138baa915e0 nmethod 432 0x00000138a542c610 code [0x00000138a542c800, 0x00000138a542ccc8]
Event: 0.421 Thread 0x00000138baa915e0  434       3       java.lang.invoke.LambdaFormEditor$TransformKey::bval (26 bytes)
Event: 0.421 Thread 0x00000138baa915e0 nmethod 434 0x00000138a542ce90 code [0x00000138a542d020, 0x00000138a542d118]
Event: 0.421 Thread 0x00000138baa915e0  435       3       java.lang.invoke.MemberName::isMethod (8 bytes)
Event: 0.422 Thread 0x00000138baa915e0 nmethod 435 0x00000138a542d190 code [0x00000138a542d340, 0x00000138a542d578]
Event: 0.422 Thread 0x00000138baa915e0  436       3       java.lang.invoke.DirectMethodHandle::<init> (148 bytes)
Event: 0.423 Thread 0x00000138baa915e0 nmethod 436 0x00000138a542d690 code [0x00000138a542d940, 0x00000138a542e888]
Event: 0.423 Thread 0x00000138baa915e0  437       3       jdk.internal.org.objectweb.asm.ClassReader::readUtf (161 bytes)
Event: 0.423 Thread 0x00000138baa915e0 nmethod 437 0x00000138a542ed90 code [0x00000138a542ef60, 0x00000138a542f3c8]
Event: 0.423 Thread 0x00000138baa915e0  441       3       jdk.internal.org.objectweb.asm.MethodWriter::endCurrentBasicBlockWithNoSuccessor (94 bytes)
Event: 0.423 Thread 0x00000138baa907d0  442       4       java.lang.ref.Reference::reachabilityFence (1 bytes)
Event: 0.423 Thread 0x00000138baa915e0 nmethod 441 0x00000138a542f690 code [0x00000138a542f880, 0x00000138a542fee8]
Event: 0.423 Thread 0x00000138baa907d0 nmethod 442 0x00000138ace7d710 code [0x00000138ace7d880, 0x00000138ace7d8d8]
Event: 0.423 Thread 0x00000138baa915e0  440       3       jdk.internal.org.objectweb.asm.MethodWriter::visitCode (1 bytes)
Event: 0.423 Thread 0x00000138baa915e0 nmethod 440 0x00000138a5430110 code [0x00000138a54302a0, 0x00000138a54303b8]
Event: 0.423 Thread 0x00000138baa915e0  438       3       java.lang.invoke.MethodHandleNatives::refKindIsMethod (19 bytes)
Event: 0.424 Thread 0x00000138baa915e0 nmethod 438 0x00000138a5430490 code [0x00000138a5430640, 0x00000138a5430898]
Event: 0.424 Thread 0x00000138baa915e0  443       3       jdk.internal.org.objectweb.asm.MethodWriter::visitLabel (328 bytes)
Event: 0.424 Thread 0x00000138baa915e0 nmethod 443 0x00000138a5430990 code [0x00000138a5430c00, 0x00000138a5431968]
Event: 0.424 Thread 0x00000138baa915e0  445       3       java.lang.invoke.MethodHandles$Lookup::in (283 bytes)

GC Heap History (0 events):
No events

Dll operation events (6 events):
Event: 0.010 Loaded shared library C:\Users\Admin\.p2\pool\plugins\org.eclipse.justj.openjdk.hotspot.jre.full.win32.x86_64_17.0.9.v20231028-0858\jre\bin\java.dll
Event: 0.142 Loaded shared library C:\Users\Admin\.p2\pool\plugins\org.eclipse.justj.openjdk.hotspot.jre.full.win32.x86_64_17.0.9.v20231028-0858\jre\bin\jimage.dll
Event: 0.155 Loaded shared library C:\Users\Admin\.p2\pool\plugins\org.eclipse.justj.openjdk.hotspot.jre.full.win32.x86_64_17.0.9.v20231028-0858\jre\bin\net.dll
Event: 0.159 Loaded shared library C:\Users\Admin\.p2\pool\plugins\org.eclipse.justj.openjdk.hotspot.jre.full.win32.x86_64_17.0.9.v20231028-0858\jre\bin\nio.dll
Event: 0.164 Loaded shared library C:\Users\Admin\.p2\pool\plugins\org.eclipse.justj.openjdk.hotspot.jre.full.win32.x86_64_17.0.9.v20231028-0858\jre\bin\zip.dll
Event: 0.203 Loaded shared library C:\Users\Admin\.p2\pool\plugins\org.eclipse.justj.openjdk.hotspot.jre.full.win32.x86_64_17.0.9.v20231028-0858\jre\bin\awt.dll

Deoptimization events (0 events):
No events

Classes unloaded (0 events):
No events

Classes redefined (0 events):
No events

Internal exceptions (8 events):
Event: 0.191 Thread 0x00000138a1cb6c80 Exception <a 'java/lang/ClassNotFoundException'{0x00000000a7c744c0}: sun/awt/resources/spi/awtProvider> (0x00000000a7c744c0) 
thrown [s\src\hotspot\share\classfile\systemDictionary.cpp, line 256]
Event: 0.225 Thread 0x00000138a1cb6c80 Exception <a 'java/io/FileNotFoundException'{0x00000000a7cce200}> (0x00000000a7cce200) 
thrown [s\src\hotspot\share\prims\jni.cpp, line 516]
Event: 0.232 Thread 0x00000138a1cb6c80 Exception <a 'java/io/FileNotFoundException'{0x00000000a7cfb398}> (0x00000000a7cfb398) 
thrown [s\src\hotspot\share\prims\jni.cpp, line 516]
Event: 0.287 Thread 0x00000138a1cb6c80 Exception <a 'java/lang/NoSuchMethodError'{0x00000000a7b4c620}: 'java.lang.Object java.lang.invoke.DirectMethodHandle$Holder.invokeStaticInit(java.lang.Object)'> (0x00000000a7b4c620) 
thrown [s\src\hotspot\share\interpreter\linkResolver.cpp, line 759]
Event: 0.390 Thread 0x00000138a1cb6c80 Exception <a 'java/lang/NoSuchMethodError'{0x00000000a7a0d6b8}: 'void java.lang.invoke.DirectMethodHandle$Holder.invokeSpecial(java.lang.Object, java.lang.Object, java.lang.Object)'> (0x00000000a7a0d6b8) 
thrown [s\src\hotspot\share\interpreter\linkResolver.cpp, line 759]
Event: 0.398 Thread 0x00000138a1cb6c80 Exception <a 'java/lang/NoSuchMethodError'{0x00000000a7a378e0}: 'java.lang.Object java.lang.invoke.DirectMethodHandle$Holder.newInvokeSpecial(java.lang.Object, java.lang.Object, java.lang.Object, java.lang.Object, java.lang.Object)'> (0x00000000a7a378e0) 
thrown [s\src\hotspot\share\interpreter\linkResolver.cpp, line 759]
Event: 0.399 Thread 0x00000138a1cb6c80 Exception <a 'java/lang/NoSuchMethodError'{0x00000000a7a432a8}: 'java.lang.Object java.lang.invoke.DirectMethodHandle$Holder.invokeStatic(java.lang.Object, int, java.lang.Object, java.lang.Object, java.lang.Object, java.lang.Object)'> (0x00000000a7a432a8) 
thrown [s\src\hotspot\share\interpreter\linkResolver.cpp, line 759]
Event: 0.404 Thread 0x00000138a1cb6c80 Exception <a 'java/lang/NoSuchMethodError'{0x00000000a7a68a68}: 'java.lang.Object java.lang.invoke.DirectMethodHandle$Holder.invokeStatic(java.lang.Object, int, java.lang.Object)'> (0x00000000a7a68a68) 
thrown [s\src\hotspot\share\interpreter\linkResolver.cpp, line 759]

VM Operations (0 events):
No events

Events (20 events):
Event: 0.396 loading class javax/swing/plaf/InsetsUIResource done
Event: 0.397 loading class javax/swing/plaf/BorderUIResource$EmptyBorderUIResource
Event: 0.397 loading class javax/swing/border/EmptyBorder
Event: 0.397 loading class javax/swing/border/AbstractBorder
Event: 0.398 loading class javax/swing/border/Border
Event: 0.398 loading class javax/swing/border/Border done
Event: 0.398 loading class javax/swing/border/AbstractBorder done
Event: 0.398 loading class javax/swing/border/EmptyBorder done
Event: 0.398 loading class javax/swing/plaf/BorderUIResource$EmptyBorderUIResource done
Event: 0.401 loading class javax/swing/plaf/basic/BasicLookAndFeel$2
Event: 0.401 loading class javax/swing/plaf/basic/BasicLookAndFeel$2 done
Event: 0.403 loading class javax/swing/plaf/DimensionUIResource
Event: 0.403 loading class javax/swing/plaf/DimensionUIResource done
Event: 0.407 loading class javax/swing/UIDefaults$LazyInputMap
Event: 0.407 loading class javax/swing/UIDefaults$LazyInputMap done
Event: 0.409 loading class java/lang/Character$CharacterCache
Event: 0.409 loading class java/lang/Character$CharacterCache done
Event: 0.413 loading class javax/swing/plaf/metal/MetalLookAndFeel$FontActiveValue
Event: 0.413 loading class javax/swing/plaf/metal/MetalLookAndFeel$FontActiveValue done
Event: 0.425 loading class javax/swing/plaf/metal/MetalLookAndFeel$AATextListener


Dynamic libraries:
0x00007ff627a80000 - 0x00007ff627a8e000 	C:\Users\Admin\.p2\pool\plugins\org.eclipse.justj.openjdk.hotspot.jre.full.win32.x86_64_17.0.9.v20231028-0858\jre\bin\javaw.exe
0x00007ffd4fc70000 - 0x00007ffd4fe68000 	C:\Windows\SYSTEM32\ntdll.dll
0x00007ffd4e420000 - 0x00007ffd4e4dd000 	C:\Windows\System32\KERNEL32.DLL
0x00007ffd4d460000 - 0x00007ffd4d756000 	C:\Windows\System32\KERNELBASE.dll
0x00007ffd4d890000 - 0x00007ffd4d990000 	C:\Windows\System32\ucrtbase.dll
0x00007ffd3e390000 - 0x00007ffd3e3ab000 	C:\Users\Admin\.p2\pool\plugins\org.eclipse.justj.openjdk.hotspot.jre.full.win32.x86_64_17.0.9.v20231028-0858\jre\bin\VCRUNTIME140.dll
0x00007ffd3e8b0000 - 0x00007ffd3e8c7000 	C:\Users\Admin\.p2\pool\plugins\org.eclipse.justj.openjdk.hotspot.jre.full.win32.x86_64_17.0.9.v20231028-0858\jre\bin\jli.dll
0x00007ffd4f610000 - 0x00007ffd4f7ae000 	C:\Windows\System32\USER32.dll
0x00007ffd45d40000 - 0x00007ffd45fda000 	C:\Windows\WinSxS\amd64_microsoft.windows.common-controls_6595b64144ccf1df_6.0.19041.3636_none_60b6a03d71f818d5\COMCTL32.dll
0x00007ffd4d380000 - 0x00007ffd4d3a2000 	C:\Windows\System32\win32u.dll
0x00007ffd4e4f0000 - 0x00007ffd4e58e000 	C:\Windows\System32\msvcrt.dll
0x00007ffd4eef0000 - 0x00007ffd4ef1c000 	C:\Windows\System32\GDI32.dll
0x00007ffd4db40000 - 0x00007ffd4dc5a000 	C:\Windows\System32\gdi32full.dll
0x00007ffd4d760000 - 0x00007ffd4d7fd000 	C:\Windows\System32\msvcp_win.dll
0x00007ffd4f560000 - 0x00007ffd4f590000 	C:\Windows\System32\IMM32.DLL
0x00007ffd47780000 - 0x00007ffd4778c000 	C:\Users\Admin\.p2\pool\plugins\org.eclipse.justj.openjdk.hotspot.jre.full.win32.x86_64_17.0.9.v20231028-0858\jre\bin\vcruntime140_1.dll
0x00007ffd2e5b0000 - 0x00007ffd2e63d000 	C:\Users\Admin\.p2\pool\plugins\org.eclipse.justj.openjdk.hotspot.jre.full.win32.x86_64_17.0.9.v20231028-0858\jre\bin\msvcp140.dll
0x00007ffd0e680000 - 0x00007ffd0f2e1000 	C:\Users\Admin\.p2\pool\plugins\org.eclipse.justj.openjdk.hotspot.jre.full.win32.x86_64_17.0.9.v20231028-0858\jre\bin\server\jvm.dll
0x00007ffd4e880000 - 0x00007ffd4e92f000 	C:\Windows\System32\ADVAPI32.dll
0x00007ffd4e930000 - 0x00007ffd4e9cc000 	C:\Windows\System32\sechost.dll
0x00007ffd4ef80000 - 0x00007ffd4f0a6000 	C:\Windows\System32\RPCRT4.dll
0x00007ffd38b70000 - 0x00007ffd38b97000 	C:\Windows\SYSTEM32\WINMM.dll
0x00007ffd4d1b0000 - 0x00007ffd4d1fb000 	C:\Windows\SYSTEM32\POWRPROF.dll
0x00007ffd3e380000 - 0x00007ffd3e389000 	C:\Windows\SYSTEM32\WSOCK32.dll
0x00007ffd44bc0000 - 0x00007ffd44bca000 	C:\Windows\SYSTEM32\VERSION.dll
0x00007ffd4ed50000 - 0x00007ffd4edbb000 	C:\Windows\System32\WS2_32.dll
0x00007ffd4d190000 - 0x00007ffd4d1a2000 	C:\Windows\SYSTEM32\UMPDC.dll
0x00007ffd4b210000 - 0x00007ffd4b222000 	C:\Windows\SYSTEM32\kernel.appcore.dll
0x00007ffd3e190000 - 0x00007ffd3e19a000 	C:\Users\Admin\.p2\pool\plugins\org.eclipse.justj.openjdk.hotspot.jre.full.win32.x86_64_17.0.9.v20231028-0858\jre\bin\jimage.dll
0x00007ffd41980000 - 0x00007ffd41b64000 	C:\Windows\SYSTEM32\DBGHELP.DLL
0x00007ffd3c660000 - 0x00007ffd3c694000 	C:\Windows\SYSTEM32\dbgcore.DLL
0x00007ffd4d800000 - 0x00007ffd4d882000 	C:\Windows\System32\bcryptPrimitives.dll
0x00007ffd3e080000 - 0x00007ffd3e0a5000 	C:\Users\Admin\.p2\pool\plugins\org.eclipse.justj.openjdk.hotspot.jre.full.win32.x86_64_17.0.9.v20231028-0858\jre\bin\java.dll
0x00007ffd3e010000 - 0x00007ffd3e028000 	C:\Users\Admin\.p2\pool\plugins\org.eclipse.justj.openjdk.hotspot.jre.full.win32.x86_64_17.0.9.v20231028-0858\jre\bin\zip.dll
0x00007ffd4dcd0000 - 0x00007ffd4e415000 	C:\Windows\System32\SHELL32.dll
0x00007ffd4b410000 - 0x00007ffd4bbab000 	C:\Windows\SYSTEM32\windows.storage.dll
0x00007ffd4f0d0000 - 0x00007ffd4f424000 	C:\Windows\System32\combase.dll
0x00007ffd4ccc0000 - 0x00007ffd4cced000 	C:\Windows\SYSTEM32\Wldp.dll
0x00007ffd4eca0000 - 0x00007ffd4ed4d000 	C:\Windows\System32\SHCORE.dll
0x00007ffd4eb90000 - 0x00007ffd4ebe5000 	C:\Windows\System32\shlwapi.dll
0x00007ffd4d280000 - 0x00007ffd4d2a5000 	C:\Windows\SYSTEM32\profapi.dll
0x00007ffd3db80000 - 0x00007ffd3db99000 	C:\Users\Admin\.p2\pool\plugins\org.eclipse.justj.openjdk.hotspot.jre.full.win32.x86_64_17.0.9.v20231028-0858\jre\bin\net.dll
0x00007ffd456a0000 - 0x00007ffd457aa000 	C:\Windows\SYSTEM32\WINHTTP.dll
0x00007ffd4ca20000 - 0x00007ffd4ca8a000 	C:\Windows\system32\mswsock.dll
0x00007ffd3c2e0000 - 0x00007ffd3c2f6000 	C:\Users\Admin\.p2\pool\plugins\org.eclipse.justj.openjdk.hotspot.jre.full.win32.x86_64_17.0.9.v20231028-0858\jre\bin\nio.dll
0x00007ffd18ba0000 - 0x00007ffd18d30000 	C:\Users\Admin\.p2\pool\plugins\org.eclipse.justj.openjdk.hotspot.jre.full.win32.x86_64_17.0.9.v20231028-0858\jre\bin\awt.dll
0x00007ffd4f490000 - 0x00007ffd4f55d000 	C:\Windows\System32\OLEAUT32.dll
0x00007ffd4ac90000 - 0x00007ffd4ad20000 	C:\Windows\SYSTEM32\apphelp.dll
0x00007ffd4af20000 - 0x00007ffd4af4f000 	C:\Windows\system32\DWMAPI.DLL
0x00007ffd4ad40000 - 0x00007ffd4adde000 	C:\Windows\system32\uxtheme.dll
0x00007ffce07b0000 - 0x00007ffce08d5000 	C:\Windows\system32\opengl32.dll
0x00007ffd28570000 - 0x00007ffd2859c000 	C:\Windows\SYSTEM32\GLU32.dll
0x00007ffd4e620000 - 0x00007ffd4e734000 	C:\Windows\System32\MSCTF.dll
0x00007ffd4edc0000 - 0x00007ffd4eeeb000 	C:\Windows\System32\ole32.dll
0x00007ffd47c50000 - 0x00007ffd47e1d000 	C:\Windows\system32\d3d9.dll
0x00007ffd38ba0000 - 0x00007ffd38d78000 	C:\Windows\System32\DriverStore\FileRepository\u0356148.inf_amd64_49a476cb3d4116cb\B355990\aticfx64.dll
0x00007ffd3be30000 - 0x00007ffd3be61000 	C:\Windows\System32\DriverStore\FileRepository\u0356148.inf_amd64_49a476cb3d4116cb\B355990\atiu9p64.dll
0x00007ffcfbe60000 - 0x00007ffcfcaca000 	C:\Windows\System32\DriverStore\FileRepository\u0356148.inf_amd64_49a476cb3d4116cb\B355990\atiumd64.dll
0x00007ffd36ac0000 - 0x00007ffd36aee000 	C:\Windows\SYSTEM32\amdihk64.dll
0x00007ffd38d80000 - 0x00007ffd38dbb000 	C:\Windows\SYSTEM32\dxcore.dll
0x00007ffd4daf0000 - 0x00007ffd4db3e000 	C:\Windows\System32\cfgmgr32.dll

dbghelp: loaded successfully - version: 4.0.5 - missing functions: none
symbol engine: initialized successfully - sym options: 0x614 - pdb path: .;C:\Users\Admin\.p2\pool\plugins\org.eclipse.justj.openjdk.hotspot.jre.full.win32.x86_64_17.0.9.v20231028-0858\jre\bin;C:\Windows\SYSTEM32;C:\Windows\WinSxS\amd64_microsoft.windows.common-controls_6595b64144ccf1df_6.0.19041.3636_none_60b6a03d71f818d5;C:\Users\Admin\.p2\pool\plugins\org.eclipse.justj.openjdk.hotspot.jre.full.win32.x86_64_17.0.9.v20231028-0858\jre\bin\server;C:\Windows\System32\DriverStore\FileRepository\u0356148.inf_amd64_49a476cb3d4116cb\B355990

VM Arguments:
jvm_args: -Dfile.encoding=UTF-8 -Dstdout.encoding=UTF-8 -Dstderr.encoding=UTF-8 -XX:+ShowCodeDetailsInExceptionMessages 
java_command: atm_system.main_class
java_class_path (initial): E:\NIIT\java\Bank_Management_System\bin;C:\Users\Admin\Downloads\jcalendar-tz-1.3.3-4.jar;C:\Users\Admin\Downloads\mysql-connector-java-8.0.28.jar
Launcher Type: SUN_STANDARD

[Global flags]
     intx CICompilerCount                          = 4                                         {product} {ergonomic}
     uint ConcGCThreads                            = 2                                         {product} {ergonomic}
     uint G1ConcRefinementThreads                  = 8                                         {product} {ergonomic}
   size_t G1HeapRegionSize                         = 1048576                                   {product} {ergonomic}
    uintx GCDrainStackTargetSize                   = 64                                        {product} {ergonomic}
   size_t InitialHeapSize                          = 100663296                                 {product} {ergonomic}
   size_t MarkStackSize                            = 4194304                                   {product} {ergonomic}
   size_t MaxHeapSize                              = 1579155456                                {product} {ergonomic}
   size_t MaxNewSize                               = 946864128                                 {product} {ergonomic}
   size_t MinHeapDeltaBytes                        = 1048576                                   {product} {ergonomic}
   size_t MinHeapSize                              = 8388608                                   {product} {ergonomic}
    uintx NonNMethodCodeHeapSize                   = 5839372                                {pd product} {ergonomic}
    uintx NonProfiledCodeHeapSize                  = 122909434                              {pd product} {ergonomic}
    uintx ProfiledCodeHeapSize                     = 122909434                              {pd product} {ergonomic}
    uintx ReservedCodeCacheSize                    = 251658240                              {pd product} {ergonomic}
     bool SegmentedCodeCache                       = true                                      {product} {ergonomic}
     bool ShowCodeDetailsInExceptionMessages       = true                                   {manageable} {command line}
   size_t SoftMaxHeapSize                          = 1579155456                             {manageable} {ergonomic}
     bool UseCompressedClassPointers               = true                           {product lp64_product} {ergonomic}
     bool UseCompressedOops                        = true                           {product lp64_product} {ergonomic}
     bool UseG1GC                                  = true                                      {product} {ergonomic}
     bool UseLargePagesIndividualAllocation        = false                                  {pd product} {ergonomic}

Logging:
Log output configuration:
 #0: stdout all=warning uptime,level,tags
 #1: stderr all=off uptime,level,tags

Environment Variables:
JAVA_HOME=C:\Program Files\Java\jdk1.8.0_291
PATH=C:/Users/Admin/.p2/pool/plugins/org.eclipse.justj.openjdk.hotspot.jre.full.win32.x86_64_17.0.9.v20231028-0858/jre/bin/server;C:/Users/Admin/.p2/pool/plugins/org.eclipse.justj.openjdk.hotspot.jre.full.win32.x86_64_17.0.9.v20231028-0858/jre/bin;C:\Windows\system32;C:\Windows;C:\Windows\System32\Wbem;C:\Windows\System32\WindowsPowerShell\v1.0\;C:\Windows\System32\OpenSSH\;C:\Program Files\Java\jdk1.8.0_291\bin;C:\Program Files\Microsoft VS Code\bin;%NVM_HOME%;%NVM_SYMLINK%;C:\Users\Admin\AppData\Local\Programs\Python\Python310\Scripts\;C:\Users\Admin\AppData\Local\Programs\Python\Python310\;C:\Program Files\MySQL\MySQL Shell 8.0\bin\;C:\Users\Admin\AppData\Local\Microsoft\WindowsApps;C:\Users\Admin\AppData\Local\GitHubDesktop\bin;C:\Users\Admin\AppData\Roaming\npm;C:\Users\Admin\AppData\Roaming\nvm;C:\Program Files\nodejs;C:\Users\Admin\OneDrive\Desktop;
USERNAME=Admin
OS=Windows_NT
PROCESSOR_IDENTIFIER=AMD64 Family 23 Model 24 Stepping 1, AuthenticAMD
TMP=C:\Users\Admin\AppData\Local\Temp
TEMP=C:\Users\Admin\AppData\Local\Temp



Periodic native trim disabled


---------------  S Y S T E M  ---------------

OS:
 Windows 10 , 64 bit Build 19041 (10.0.19041.3636)
OS uptime: 21 days 21:58 hours

CPU: total 8 (initial active 8) (8 cores per cpu, 2 threads per core) family 23 model 24 stepping 1 microcode 0x0, cx8, cmov, fxsr, ht, mmx, 3dnowpref, sse, sse2, sse3, ssse3, sse4a, sse4.1, sse4.2, popcnt, lzcnt, tsc, tscinvbit, avx, avx2, aes, clmul, bmi1, bmi2, adx, sha, fma, vzeroupper, clflush, clflushopt
Processor Information for all 8 processors :
  Max Mhz: 2100, Current Mhz: 2100, Mhz Limit: 2100

Memory: 4k page, system-wide physical 6021M (360M free)
TotalPageFile size 24453M (AvailPageFile size 4M)
current process WorkingSet (physical memory assigned to process): 53M, peak: 53M
current process commit charge ("private bytes"): 184M, peak: 186M

vm_info: OpenJDK 64-Bit Server VM (17.0.9+9) for windows-amd64 JRE (17.0.9+9), built on Oct 26 2023 14:01:42 by "admin" with MS VC++ 16.10 / 16.11 (VS2019)

END.
